Removed Pin From Net: NetName=NetBH3_1 Pin=BH1-8
Removed Pin From Net: NetName=NetBH3_2 Pin=BH1-9
Removed Pin From Net: NetName=NetBH3_3 Pin=BH1-10
Removed Pin From Net: NetName=NetBH3_4 Pin=BH1-11
Removed Pin From Net: NetName=NetBH3_5 Pin=BH1-12
Removed Pin From Net: NetName=NetBH3_6 Pin=BH1-13
Removed Pin From Net: NetName=+3.3 Pin=BH2-9
Removed Pin From Net: NetName=NetBH1_10 Pin=BH2-10
Removed Pin From Net: NetName=GND Pin=BH2-12
Removed Member From Class: ClassName=in b2 Member=C8
Removed Member From Class: ClassName=in b5 Member=C11
Removed Member From Class: ClassName=in b4 Member=C15
Removed Member From Class: ClassName=U_янцкюянбюмхе Member=C16
Removed Member From Class: ClassName=U_янцкюянбюмхе Member=C17
Removed Member From Class: ClassName=in b3 Member=DD8
Removed Member From Class: ClassName=in b2 Member=DD9
Removed Member From Class: ClassName=in b6 Member=DD12
Removed Member From Class: ClassName=U_янцкюянбюмхе Member=DD12
Removed Member From Class: ClassName=in b6 Member=R45
Removed Member From Class: ClassName=in b6 Member=R49
Removed Member From Class: ClassName=in b5 Member=R59
Removed Member From Class: ClassName=in b5 Member=R60
Removed Member From Class: ClassName=in b5 Member=R61
Removed Member From Class: ClassName=in b6 Member=R65
Removed Member From Class: ClassName=U_пеке5 Member=VT4
Removed Member From Class: ClassName=янед Member=XH6
Removed Member From Class: ClassName=U_янцкюянбюмхе Member=XH8
Change Component Designator: OldDesignator=BH1 NewDesignator=BH3
Change Component Designator: OldDesignator=BH3 NewDesignator=BH2
Change Component Designator: OldDesignator=C1 NewDesignator=C1_in b1
Change Component Designator: OldDesignator=C2 NewDesignator=C1_in b6
Change Component Designator: OldDesignator=C3 NewDesignator=C1_in b5
Change Component Designator: OldDesignator=C4 NewDesignator=C1_in b4
Change Component Designator: OldDesignator=C5 NewDesignator=C1_in b3
Change Component Designator: OldDesignator=C6 NewDesignator=C1_in b2
Change Component Designator: OldDesignator=C7 NewDesignator=C3
Change Component Designator: OldDesignator=C8 NewDesignator=C6
Change Component Designator: OldDesignator=C9 NewDesignator=C2
Change Component Designator: OldDesignator=C10 NewDesignator=C5
Change Component Designator: OldDesignator=C11 NewDesignator=C7
Change Component Designator: OldDesignator=C12 NewDesignator=C8
Change Component Designator: OldDesignator=C13 NewDesignator=C9
Change Component Designator: OldDesignator=C14 NewDesignator=C11
Change Component Designator: OldDesignator=C15 NewDesignator=C4
Change Component Designator: OldDesignator=C16 NewDesignator=C10
Change Component Designator: OldDesignator=C17 NewDesignator=C12
Change Component Designator: OldDesignator=DD1 NewDesignator=DD1_in b1
Change Component Designator: OldDesignator=DD2 NewDesignator=DD1_in b6
Change Component Designator: OldDesignator=DD3 NewDesignator=DD1_in b5
Change Component Designator: OldDesignator=DD4 NewDesignator=DD1_in b4
Change Component Designator: OldDesignator=DD5 NewDesignator=DD1_in b3
Change Component Designator: OldDesignator=DD6 NewDesignator=DD1_in b2
Change Component Designator: OldDesignator=DD7 NewDesignator=DD2
Change Component Designator: OldDesignator=DD8 NewDesignator=DD5
Change Component Designator: OldDesignator=DD9 NewDesignator=DD6
Change Component Designator: OldDesignator=DD10 NewDesignator=DD4
Change Component Designator: OldDesignator=DD11 NewDesignator=DD3
Change Component Designator: OldDesignator=DD12 NewDesignator=DD7
Change Component Designator: OldDesignator=K1 NewDesignator=K1_U_пеке5
Change Component Designator: OldDesignator=K2 NewDesignator=K1_U_пеке1
Change Component Designator: OldDesignator=K3 NewDesignator=K1_U_пеке4
Change Component Designator: OldDesignator=K4 NewDesignator=K1_U_пеке3
Change Component Designator: OldDesignator=K5 NewDesignator=K1_U_пеке8
Change Component Designator: OldDesignator=K6 NewDesignator=K1_U_пеке7
Change Component Designator: OldDesignator=K7 NewDesignator=K1_U_пеке6
Change Component Designator: OldDesignator=K8 NewDesignator=K1_U_пеке2
Change Component Designator: OldDesignator=R1 NewDesignator=R21_U_пеке5
Change Component Designator: OldDesignator=R2 NewDesignator=R22_U_пеке5
Change Component Designator: OldDesignator=R3 NewDesignator=R1_in b1
Change Component Designator: OldDesignator=R4 NewDesignator=R2_in b1
Change Component Designator: OldDesignator=R5 NewDesignator=R3_in b1
Change Component Designator: OldDesignator=R6 NewDesignator=R4_in b1
Change Component Designator: OldDesignator=R7 NewDesignator=R5_in b1
Change Component Designator: OldDesignator=R8 NewDesignator=R6_in b1
Change Component Designator: OldDesignator=R9 NewDesignator=R1_in b6
Change Component Designator: OldDesignator=R10 NewDesignator=R2_in b6
Change Component Designator: OldDesignator=R11 NewDesignator=R3_in b6
Change Component Designator: OldDesignator=R12 NewDesignator=R4_in b6
Change Component Designator: OldDesignator=R13 NewDesignator=R5_in b6
Change Component Designator: OldDesignator=R14 NewDesignator=R6_in b6
Change Component Designator: OldDesignator=R15 NewDesignator=R1_in b5
Change Component Designator: OldDesignator=R16 NewDesignator=R2_in b5
Change Component Designator: OldDesignator=R17 NewDesignator=R3_in b5
Change Component Designator: OldDesignator=R18 NewDesignator=R4_in b5
Change Component Designator: OldDesignator=R19 NewDesignator=R5_in b5
Change Component Designator: OldDesignator=R20 NewDesignator=R6_in b5
Change Component Designator: OldDesignator=R21 NewDesignator=R1_in b4
Change Component Designator: OldDesignator=R22 NewDesignator=R2_in b4
Change Component Designator: OldDesignator=R23 NewDesignator=R3_in b4
Change Component Designator: OldDesignator=R24 NewDesignator=R4_in b4
Change Component Designator: OldDesignator=R25 NewDesignator=R5_in b4
Change Component Designator: OldDesignator=R26 NewDesignator=R6_in b4
Change Component Designator: OldDesignator=R27 NewDesignator=R1_in b3
Change Component Designator: OldDesignator=R28 NewDesignator=R2_in b3
Change Component Designator: OldDesignator=R29 NewDesignator=R3_in b3
Change Component Designator: OldDesignator=R30 NewDesignator=R4_in b3
Change Component Designator: OldDesignator=R31 NewDesignator=R5_in b3
Change Component Designator: OldDesignator=R32 NewDesignator=R6_in b3
Change Component Designator: OldDesignator=R33 NewDesignator=R1_in b2
Change Component Designator: OldDesignator=R34 NewDesignator=R2_in b2
Change Component Designator: OldDesignator=R35 NewDesignator=R3_in b2
Change Component Designator: OldDesignator=R36 NewDesignator=R4_in b2
Change Component Designator: OldDesignator=R37 NewDesignator=R5_in b2
Change Component Designator: OldDesignator=R38 NewDesignator=R6_in b2
Change Component Designator: OldDesignator=R39 NewDesignator=R21_U_пеке1
Change Component Designator: OldDesignator=R40 NewDesignator=R22_U_пеке1
Change Component Designator: OldDesignator=R41 NewDesignator=R21_U_пеке4
Change Component Designator: OldDesignator=R42 NewDesignator=R22_U_пеке4
Change Component Designator: OldDesignator=R43 NewDesignator=R10
Change Component Designator: OldDesignator=R44 NewDesignator=R13
Change Component Designator: OldDesignator=R45 NewDesignator=R9
Change Component Designator: OldDesignator=R46 NewDesignator=R21_U_пеке3
Change Component Designator: OldDesignator=R47 NewDesignator=R8
Change Component Designator: OldDesignator=R48 NewDesignator=R22_U_пеке3
Change Component Designator: OldDesignator=R49 NewDesignator=R14
Change Component Designator: OldDesignator=R50 NewDesignator=R7
Change Component Designator: OldDesignator=R51 NewDesignator=R21_U_пеке8
Change Component Designator: OldDesignator=R52 NewDesignator=R22_U_пеке8
Change Component Designator: OldDesignator=R53 NewDesignator=R21_U_пеке7
Change Component Designator: OldDesignator=R54 NewDesignator=R21_U_пеке6
Change Component Designator: OldDesignator=R55 NewDesignator=R22_U_пеке6
Change Component Designator: OldDesignator=R56 NewDesignator=R22_U_пеке7
Change Component Designator: OldDesignator=R57 NewDesignator=R21_U_пеке2
Change Component Designator: OldDesignator=R58 NewDesignator=R22_U_пеке2
Change Component Designator: OldDesignator=R59 NewDesignator=R15
Change Component Designator: OldDesignator=R60 NewDesignator=R19
Change Component Designator: OldDesignator=R61 NewDesignator=R20
Change Component Designator: OldDesignator=R62 NewDesignator=R18
Change Component Designator: OldDesignator=R63 NewDesignator=R17
Change Component Designator: OldDesignator=R64 NewDesignator=R16
Change Component Designator: OldDesignator=R65 NewDesignator=R12
Change Component Designator: OldDesignator=R66 NewDesignator=R11
Change Component Designator: OldDesignator=VD1 NewDesignator=VD7_U_пеке5
Change Component Designator: OldDesignator=VD2 NewDesignator=VD1_in b1
Change Component Designator: OldDesignator=VD3 NewDesignator=VD2_in b1
Change Component Designator: OldDesignator=VD4 NewDesignator=VD3_in b1
Change Component Designator: OldDesignator=VD5 NewDesignator=VD4_in b1
Change Component Designator: OldDesignator=VD6 NewDesignator=VD5_in b1
Change Component Designator: OldDesignator=VD7 NewDesignator=VD6_in b1
Change Component Designator: OldDesignator=VD8 NewDesignator=VD1_in b6
Change Component Designator: OldDesignator=VD9 NewDesignator=VD2_in b6
Change Component Designator: OldDesignator=VD10 NewDesignator=VD3_in b6
Change Component Designator: OldDesignator=VD11 NewDesignator=VD4_in b6
Change Component Designator: OldDesignator=VD12 NewDesignator=VD5_in b6
Change Component Designator: OldDesignator=VD13 NewDesignator=VD6_in b6
Change Component Designator: OldDesignator=VD14 NewDesignator=VD1_in b5
Change Component Designator: OldDesignator=VD15 NewDesignator=VD2_in b5
Change Component Designator: OldDesignator=VD16 NewDesignator=VD3_in b5
Change Component Designator: OldDesignator=VD17 NewDesignator=VD4_in b5
Change Component Designator: OldDesignator=VD18 NewDesignator=VD5_in b5
Change Component Designator: OldDesignator=VD19 NewDesignator=VD6_in b5
Change Component Designator: OldDesignator=VD20 NewDesignator=VD1_in b4
Change Component Designator: OldDesignator=VD21 NewDesignator=VD2_in b4
Change Component Designator: OldDesignator=VD22 NewDesignator=VD3_in b4
Change Component Designator: OldDesignator=VD23 NewDesignator=VD4_in b4
Change Component Designator: OldDesignator=VD24 NewDesignator=VD5_in b4
Change Component Designator: OldDesignator=VD25 NewDesignator=VD6_in b4
Change Component Designator: OldDesignator=VD26 NewDesignator=VD1_in b3
Change Component Designator: OldDesignator=VD27 NewDesignator=VD2_in b3
Change Component Designator: OldDesignator=VD28 NewDesignator=VD3_in b3
Change Component Designator: OldDesignator=VD29 NewDesignator=VD4_in b3
Change Component Designator: OldDesignator=VD30 NewDesignator=VD5_in b3
Change Component Designator: OldDesignator=VD31 NewDesignator=VD6_in b3
Change Component Designator: OldDesignator=VD32 NewDesignator=VD1_in b2
Change Component Designator: OldDesignator=VD33 NewDesignator=VD2_in b2
Change Component Designator: OldDesignator=VD34 NewDesignator=VD3_in b2
Change Component Designator: OldDesignator=VD35 NewDesignator=VD4_in b2
Change Component Designator: OldDesignator=VD36 NewDesignator=VD5_in b2
Change Component Designator: OldDesignator=VD37 NewDesignator=VD6_in b2
Change Component Designator: OldDesignator=VD38 NewDesignator=VD7_U_пеке1
Change Component Designator: OldDesignator=VD39 NewDesignator=VD7_U_пеке4
Change Component Designator: OldDesignator=VD40 NewDesignator=VD7_U_пеке3
Change Component Designator: OldDesignator=VD41 NewDesignator=VD7_U_пеке8
Change Component Designator: OldDesignator=VD42 NewDesignator=VD7_U_пеке7
Change Component Designator: OldDesignator=VD43 NewDesignator=VD7_U_пеке6
Change Component Designator: OldDesignator=VD44 NewDesignator=VD7_U_пеке2
Change Component Designator: OldDesignator=VT1 NewDesignator=VT2_U_пеке5
Change Component Designator: OldDesignator=VT2 NewDesignator=VT2_U_пеке1
Change Component Designator: OldDesignator=VT3 NewDesignator=VT2_U_пеке4
Change Component Designator: OldDesignator=VT4 NewDesignator=VT1
Change Component Designator: OldDesignator=VT5 NewDesignator=VT2_U_пеке3
Change Component Designator: OldDesignator=VT6 NewDesignator=VT2_U_пеке8
Change Component Designator: OldDesignator=VT7 NewDesignator=VT2_U_пеке6
Change Component Designator: OldDesignator=VT8 NewDesignator=VT2_U_пеке7
Change Component Designator: OldDesignator=VT9 NewDesignator=VT2_U_пеке2
Change Component Designator: OldDesignator=XH1 NewDesignator=XH4
Change Component Designator: OldDesignator=XH2 NewDesignator=XH5
Change Component Designator: OldDesignator=XH3 NewDesignator=XH1
Change Component Designator: OldDesignator=XH4 NewDesignator=XH3
Change Component Designator: OldDesignator=XH5 NewDesignator=XH6
Change Component Designator: OldDesignator=XH6 NewDesignator=XH7
Change Component Designator: OldDesignator=XH7 NewDesignator=XH11
Change Component Designator: OldDesignator=XH8 NewDesignator=XH2
Change Component Designator: OldDesignator=XH9 NewDesignator=XH15
Change Component Designator: OldDesignator=XH10 NewDesignator=XH12
Change Component Designator: OldDesignator=XH11 NewDesignator=XH13
Change Component Designator: OldDesignator=XH12 NewDesignator=XH8
Change Component Designator: OldDesignator=XH13 NewDesignator=XH10
Change Component Designator: OldDesignator=XH15 NewDesignator=XH9
Added Component: Designator=BH1(BH-14 (DS1013-14S) (IDC-14MS))
Add component. Clean all parameters for all variants
Added Pin To Net: NetName=NetBH1_10 Pin=BH1-1
Added Pin To Net: NetName=+3.3 Pin=BH1-4
Added Pin To Net: NetName=GND Pin=BH1-9
Added Pin To Net: NetName=+3.3 Pin=BH3-13
Added Pin To Net: NetName=GND Pin=BH3-14
Change Net Name : Old Net Name=NetBH1_10 New Net Name=TDO/TDI
Change Net Name : Old Net Name=NetDD1_in b2_2 New Net Name=1Y1
Change Net Name : Old Net Name=NetDD1_in b2_4 New Net Name=2Y1
Change Net Name : Old Net Name=NetDD1_in b2_6 New Net Name=3Y1
Change Net Name : Old Net Name=NetDD1_in b2_10 New Net Name=4Y1
Change Net Name : Old Net Name=NetDD1_in b2_12 New Net Name=5Y1
Change Net Name : Old Net Name=NetDD1_in b2_15 New Net Name=6Y1
Change Net Name : Old Net Name=NetDD1_in b3_2 New Net Name=1Y2
Change Net Name : Old Net Name=NetDD1_in b3_6 New Net Name=3Y2
Change Net Name : Old Net Name=NetDD1_in b3_10 New Net Name=4Y2
Change Net Name : Old Net Name=NetDD1_in b3_12 New Net Name=5Y2
Change Net Name : Old Net Name=NetDD1_in b4_2 New Net Name=1Y3
Change Net Name : Old Net Name=NetDD1_in b4_4 New Net Name=2Y3
Change Net Name : Old Net Name=NetDD1_in b4_6 New Net Name=3Y3
Change Net Name : Old Net Name=NetDD1_in b4_12 New Net Name=5Y3
Change Net Name : Old Net Name=NetDD1_in b4_15 New Net Name=6Y3
Change Net Name : Old Net Name=NetDD1_in b5_2 New Net Name=1Y4
Change Net Name : Old Net Name=NetDD1_in b5_6 New Net Name=3Y4
Change Net Name : Old Net Name=NetDD1_in b5_10 New Net Name=4Y4
Change Net Name : Old Net Name=NetDD1_in b5_12 New Net Name=5Y4
Change Net Name : Old Net Name=NetDD1_in b5_15 New Net Name=6Y4
Change Net Name : Old Net Name=NetDD1_in b6_4 New Net Name=2Y5
Change Net Name : Old Net Name=NetDD1_in b6_6 New Net Name=3Y5
Change Net Name : Old Net Name=NetDD1_in b6_10 New Net Name=4Y5
Change Net Name : Old Net Name=NetDD1_in b6_12 New Net Name=5Y5
Added Pin To Net: NetName=1Y6 Pin=DD1_in b1-2
Added Pin To Net: NetName=1Y6 Pin=DD1_in b3-4
Added Pin To Net: NetName=1Y6 Pin=DD6-4
Added Pin To Net: NetName=1Y6 Pin=DD6-14
Added Net: Name=1Y6
Added Pin To Net: NetName=2Y4 Pin=DD1_in b1-10
Added Pin To Net: NetName=2Y4 Pin=DD1_in b5-4
Added Pin To Net: NetName=2Y4 Pin=DD2-4
Added Pin To Net: NetName=2Y4 Pin=DD6-1
Added Net: Name=2Y4
Added Pin To Net: NetName=2Y6 Pin=DD1_in b1-4
Added Pin To Net: NetName=2Y6 Pin=DD1_in b3-15
Added Pin To Net: NetName=2Y6 Pin=DD5-4
Added Pin To Net: NetName=2Y6 Pin=DD6-15
Added Net: Name=2Y6
Added Pin To Net: NetName=3Y6 Pin=DD1_in b1-6
Added Pin To Net: NetName=3Y6 Pin=DD1_in b4-10
Added Pin To Net: NetName=3Y6 Pin=DD4-4
Added Pin To Net: NetName=3Y6 Pin=DD6-12
Added Net: Name=3Y6
Added Pin To Net: NetName=RxD Pin=BH1-14
Added Pin To Net: NetName=RxD Pin=DD7-31
Added Pin To Net: NetName=RxD Pin=R12-1
Added Net: Name=RxD
Added Pin To Net: NetName=S1 Pin=BH2-1
Added Pin To Net: NetName=S1 Pin=DD7-28
Added Net: Name=S1
Added Pin To Net: NetName=SB1.1 Pin=BH2-3
Added Pin To Net: NetName=SB1.1 Pin=DD7-39
Added Net: Name=SB1.1
Added Pin To Net: NetName=SB1.2 Pin=BH2-4
Added Pin To Net: NetName=SB1.2 Pin=DD7-42
Added Net: Name=SB1.2
Added Pin To Net: NetName=SB1.3 Pin=BH2-5
Added Pin To Net: NetName=SB1.3 Pin=DD7-19
Added Net: Name=SB1.3
Added Pin To Net: NetName=SB2 Pin=BH2-2
Added Pin To Net: NetName=SB2 Pin=DD7-27
Added Net: Name=SB2
Added Pin To Net: NetName=TCK Pin=BH1-7
Added Pin To Net: NetName=TCK Pin=DD7-4
Added Net: Name=TCK
Added Pin To Net: NetName=TxD Pin=BH1-12
Added Pin To Net: NetName=TxD Pin=DD7-32
Added Pin To Net: NetName=TxD Pin=R11-1
Added Net: Name=TxD
Added Pin To Net: NetName=ца1 Pin=BH2-7
Added Pin To Net: NetName=ца1 Pin=DD7-11
Added Net: Name=ца1
Added Pin To Net: NetName=ца2 Pin=BH2-8
Added Pin To Net: NetName=ца2 Pin=DD7-10
Added Net: Name=ца2
Added Pin To Net: NetName=ца3 Pin=BH2-9
Added Pin To Net: NetName=ца3 Pin=DD7-9
Added Net: Name=ца3
Added Pin To Net: NetName=ца4 Pin=BH2-10
Added Pin To Net: NetName=ца4 Pin=DD7-8
Added Net: Name=ца4
Added Pin To Net: NetName=ца5 Pin=BH2-11
Added Pin To Net: NetName=ца5 Pin=DD7-15
Added Net: Name=ца5
Added Pin To Net: NetName=ца6 Pin=BH2-12
Added Pin To Net: NetName=ца6 Pin=DD7-14
Added Net: Name=ца6
Added Pin To Net: NetName=ца7 Pin=BH2-13
Added Pin To Net: NetName=ца7 Pin=DD7-13
Added Net: Name=ца7
Added Pin To Net: NetName=ца8 Pin=BH2-14
Added Pin To Net: NetName=ца8 Pin=DD7-12
Added Net: Name=ца8
Added Pin To Net: NetName=пх Pin=BH2-6
Added Pin To Net: NetName=пх Pin=VT1-2
Added Net: Name=пх
Added Member To Class: ClassName=in b2 Member=Component C1_in b2 (C1) C(ceramic)
Added Member To Class: ClassName=in b4 Member=Component C1_in b4 (C1) C(ceramic)
Added Member To Class: ClassName=in b5 Member=Component C1_in b5 (C1) C(ceramic)
Added Member To Class: ClassName=U_янцкюянбюмхе Member=Component C3 C(ceramic)
Added Member To Class: ClassName=U_янцкюянбюмхе Member=Component C5 C(AlEL)
Added Member To Class: ClassName=U_янцкюянбюмхе Member=Component C8 C(ceramic)
Added Member To Class: ClassName=in b2 Member=Component DD1_in b2 (DD1) 74HC4050
Added Member To Class: ClassName=in b3 Member=Component DD1_in b3 (DD1) 74HC4050
Added Member To Class: ClassName=in b6 Member=Component DD1_in b6 (DD1) 74HC4050
Added Member To Class: ClassName=U_янцкюянбюмхе Member=Component DD2 74HC4051
Added Member To Class: ClassName=U_сопюбк Member=Component DD7 MSP430FR2355TPT
Added Member To Class: ClassName=U_пеке1 Member=Component K1_U_пеке1 (K1) IM06TS
Added Member To Class: ClassName=U_пеке4 Member=Component K1_U_пеке4 (K1) IM06TS
Added Member To Class: ClassName=in b5 Member=Component R1_in b5 (R1) R
Added Member To Class: ClassName=in b6 Member=Component R1_in b6 (R1) R
Added Member To Class: ClassName=in b6 Member=Component R4_in b6 (R4) R
Added Member To Class: ClassName=in b5 Member=Component R5_in b5 (R5) R
Added Member To Class: ClassName=in b5 Member=Component R6_in b5 (R6) R
Added Member To Class: ClassName=in b6 Member=Component R6_in b6 (R6) R
Added Member To Class: ClassName=U_пеке5 Member=Component VT2_U_пеке5 (VT2) BC837(йр3130)
Added Member To Class: ClassName=янед Member=Component XH12 ум(4)
