Removed Pin From Net: NetName=NetBH3_1 Pin=BH3-8
Removed Pin From Net: NetName=NetBH3_2 Pin=BH3-9
Removed Pin From Net: NetName=NetBH3_3 Pin=BH3-10
Removed Pin From Net: NetName=NetBH3_4 Pin=BH3-11
Removed Pin From Net: NetName=NetBH3_5 Pin=BH3-12
Removed Pin From Net: NetName=NetBH3_6 Pin=BH3-13
Removed Pin From Net: NetName=2Y4 Pin=DD1_in b1-10
Removed Pin From Net: NetName=1Y6 Pin=DD1_in b3-4
Removed Pin From Net: NetName=2Y6 Pin=DD1_in b3-15
Removed Pin From Net: NetName=3Y6 Pin=DD1_in b4-10
Removed Pin From Net: NetName=2Y4 Pin=DD2-4
Removed Pin From Net: NetName=3Y6 Pin=DD6-12
Removed Pin From Net: NetName=1Y6 Pin=DD6-14
Removed Pin From Net: NetName=2Y6 Pin=DD6-15
Added Pin To Net: NetName=2Y2 Pin=DD1_in b3-4
Added Pin To Net: NetName=2Y2 Pin=DD6-14
Added Net: Name=2Y2
Added Pin To Net: NetName=4Y3 Pin=DD1_in b4-10
Added Pin To Net: NetName=4Y3 Pin=DD6-12
Added Net: Name=4Y3
Added Pin To Net: NetName=4Y6 Pin=DD1_in b1-10
Added Pin To Net: NetName=4Y6 Pin=DD2-4
Added Net: Name=4Y6
Added Pin To Net: NetName=6Y2 Pin=DD1_in b3-15
Added Pin To Net: NetName=6Y2 Pin=DD6-15
Added Net: Name=6Y2
