Removed Pin From Net: NetName=+3.3 Pin=C10-1
Removed Pin From Net: NetName=GND Pin=C10-2
Removed Pin From Net: NetName=GND Pin=C11-1
Removed Pin From Net: NetName=+3.3 Pin=C11-2
Removed Pin From Net: NetName=GND Pin=DD2-6
Removed Pin From Net: NetName=GND Pin=DD2-7
Removed Pin From Net: NetName=GND Pin=DD2-8
Removed Pin From Net: NetName=+3.3 Pin=DD4-16
Removed Pin From Net: NetName=GND Pin=DD6-6
Removed Pin From Net: NetName=GND Pin=DD6-7
Removed Pin From Net: NetName=GND Pin=DD6-8
Change Component Footprint: Designator=C10 Old Footprint=C(AlEL) New Footprint=C(ceramic)
Change Component Footprint: Designator=C11 Old Footprint=C(ceramic) New Footprint=C(AlEL)
Change Component Comment : Designator=C10 Old Comment=C(AlEL) New Comment=C(ceramic)
Change Component Comment : Designator=C11 Old Comment=C(ceramic) New Comment=C(AlEL)
Added Component: Designator=BH1(BH-14 (DS1013-14S) (IDC-14MS))
Add component. Clean all parameters for all variants
Added Component: Designator=BH2(BH-14 (DS1013-14S) (IDC-14MS))
Add component. Clean all parameters for all variants
Added Component: Designator=BH3(BH-14 (DS1013-14S) (IDC-14MS))
Add component. Clean all parameters for all variants
Added Component: Designator=C12(C(ceramic))
Add component. Clean all parameters for all variants
Added Component: Designator=K1_U_пеке1(IM06TS)
Add component. Clean all parameters for all variants
Added Component: Designator=K1_U_пеке2(IM06TS)
Add component. Clean all parameters for all variants
Added Component: Designator=K1_U_пеке3(IM06TS)
Add component. Clean all parameters for all variants
Added Component: Designator=K1_U_пеке4(IM06TS)
Add component. Clean all parameters for all variants
Added Component: Designator=K1_U_пеке5(IM06TS)
Add component. Clean all parameters for all variants
Added Component: Designator=K1_U_пеке6(IM06TS)
Add component. Clean all parameters for all variants
Added Component: Designator=K1_U_пеке7(IM06TS)
Add component. Clean all parameters for all variants
Added Component: Designator=K1_U_пеке8(IM06TS)
Add component. Clean all parameters for all variants
Added Component: Designator=R10(R)
Add component. Clean all parameters for all variants
Added Component: Designator=R11(R)
Add component. Clean all parameters for all variants
Added Component: Designator=R12(R)
Add component. Clean all parameters for all variants
Added Component: Designator=R13(R)
Add component. Clean all parameters for all variants
Added Component: Designator=R14(R)
Add component. Clean all parameters for all variants
Added Component: Designator=R15(R)
Add component. Clean all parameters for all variants
Added Component: Designator=R16(R)
Add component. Clean all parameters for all variants
Added Component: Designator=R17(R)
Add component. Clean all parameters for all variants
Added Component: Designator=R18(R)
Add component. Clean all parameters for all variants
Added Component: Designator=R19(R)
Add component. Clean all parameters for all variants
Added Component: Designator=R20(R)
Add component. Clean all parameters for all variants
Added Component: Designator=R21_U_пеке1(R)
Add component. Clean all parameters for all variants
Added Component: Designator=R21_U_пеке2(R)
Add component. Clean all parameters for all variants
Added Component: Designator=R21_U_пеке3(R)
Add component. Clean all parameters for all variants
Added Component: Designator=R21_U_пеке4(R)
Add component. Clean all parameters for all variants
Added Component: Designator=R21_U_пеке5(R)
Add component. Clean all parameters for all variants
Added Component: Designator=R21_U_пеке6(R)
Add component. Clean all parameters for all variants
Added Component: Designator=R21_U_пеке7(R)
Add component. Clean all parameters for all variants
Added Component: Designator=R21_U_пеке8(R)
Add component. Clean all parameters for all variants
Added Component: Designator=R22_U_пеке1(R)
Add component. Clean all parameters for all variants
Added Component: Designator=R22_U_пеке2(R)
Add component. Clean all parameters for all variants
Added Component: Designator=R22_U_пеке3(R)
Add component. Clean all parameters for all variants
Added Component: Designator=R22_U_пеке4(R)
Add component. Clean all parameters for all variants
Added Component: Designator=R22_U_пеке5(R)
Add component. Clean all parameters for all variants
Added Component: Designator=R22_U_пеке6(R)
Add component. Clean all parameters for all variants
Added Component: Designator=R22_U_пеке7(R)
Add component. Clean all parameters for all variants
Added Component: Designator=R22_U_пеке8(R)
Add component. Clean all parameters for all variants
Added Component: Designator=VD7_U_пеке1(SS14)
Add component. Clean all parameters for all variants
Added Component: Designator=VD7_U_пеке2(SS14)
Add component. Clean all parameters for all variants
Added Component: Designator=VD7_U_пеке3(SS14)
Add component. Clean all parameters for all variants
Added Component: Designator=VD7_U_пеке4(SS14)
Add component. Clean all parameters for all variants
Added Component: Designator=VD7_U_пеке5(SS14)
Add component. Clean all parameters for all variants
Added Component: Designator=VD7_U_пеке6(SS14)
Add component. Clean all parameters for all variants
Added Component: Designator=VD7_U_пеке7(SS14)
Add component. Clean all parameters for all variants
Added Component: Designator=VD7_U_пеке8(SS14)
Add component. Clean all parameters for all variants
Added Component: Designator=VT1(BC847(IRLML6402))
Add component. Clean all parameters for all variants
Added Component: Designator=VT2_U_пеке1(BC847(IRLML6402))
Add component. Clean all parameters for all variants
Added Component: Designator=VT2_U_пеке2(BC847(IRLML6402))
Add component. Clean all parameters for all variants
Added Component: Designator=VT2_U_пеке3(BC847(IRLML6402))
Add component. Clean all parameters for all variants
Added Component: Designator=VT2_U_пеке4(BC847(IRLML6402))
Add component. Clean all parameters for all variants
Added Component: Designator=VT2_U_пеке5(BC847(IRLML6402))
Add component. Clean all parameters for all variants
Added Component: Designator=VT2_U_пеке6(BC847(IRLML6402))
Add component. Clean all parameters for all variants
Added Component: Designator=VT2_U_пеке7(BC847(IRLML6402))
Add component. Clean all parameters for all variants
Added Component: Designator=VT2_U_пеке8(BC847(IRLML6402))
Add component. Clean all parameters for all variants
Added Component: Designator=XH8(ум(4))
Add component. Clean all parameters for all variants
Added Component: Designator=XH9(ум(4))
Add component. Clean all parameters for all variants
Added Component: Designator=XH10(ум(4))
Add component. Clean all parameters for all variants
Added Component: Designator=XH11(ум(4))
Add component. Clean all parameters for all variants
Added Component: Designator=XH12(ум(4))
Add component. Clean all parameters for all variants
Added Component: Designator=XH13(ум(4))
Add component. Clean all parameters for all variants
Added Component: Designator=XH14(ум(4))
Add component. Clean all parameters for all variants
Added Component: Designator=XH15(ум(4))
Add component. Clean all parameters for all variants
Added Pin To Net: NetName=+3.3 Pin=BH1-9
Added Pin To Net: NetName=GND Pin=BH1-12
Added Pin To Net: NetName=GND Pin=C10-1
Added Pin To Net: NetName=+3.3 Pin=C11-1
Added Pin To Net: NetName=GND Pin=C11-2
Added Pin To Net: NetName=GND Pin=C12-1
Added Pin To Net: NetName=+3.3 Pin=C12-2
Added Pin To Net: NetName=+12 Pin=K1_U_пеке1-1
Added Pin To Net: NetName=GND Pin=K1_U_пеке1-2
Added Pin To Net: NetName=GND Pin=K1_U_пеке1-7
Added Pin To Net: NetName=+12 Pin=K1_U_пеке2-1
Added Pin To Net: NetName=GND Pin=K1_U_пеке2-2
Added Pin To Net: NetName=GND Pin=K1_U_пеке2-7
Added Pin To Net: NetName=+12 Pin=K1_U_пеке3-1
Added Pin To Net: NetName=GND Pin=K1_U_пеке3-2
Added Pin To Net: NetName=GND Pin=K1_U_пеке3-7
Added Pin To Net: NetName=+12 Pin=K1_U_пеке4-1
Added Pin To Net: NetName=GND Pin=K1_U_пеке4-2
Added Pin To Net: NetName=GND Pin=K1_U_пеке4-7
Added Pin To Net: NetName=+12 Pin=K1_U_пеке5-1
Added Pin To Net: NetName=GND Pin=K1_U_пеке5-2
Added Pin To Net: NetName=GND Pin=K1_U_пеке5-7
Added Pin To Net: NetName=+12 Pin=K1_U_пеке6-1
Added Pin To Net: NetName=GND Pin=K1_U_пеке6-2
Added Pin To Net: NetName=GND Pin=K1_U_пеке6-7
Added Pin To Net: NetName=+12 Pin=K1_U_пеке7-1
Added Pin To Net: NetName=GND Pin=K1_U_пеке7-2
Added Pin To Net: NetName=GND Pin=K1_U_пеке7-7
Added Pin To Net: NetName=+12 Pin=K1_U_пеке8-1
Added Pin To Net: NetName=GND Pin=K1_U_пеке8-2
Added Pin To Net: NetName=GND Pin=K1_U_пеке8-7
Added Pin To Net: NetName=+3.3 Pin=R10-2
Added Pin To Net: NetName=+3.3 Pin=R11-2
Added Pin To Net: NetName=+3.3 Pin=R12-2
Added Pin To Net: NetName=+3.3 Pin=R13-2
Added Pin To Net: NetName=GND Pin=R15-1
Added Pin To Net: NetName=GND Pin=R16-1
Added Pin To Net: NetName=GND Pin=R17-1
Added Pin To Net: NetName=GND Pin=R18-1
Added Pin To Net: NetName=GND Pin=R19-1
Added Pin To Net: NetName=GND Pin=R20-1
Added Pin To Net: NetName=GND Pin=R22_U_пеке1-1
Added Pin To Net: NetName=GND Pin=R22_U_пеке2-1
Added Pin To Net: NetName=GND Pin=R22_U_пеке3-1
Added Pin To Net: NetName=GND Pin=R22_U_пеке4-1
Added Pin To Net: NetName=GND Pin=R22_U_пеке5-1
Added Pin To Net: NetName=GND Pin=R22_U_пеке6-1
Added Pin To Net: NetName=GND Pin=R22_U_пеке7-1
Added Pin To Net: NetName=GND Pin=R22_U_пеке8-1
Added Pin To Net: NetName=+12 Pin=VD7_U_пеке1-1
Added Pin To Net: NetName=+12 Pin=VD7_U_пеке2-1
Added Pin To Net: NetName=+12 Pin=VD7_U_пеке3-1
Added Pin To Net: NetName=+12 Pin=VD7_U_пеке4-1
Added Pin To Net: NetName=+12 Pin=VD7_U_пеке5-1
Added Pin To Net: NetName=+12 Pin=VD7_U_пеке6-1
Added Pin To Net: NetName=+12 Pin=VD7_U_пеке7-1
Added Pin To Net: NetName=+12 Pin=VD7_U_пеке8-1
Added Pin To Net: NetName=+3.3 Pin=VT1-3
Added Pin To Net: NetName=GND Pin=VT2_U_пеке1-2
Added Pin To Net: NetName=GND Pin=VT2_U_пеке2-2
Added Pin To Net: NetName=GND Pin=VT2_U_пеке3-2
Added Pin To Net: NetName=GND Pin=VT2_U_пеке4-2
Added Pin To Net: NetName=GND Pin=VT2_U_пеке5-2
Added Pin To Net: NetName=GND Pin=VT2_U_пеке6-2
Added Pin To Net: NetName=GND Pin=VT2_U_пеке7-2
Added Pin To Net: NetName=GND Pin=VT2_U_пеке8-2
Added Pin To Net: NetName=NetBH1_1 Pin=BH1-1
Added Pin To Net: NetName=NetBH1_1 Pin=DD7-11
Added Net: Name=NetBH1_1
Added Pin To Net: NetName=NetBH1_2 Pin=BH1-2
Added Pin To Net: NetName=NetBH1_2 Pin=DD7-10
Added Net: Name=NetBH1_2
Added Pin To Net: NetName=NetBH1_3 Pin=BH1-3
Added Pin To Net: NetName=NetBH1_3 Pin=DD7-9
Added Net: Name=NetBH1_3
Added Pin To Net: NetName=NetBH1_4 Pin=BH1-4
Added Pin To Net: NetName=NetBH1_4 Pin=DD7-8
Added Net: Name=NetBH1_4
Added Pin To Net: NetName=NetBH1_5 Pin=BH1-5
Added Pin To Net: NetName=NetBH1_5 Pin=DD7-15
Added Net: Name=NetBH1_5
Added Pin To Net: NetName=NetBH1_6 Pin=BH1-6
Added Pin To Net: NetName=NetBH1_6 Pin=DD7-14
Added Net: Name=NetBH1_6
Added Pin To Net: NetName=NetBH1_7 Pin=BH1-7
Added Pin To Net: NetName=NetBH1_7 Pin=DD7-13
Added Net: Name=NetBH1_7
Added Pin To Net: NetName=NetBH1_8 Pin=BH1-8
Added Pin To Net: NetName=NetBH1_8 Pin=DD7-12
Added Net: Name=NetBH1_8
Added Pin To Net: NetName=NetBH1_10 Pin=BH1-10
Added Pin To Net: NetName=NetBH1_10 Pin=C10-2
Added Pin To Net: NetName=NetBH1_10 Pin=DD7-5
Added Pin To Net: NetName=NetBH1_10 Pin=R10-1
Added Net: Name=NetBH1_10
Added Pin To Net: NetName=NetBH1_11 Pin=BH1-11
Added Pin To Net: NetName=NetBH1_11 Pin=DD7-4
Added Net: Name=NetBH1_11
Added Pin To Net: NetName=NetBH1_13 Pin=BH1-13
Added Pin To Net: NetName=NetBH1_13 Pin=DD7-32
Added Pin To Net: NetName=NetBH1_13 Pin=R11-1
Added Net: Name=NetBH1_13
Added Pin To Net: NetName=NetBH1_14 Pin=BH1-14
Added Pin To Net: NetName=NetBH1_14 Pin=DD7-31
Added Pin To Net: NetName=NetBH1_14 Pin=R12-1
Added Net: Name=NetBH1_14
Added Pin To Net: NetName=NetBH2_1 Pin=BH2-1
Added Pin To Net: NetName=NetBH2_1 Pin=DD7-28
Added Net: Name=NetBH2_1
Added Pin To Net: NetName=NetBH2_2 Pin=BH2-2
Added Pin To Net: NetName=NetBH2_2 Pin=DD7-27
Added Net: Name=NetBH2_2
Added Pin To Net: NetName=NetBH2_3 Pin=BH2-3
Added Pin To Net: NetName=NetBH2_3 Pin=DD7-39
Added Net: Name=NetBH2_3
Added Pin To Net: NetName=NetBH2_4 Pin=BH2-4
Added Pin To Net: NetName=NetBH2_4 Pin=DD7-42
Added Net: Name=NetBH2_4
Added Pin To Net: NetName=NetBH2_5 Pin=BH2-5
Added Pin To Net: NetName=NetBH2_5 Pin=DD7-19
Added Net: Name=NetBH2_5
Added Pin To Net: NetName=NetBH2_6 Pin=BH2-6
Added Pin To Net: NetName=NetBH2_6 Pin=VT1-2
Added Net: Name=NetBH2_6
Added Pin To Net: NetName=NetBH3_1 Pin=BH3-1
Added Pin To Net: NetName=NetBH3_1 Pin=DD7-29
Added Pin To Net: NetName=NetBH3_1 Pin=R15-2
Added Net: Name=NetBH3_1
Added Pin To Net: NetName=NetBH3_2 Pin=BH3-2
Added Pin To Net: NetName=NetBH3_2 Pin=DD7-30
Added Pin To Net: NetName=NetBH3_2 Pin=R16-2
Added Net: Name=NetBH3_2
Added Pin To Net: NetName=NetBH3_3 Pin=BH3-3
Added Pin To Net: NetName=NetBH3_3 Pin=DD7-26
Added Pin To Net: NetName=NetBH3_3 Pin=R17-2
Added Net: Name=NetBH3_3
Added Pin To Net: NetName=NetBH3_4 Pin=BH3-4
Added Pin To Net: NetName=NetBH3_4 Pin=DD7-25
Added Pin To Net: NetName=NetBH3_4 Pin=R18-2
Added Net: Name=NetBH3_4
Added Pin To Net: NetName=NetBH3_5 Pin=BH3-5
Added Pin To Net: NetName=NetBH3_5 Pin=DD7-24
Added Pin To Net: NetName=NetBH3_5 Pin=R20-2
Added Net: Name=NetBH3_5
Added Pin To Net: NetName=NetBH3_6 Pin=BH3-6
Added Pin To Net: NetName=NetBH3_6 Pin=DD7-23
Added Pin To Net: NetName=NetBH3_6 Pin=R19-2
Added Net: Name=NetBH3_6
Added Pin To Net: NetName=NetDD7_35 Pin=DD7-35
Added Pin To Net: NetName=NetDD7_35 Pin=R21_U_пеке1-1
Added Net: Name=NetDD7_35
Added Pin To Net: NetName=NetDD7_36 Pin=DD7-36
Added Pin To Net: NetName=NetDD7_36 Pin=R21_U_пеке2-1
Added Net: Name=NetDD7_36
Added Pin To Net: NetName=NetDD7_37 Pin=DD7-37
Added Pin To Net: NetName=NetDD7_37 Pin=R21_U_пеке3-1
Added Net: Name=NetDD7_37
Added Pin To Net: NetName=NetDD7_38 Pin=DD7-38
Added Pin To Net: NetName=NetDD7_38 Pin=R21_U_пеке4-1
Added Net: Name=NetDD7_38
Added Pin To Net: NetName=NetDD7_43 Pin=DD7-43
Added Pin To Net: NetName=NetDD7_43 Pin=R14-1
Added Net: Name=NetDD7_43
Added Pin To Net: NetName=NetDD7_44 Pin=DD7-44
Added Pin To Net: NetName=NetDD7_44 Pin=R21_U_пеке5-1
Added Net: Name=NetDD7_44
Added Pin To Net: NetName=NetDD7_45 Pin=DD7-45
Added Pin To Net: NetName=NetDD7_45 Pin=R21_U_пеке6-1
Added Net: Name=NetDD7_45
Added Pin To Net: NetName=NetDD7_46 Pin=DD7-46
Added Pin To Net: NetName=NetDD7_46 Pin=R21_U_пеке7-1
Added Net: Name=NetDD7_46
Added Pin To Net: NetName=NetDD7_47 Pin=DD7-47
Added Pin To Net: NetName=NetDD7_47 Pin=R21_U_пеке8-1
Added Net: Name=NetDD7_47
Added Pin To Net: NetName=NetK1_U_пеке1_3 Pin=K1_U_пеке1-3
Added Pin To Net: NetName=NetK1_U_пеке1_3 Pin=XH15-2
Added Net: Name=NetK1_U_пеке1_3
Added Pin To Net: NetName=NetK1_U_пеке1_4 Pin=K1_U_пеке1-4
Added Pin To Net: NetName=NetK1_U_пеке1_4 Pin=XH15-4
Added Net: Name=NetK1_U_пеке1_4
Added Pin To Net: NetName=NetK1_U_пеке1_5 Pin=K1_U_пеке1-5
Added Pin To Net: NetName=NetK1_U_пеке1_5 Pin=XH15-3
Added Net: Name=NetK1_U_пеке1_5
Added Pin To Net: NetName=NetK1_U_пеке1_6 Pin=K1_U_пеке1-6
Added Pin To Net: NetName=NetK1_U_пеке1_6 Pin=XH15-1
Added Net: Name=NetK1_U_пеке1_6
Added Pin To Net: NetName=NetK1_U_пеке1_8 Pin=K1_U_пеке1-8
Added Pin To Net: NetName=NetK1_U_пеке1_8 Pin=VD7_U_пеке1-2
Added Pin To Net: NetName=NetK1_U_пеке1_8 Pin=VT2_U_пеке1-3
Added Net: Name=NetK1_U_пеке1_8
Added Pin To Net: NetName=NetK1_U_пеке2_3 Pin=K1_U_пеке2-3
Added Pin To Net: NetName=NetK1_U_пеке2_3 Pin=XH14-2
Added Net: Name=NetK1_U_пеке2_3
Added Pin To Net: NetName=NetK1_U_пеке2_4 Pin=K1_U_пеке2-4
Added Pin To Net: NetName=NetK1_U_пеке2_4 Pin=XH14-4
Added Net: Name=NetK1_U_пеке2_4
Added Pin To Net: NetName=NetK1_U_пеке2_5 Pin=K1_U_пеке2-5
Added Pin To Net: NetName=NetK1_U_пеке2_5 Pin=XH14-3
Added Net: Name=NetK1_U_пеке2_5
Added Pin To Net: NetName=NetK1_U_пеке2_6 Pin=K1_U_пеке2-6
Added Pin To Net: NetName=NetK1_U_пеке2_6 Pin=XH14-1
Added Net: Name=NetK1_U_пеке2_6
Added Pin To Net: NetName=NetK1_U_пеке2_8 Pin=K1_U_пеке2-8
Added Pin To Net: NetName=NetK1_U_пеке2_8 Pin=VD7_U_пеке2-2
Added Pin To Net: NetName=NetK1_U_пеке2_8 Pin=VT2_U_пеке2-3
Added Net: Name=NetK1_U_пеке2_8
Added Pin To Net: NetName=NetK1_U_пеке3_3 Pin=K1_U_пеке3-3
Added Pin To Net: NetName=NetK1_U_пеке3_3 Pin=XH13-2
Added Net: Name=NetK1_U_пеке3_3
Added Pin To Net: NetName=NetK1_U_пеке3_4 Pin=K1_U_пеке3-4
Added Pin To Net: NetName=NetK1_U_пеке3_4 Pin=XH13-4
Added Net: Name=NetK1_U_пеке3_4
Added Pin To Net: NetName=NetK1_U_пеке3_5 Pin=K1_U_пеке3-5
Added Pin To Net: NetName=NetK1_U_пеке3_5 Pin=XH13-3
Added Net: Name=NetK1_U_пеке3_5
Added Pin To Net: NetName=NetK1_U_пеке3_6 Pin=K1_U_пеке3-6
Added Pin To Net: NetName=NetK1_U_пеке3_6 Pin=XH13-1
Added Net: Name=NetK1_U_пеке3_6
Added Pin To Net: NetName=NetK1_U_пеке3_8 Pin=K1_U_пеке3-8
Added Pin To Net: NetName=NetK1_U_пеке3_8 Pin=VD7_U_пеке3-2
Added Pin To Net: NetName=NetK1_U_пеке3_8 Pin=VT2_U_пеке3-3
Added Net: Name=NetK1_U_пеке3_8
Added Pin To Net: NetName=NetK1_U_пеке4_3 Pin=K1_U_пеке4-3
Added Pin To Net: NetName=NetK1_U_пеке4_3 Pin=XH12-2
Added Net: Name=NetK1_U_пеке4_3
Added Pin To Net: NetName=NetK1_U_пеке4_4 Pin=K1_U_пеке4-4
Added Pin To Net: NetName=NetK1_U_пеке4_4 Pin=XH12-4
Added Net: Name=NetK1_U_пеке4_4
Added Pin To Net: NetName=NetK1_U_пеке4_5 Pin=K1_U_пеке4-5
Added Pin To Net: NetName=NetK1_U_пеке4_5 Pin=XH12-3
Added Net: Name=NetK1_U_пеке4_5
Added Pin To Net: NetName=NetK1_U_пеке4_6 Pin=K1_U_пеке4-6
Added Pin To Net: NetName=NetK1_U_пеке4_6 Pin=XH12-1
Added Net: Name=NetK1_U_пеке4_6
Added Pin To Net: NetName=NetK1_U_пеке4_8 Pin=K1_U_пеке4-8
Added Pin To Net: NetName=NetK1_U_пеке4_8 Pin=VD7_U_пеке4-2
Added Pin To Net: NetName=NetK1_U_пеке4_8 Pin=VT2_U_пеке4-3
Added Net: Name=NetK1_U_пеке4_8
Added Pin To Net: NetName=NetK1_U_пеке5_3 Pin=K1_U_пеке5-3
Added Pin To Net: NetName=NetK1_U_пеке5_3 Pin=XH11-2
Added Net: Name=NetK1_U_пеке5_3
Added Pin To Net: NetName=NetK1_U_пеке5_4 Pin=K1_U_пеке5-4
Added Pin To Net: NetName=NetK1_U_пеке5_4 Pin=XH11-4
Added Net: Name=NetK1_U_пеке5_4
Added Pin To Net: NetName=NetK1_U_пеке5_5 Pin=K1_U_пеке5-5
Added Pin To Net: NetName=NetK1_U_пеке5_5 Pin=XH11-3
Added Net: Name=NetK1_U_пеке5_5
Added Pin To Net: NetName=NetK1_U_пеке5_6 Pin=K1_U_пеке5-6
Added Pin To Net: NetName=NetK1_U_пеке5_6 Pin=XH11-1
Added Net: Name=NetK1_U_пеке5_6
Added Pin To Net: NetName=NetK1_U_пеке5_8 Pin=K1_U_пеке5-8
Added Pin To Net: NetName=NetK1_U_пеке5_8 Pin=VD7_U_пеке5-2
Added Pin To Net: NetName=NetK1_U_пеке5_8 Pin=VT2_U_пеке5-3
Added Net: Name=NetK1_U_пеке5_8
Added Pin To Net: NetName=NetK1_U_пеке6_3 Pin=K1_U_пеке6-3
Added Pin To Net: NetName=NetK1_U_пеке6_3 Pin=XH10-2
Added Net: Name=NetK1_U_пеке6_3
Added Pin To Net: NetName=NetK1_U_пеке6_4 Pin=K1_U_пеке6-4
Added Pin To Net: NetName=NetK1_U_пеке6_4 Pin=XH10-4
Added Net: Name=NetK1_U_пеке6_4
Added Pin To Net: NetName=NetK1_U_пеке6_5 Pin=K1_U_пеке6-5
Added Pin To Net: NetName=NetK1_U_пеке6_5 Pin=XH10-3
Added Net: Name=NetK1_U_пеке6_5
Added Pin To Net: NetName=NetK1_U_пеке6_6 Pin=K1_U_пеке6-6
Added Pin To Net: NetName=NetK1_U_пеке6_6 Pin=XH10-1
Added Net: Name=NetK1_U_пеке6_6
Added Pin To Net: NetName=NetK1_U_пеке6_8 Pin=K1_U_пеке6-8
Added Pin To Net: NetName=NetK1_U_пеке6_8 Pin=VD7_U_пеке6-2
Added Pin To Net: NetName=NetK1_U_пеке6_8 Pin=VT2_U_пеке6-3
Added Net: Name=NetK1_U_пеке6_8
Added Pin To Net: NetName=NetK1_U_пеке7_3 Pin=K1_U_пеке7-3
Added Pin To Net: NetName=NetK1_U_пеке7_3 Pin=XH9-2
Added Net: Name=NetK1_U_пеке7_3
Added Pin To Net: NetName=NetK1_U_пеке7_4 Pin=K1_U_пеке7-4
Added Pin To Net: NetName=NetK1_U_пеке7_4 Pin=XH9-4
Added Net: Name=NetK1_U_пеке7_4
Added Pin To Net: NetName=NetK1_U_пеке7_5 Pin=K1_U_пеке7-5
Added Pin To Net: NetName=NetK1_U_пеке7_5 Pin=XH9-3
Added Net: Name=NetK1_U_пеке7_5
Added Pin To Net: NetName=NetK1_U_пеке7_6 Pin=K1_U_пеке7-6
Added Pin To Net: NetName=NetK1_U_пеке7_6 Pin=XH9-1
Added Net: Name=NetK1_U_пеке7_6
Added Pin To Net: NetName=NetK1_U_пеке7_8 Pin=K1_U_пеке7-8
Added Pin To Net: NetName=NetK1_U_пеке7_8 Pin=VD7_U_пеке7-2
Added Pin To Net: NetName=NetK1_U_пеке7_8 Pin=VT2_U_пеке7-3
Added Net: Name=NetK1_U_пеке7_8
Added Pin To Net: NetName=NetK1_U_пеке8_3 Pin=K1_U_пеке8-3
Added Pin To Net: NetName=NetK1_U_пеке8_3 Pin=XH8-2
Added Net: Name=NetK1_U_пеке8_3
Added Pin To Net: NetName=NetK1_U_пеке8_4 Pin=K1_U_пеке8-4
Added Pin To Net: NetName=NetK1_U_пеке8_4 Pin=XH8-4
Added Net: Name=NetK1_U_пеке8_4
Added Pin To Net: NetName=NetK1_U_пеке8_5 Pin=K1_U_пеке8-5
Added Pin To Net: NetName=NetK1_U_пеке8_5 Pin=XH8-3
Added Net: Name=NetK1_U_пеке8_5
Added Pin To Net: NetName=NetK1_U_пеке8_6 Pin=K1_U_пеке8-6
Added Pin To Net: NetName=NetK1_U_пеке8_6 Pin=XH8-1
Added Net: Name=NetK1_U_пеке8_6
Added Pin To Net: NetName=NetK1_U_пеке8_8 Pin=K1_U_пеке8-8
Added Pin To Net: NetName=NetK1_U_пеке8_8 Pin=VD7_U_пеке8-2
Added Pin To Net: NetName=NetK1_U_пеке8_8 Pin=VT2_U_пеке8-3
Added Net: Name=NetK1_U_пеке8_8
Added Pin To Net: NetName=NetR13_1 Pin=R13-1
Added Pin To Net: NetName=NetR13_1 Pin=R14-2
Added Pin To Net: NetName=NetR13_1 Pin=VT1-1
Added Net: Name=NetR13_1
Added Pin To Net: NetName=NetR21_U_пеке1_2 Pin=R21_U_пеке1-2
Added Pin To Net: NetName=NetR21_U_пеке1_2 Pin=R22_U_пеке1-2
Added Pin To Net: NetName=NetR21_U_пеке1_2 Pin=VT2_U_пеке1-1
Added Net: Name=NetR21_U_пеке1_2
Added Pin To Net: NetName=NetR21_U_пеке2_2 Pin=R21_U_пеке2-2
Added Pin To Net: NetName=NetR21_U_пеке2_2 Pin=R22_U_пеке2-2
Added Pin To Net: NetName=NetR21_U_пеке2_2 Pin=VT2_U_пеке2-1
Added Net: Name=NetR21_U_пеке2_2
Added Pin To Net: NetName=NetR21_U_пеке3_2 Pin=R21_U_пеке3-2
Added Pin To Net: NetName=NetR21_U_пеке3_2 Pin=R22_U_пеке3-2
Added Pin To Net: NetName=NetR21_U_пеке3_2 Pin=VT2_U_пеке3-1
Added Net: Name=NetR21_U_пеке3_2
Added Pin To Net: NetName=NetR21_U_пеке4_2 Pin=R21_U_пеке4-2
Added Pin To Net: NetName=NetR21_U_пеке4_2 Pin=R22_U_пеке4-2
Added Pin To Net: NetName=NetR21_U_пеке4_2 Pin=VT2_U_пеке4-1
Added Net: Name=NetR21_U_пеке4_2
Added Pin To Net: NetName=NetR21_U_пеке5_2 Pin=R21_U_пеке5-2
Added Pin To Net: NetName=NetR21_U_пеке5_2 Pin=R22_U_пеке5-2
Added Pin To Net: NetName=NetR21_U_пеке5_2 Pin=VT2_U_пеке5-1
Added Net: Name=NetR21_U_пеке5_2
Added Pin To Net: NetName=NetR21_U_пеке6_2 Pin=R21_U_пеке6-2
Added Pin To Net: NetName=NetR21_U_пеке6_2 Pin=R22_U_пеке6-2
Added Pin To Net: NetName=NetR21_U_пеке6_2 Pin=VT2_U_пеке6-1
Added Net: Name=NetR21_U_пеке6_2
Added Pin To Net: NetName=NetR21_U_пеке7_2 Pin=R21_U_пеке7-2
Added Pin To Net: NetName=NetR21_U_пеке7_2 Pin=R22_U_пеке7-2
Added Pin To Net: NetName=NetR21_U_пеке7_2 Pin=VT2_U_пеке7-1
Added Net: Name=NetR21_U_пеке7_2
Added Pin To Net: NetName=NetR21_U_пеке8_2 Pin=R21_U_пеке8-2
Added Pin To Net: NetName=NetR21_U_пеке8_2 Pin=R22_U_пеке8-2
Added Pin To Net: NetName=NetR21_U_пеке8_2 Pin=VT2_U_пеке8-1
Added Net: Name=NetR21_U_пеке8_2
Change Class Name : Old Net Name=U_ЯНЦК New Net Name=U_янцкюянбюмхе
Change Class Name : Old Net Name=сопюбк New Net Name=U_сопюбк
Added Class: Name=U_пеке1
Added Class: Name=U_пеке2
Added Class: Name=U_пеке3
Added Class: Name=U_пеке4
Added Class: Name=U_пеке5
Added Class: Name=U_пеке6
Added Class: Name=U_пеке7
Added Class: Name=U_пеке8
Added Class: Name=янед
Added Class: Name=пеке
Added Member To Class: ClassName=U_сопюбк Member=Component BH1 BH14(1)
Added Member To Class: ClassName=U_сопюбк Member=Component BH2 BH14(2)
Added Member To Class: ClassName=U_сопюбк Member=Component BH3 BH14(3)
Added Member To Class: ClassName=U_сопюбк Member=Component C12 C(ceramic)
Added Member To Class: ClassName=U_сопюбк Member=Component R10 R
Added Member To Class: ClassName=U_сопюбк Member=Component R11 R
Added Member To Class: ClassName=U_сопюбк Member=Component R12 R
Added Member To Class: ClassName=U_сопюбк Member=Component R13 R
Added Member To Class: ClassName=U_сопюбк Member=Component R14 R
Added Member To Class: ClassName=U_сопюбк Member=Component R15 R
Added Member To Class: ClassName=U_сопюбк Member=Component R16 R
Added Member To Class: ClassName=U_сопюбк Member=Component R17 R
Added Member To Class: ClassName=U_сопюбк Member=Component R18 R
Added Member To Class: ClassName=U_сопюбк Member=Component R19 R
Added Member To Class: ClassName=U_сопюбк Member=Component R20 R
Added Member To Class: ClassName=U_сопюбк Member=Component VT1 IRLML6402
Change Room Name: Old Name=сопюбк New Name=U_пеке6
Change Room Scope: Old Scope=InComponentClass('сопюбк') New Scope=InComponentClass('U_пеке6')
Added Room: Name=U_пеке1
Added Room: Name=U_пеке2
Added Room: Name=U_пеке3
Added Room: Name=U_пеке4
Added Room: Name=U_пеке5
Added Room: Name=U_пеке7
Added Room: Name=U_пеке8
Added Room: Name=U_янцкюянбюмхе
Added Room: Name=U_сопюбк
Added Room: Name=янед
