Added Component: Designator=C1_in b1(C(ceramic))
Add component. Clean all parameters for all variants
Added Component: Designator=C1_in b2(C(ceramic))
Add component. Clean all parameters for all variants
Added Component: Designator=C1_in b3(C(ceramic))
Add component. Clean all parameters for all variants
Added Component: Designator=C1_in b4(C(ceramic))
Add component. Clean all parameters for all variants
Added Component: Designator=C1_in b5(C(ceramic))
Add component. Clean all parameters for all variants
Added Component: Designator=C1_in b6(C(ceramic))
Add component. Clean all parameters for all variants
Added Component: Designator=C2(C(AlEL))
Add component. Clean all parameters for all variants
Added Component: Designator=C3(C(ceramic))
Add component. Clean all parameters for all variants
Added Component: Designator=C4(C(ceramic))
Add component. Clean all parameters for all variants
Added Component: Designator=C5(C(AlEL))
Add component. Clean all parameters for all variants
Added Component: Designator=C6(C(ceramic))
Add component. Clean all parameters for all variants
Added Component: Designator=C7(C(ceramic))
Add component. Clean all parameters for all variants
Added Component: Designator=C8(C(ceramic))
Add component. Clean all parameters for all variants
Added Component: Designator=C9(C(ceramic))
Add component. Clean all parameters for all variants
Added Component: Designator=C10(C(AlEL))
Add component. Clean all parameters for all variants
Added Component: Designator=C11(C(ceramic))
Add component. Clean all parameters for all variants
Added Component: Designator=DD1_in b1(74HC4050(51))
Add component. Clean all parameters for all variants
Added Component: Designator=DD1_in b2(74HC4050(51))
Add component. Clean all parameters for all variants
Added Component: Designator=DD1_in b3(74HC4050(51))
Add component. Clean all parameters for all variants
Added Component: Designator=DD1_in b4(74HC4050(51))
Add component. Clean all parameters for all variants
Added Component: Designator=DD1_in b5(74HC4050(51))
Add component. Clean all parameters for all variants
Added Component: Designator=DD1_in b6(74HC4050(51))
Add component. Clean all parameters for all variants
Added Component: Designator=DD2(74HC4050(51))
Add component. Clean all parameters for all variants
Added Component: Designator=DD3(LDL1117)
Add component. Clean all parameters for all variants
Added Component: Designator=DD4(74HC4050(51))
Add component. Clean all parameters for all variants
Added Component: Designator=DD5(74HC4050(51))
Add component. Clean all parameters for all variants
Added Component: Designator=DD6(74HC4050(51))
Add component. Clean all parameters for all variants
Added Component: Designator=DD7(MSP430FR2355TPT)
Add component. Clean all parameters for all variants
Added Component: Designator=R1_in b1(R)
Add component. Clean all parameters for all variants
Added Component: Designator=R1_in b2(R)
Add component. Clean all parameters for all variants
Added Component: Designator=R1_in b3(R)
Add component. Clean all parameters for all variants
Added Component: Designator=R1_in b4(R)
Add component. Clean all parameters for all variants
Added Component: Designator=R1_in b5(R)
Add component. Clean all parameters for all variants
Added Component: Designator=R1_in b6(R)
Add component. Clean all parameters for all variants
Added Component: Designator=R2_in b1(R)
Add component. Clean all parameters for all variants
Added Component: Designator=R2_in b2(R)
Add component. Clean all parameters for all variants
Added Component: Designator=R2_in b3(R)
Add component. Clean all parameters for all variants
Added Component: Designator=R2_in b4(R)
Add component. Clean all parameters for all variants
Added Component: Designator=R2_in b5(R)
Add component. Clean all parameters for all variants
Added Component: Designator=R2_in b6(R)
Add component. Clean all parameters for all variants
Added Component: Designator=R3_in b1(R)
Add component. Clean all parameters for all variants
Added Component: Designator=R3_in b2(R)
Add component. Clean all parameters for all variants
Added Component: Designator=R3_in b3(R)
Add component. Clean all parameters for all variants
Added Component: Designator=R3_in b4(R)
Add component. Clean all parameters for all variants
Added Component: Designator=R3_in b5(R)
Add component. Clean all parameters for all variants
Added Component: Designator=R3_in b6(R)
Add component. Clean all parameters for all variants
Added Component: Designator=R4_in b1(R)
Add component. Clean all parameters for all variants
Added Component: Designator=R4_in b2(R)
Add component. Clean all parameters for all variants
Added Component: Designator=R4_in b3(R)
Add component. Clean all parameters for all variants
Added Component: Designator=R4_in b4(R)
Add component. Clean all parameters for all variants
Added Component: Designator=R4_in b5(R)
Add component. Clean all parameters for all variants
Added Component: Designator=R4_in b6(R)
Add component. Clean all parameters for all variants
Added Component: Designator=R5_in b1(R)
Add component. Clean all parameters for all variants
Added Component: Designator=R5_in b2(R)
Add component. Clean all parameters for all variants
Added Component: Designator=R5_in b3(R)
Add component. Clean all parameters for all variants
Added Component: Designator=R5_in b4(R)
Add component. Clean all parameters for all variants
Added Component: Designator=R5_in b5(R)
Add component. Clean all parameters for all variants
Added Component: Designator=R5_in b6(R)
Add component. Clean all parameters for all variants
Added Component: Designator=R6_in b1(R)
Add component. Clean all parameters for all variants
Added Component: Designator=R6_in b2(R)
Add component. Clean all parameters for all variants
Added Component: Designator=R6_in b3(R)
Add component. Clean all parameters for all variants
Added Component: Designator=R6_in b4(R)
Add component. Clean all parameters for all variants
Added Component: Designator=R6_in b5(R)
Add component. Clean all parameters for all variants
Added Component: Designator=R6_in b6(R)
Add component. Clean all parameters for all variants
Added Component: Designator=R7(R)
Add component. Clean all parameters for all variants
Added Component: Designator=R8(R)
Add component. Clean all parameters for all variants
Added Component: Designator=R9(R)
Add component. Clean all parameters for all variants
Added Component: Designator=VD1_in b1(BAV99)
Add component. Clean all parameters for all variants
Added Component: Designator=VD1_in b2(BAV99)
Add component. Clean all parameters for all variants
Added Component: Designator=VD1_in b3(BAV99)
Add component. Clean all parameters for all variants
Added Component: Designator=VD1_in b4(BAV99)
Add component. Clean all parameters for all variants
Added Component: Designator=VD1_in b5(BAV99)
Add component. Clean all parameters for all variants
Added Component: Designator=VD1_in b6(BAV99)
Add component. Clean all parameters for all variants
Added Component: Designator=VD2_in b1(BAV99)
Add component. Clean all parameters for all variants
Added Component: Designator=VD2_in b2(BAV99)
Add component. Clean all parameters for all variants
Added Component: Designator=VD2_in b3(BAV99)
Add component. Clean all parameters for all variants
Added Component: Designator=VD2_in b4(BAV99)
Add component. Clean all parameters for all variants
Added Component: Designator=VD2_in b5(BAV99)
Add component. Clean all parameters for all variants
Added Component: Designator=VD2_in b6(BAV99)
Add component. Clean all parameters for all variants
Added Component: Designator=VD3_in b1(BAV99)
Add component. Clean all parameters for all variants
Added Component: Designator=VD3_in b2(BAV99)
Add component. Clean all parameters for all variants
Added Component: Designator=VD3_in b3(BAV99)
Add component. Clean all parameters for all variants
Added Component: Designator=VD3_in b4(BAV99)
Add component. Clean all parameters for all variants
Added Component: Designator=VD3_in b5(BAV99)
Add component. Clean all parameters for all variants
Added Component: Designator=VD3_in b6(BAV99)
Add component. Clean all parameters for all variants
Added Component: Designator=VD4_in b1(BAV99)
Add component. Clean all parameters for all variants
Added Component: Designator=VD4_in b2(BAV99)
Add component. Clean all parameters for all variants
Added Component: Designator=VD4_in b3(BAV99)
Add component. Clean all parameters for all variants
Added Component: Designator=VD4_in b4(BAV99)
Add component. Clean all parameters for all variants
Added Component: Designator=VD4_in b5(BAV99)
Add component. Clean all parameters for all variants
Added Component: Designator=VD4_in b6(BAV99)
Add component. Clean all parameters for all variants
Added Component: Designator=VD5_in b1(BAV99)
Add component. Clean all parameters for all variants
Added Component: Designator=VD5_in b2(BAV99)
Add component. Clean all parameters for all variants
Added Component: Designator=VD5_in b3(BAV99)
Add component. Clean all parameters for all variants
Added Component: Designator=VD5_in b4(BAV99)
Add component. Clean all parameters for all variants
Added Component: Designator=VD5_in b5(BAV99)
Add component. Clean all parameters for all variants
Added Component: Designator=VD5_in b6(BAV99)
Add component. Clean all parameters for all variants
Added Component: Designator=VD6_in b1(BAV99)
Add component. Clean all parameters for all variants
Added Component: Designator=VD6_in b2(BAV99)
Add component. Clean all parameters for all variants
Added Component: Designator=VD6_in b3(BAV99)
Add component. Clean all parameters for all variants
Added Component: Designator=VD6_in b4(BAV99)
Add component. Clean all parameters for all variants
Added Component: Designator=VD6_in b5(BAV99)
Add component. Clean all parameters for all variants
Added Component: Designator=VD6_in b6(BAV99)
Add component. Clean all parameters for all variants
Added Component: Designator=XH2(ХН(2))
Add component. Clean all parameters for all variants
Added Pin To Net: NetName=+3.3 Pin=C1_in b1-1
Added Pin To Net: NetName=+3.3 Pin=C1_in b2-1
Added Pin To Net: NetName=+3.3 Pin=C1_in b3-1
Added Pin To Net: NetName=+3.3 Pin=C1_in b4-1
Added Pin To Net: NetName=+3.3 Pin=C1_in b5-1
Added Pin To Net: NetName=+3.3 Pin=C1_in b6-1
Added Pin To Net: NetName=+3.3 Pin=C4-2
Added Pin To Net: NetName=+3.3 Pin=C5-1
Added Pin To Net: NetName=+3.3 Pin=C6-2
Added Pin To Net: NetName=+3.3 Pin=C7-2
Added Pin To Net: NetName=+3.3 Pin=C8-2
Added Pin To Net: NetName=+3.3 Pin=C9-2
Added Pin To Net: NetName=+3.3 Pin=C11-2
Added Pin To Net: NetName=+3.3 Pin=DD1_in b1-1
Added Pin To Net: NetName=+3.3 Pin=DD1_in b2-1
Added Pin To Net: NetName=+3.3 Pin=DD1_in b3-1
Added Pin To Net: NetName=+3.3 Pin=DD1_in b4-1
Added Pin To Net: NetName=+3.3 Pin=DD1_in b5-1
Added Pin To Net: NetName=+3.3 Pin=DD1_in b6-1
Added Pin To Net: NetName=+3.3 Pin=DD2-16
Added Pin To Net: NetName=+3.3 Pin=DD3-2
Added Pin To Net: NetName=+3.3 Pin=DD3-2
Added Pin To Net: NetName=+3.3 Pin=DD5-16
Added Pin To Net: NetName=+3.3 Pin=DD6-16
Added Pin To Net: NetName=+3.3 Pin=DD7-6
Added Net: Name=+3.3
Added Pin To Net: NetName=+12 Pin=C2-1
Added Pin To Net: NetName=+12 Pin=C3-2
Added Pin To Net: NetName=+12 Pin=DD3-3
Added Pin To Net: NetName=+12 Pin=VD1_in b1-2
Added Pin To Net: NetName=+12 Pin=VD1_in b2-2
Added Pin To Net: NetName=+12 Pin=VD1_in b3-2
Added Pin To Net: NetName=+12 Pin=VD1_in b4-2
Added Pin To Net: NetName=+12 Pin=VD1_in b5-2
Added Pin To Net: NetName=+12 Pin=VD1_in b6-2
Added Pin To Net: NetName=+12 Pin=VD2_in b1-2
Added Pin To Net: NetName=+12 Pin=VD2_in b2-2
Added Pin To Net: NetName=+12 Pin=VD2_in b3-2
Added Pin To Net: NetName=+12 Pin=VD2_in b4-2
Added Pin To Net: NetName=+12 Pin=VD2_in b5-2
Added Pin To Net: NetName=+12 Pin=VD2_in b6-2
Added Pin To Net: NetName=+12 Pin=VD3_in b1-2
Added Pin To Net: NetName=+12 Pin=VD3_in b2-2
Added Pin To Net: NetName=+12 Pin=VD3_in b3-2
Added Pin To Net: NetName=+12 Pin=VD3_in b4-2
Added Pin To Net: NetName=+12 Pin=VD3_in b5-2
Added Pin To Net: NetName=+12 Pin=VD3_in b6-2
Added Pin To Net: NetName=+12 Pin=VD4_in b1-2
Added Pin To Net: NetName=+12 Pin=VD4_in b2-2
Added Pin To Net: NetName=+12 Pin=VD4_in b3-2
Added Pin To Net: NetName=+12 Pin=VD4_in b4-2
Added Pin To Net: NetName=+12 Pin=VD4_in b5-2
Added Pin To Net: NetName=+12 Pin=VD4_in b6-2
Added Pin To Net: NetName=+12 Pin=VD5_in b1-2
Added Pin To Net: NetName=+12 Pin=VD5_in b2-2
Added Pin To Net: NetName=+12 Pin=VD5_in b3-2
Added Pin To Net: NetName=+12 Pin=VD5_in b4-2
Added Pin To Net: NetName=+12 Pin=VD5_in b5-2
Added Pin To Net: NetName=+12 Pin=VD5_in b6-2
Added Pin To Net: NetName=+12 Pin=VD6_in b1-2
Added Pin To Net: NetName=+12 Pin=VD6_in b2-2
Added Pin To Net: NetName=+12 Pin=VD6_in b3-2
Added Pin To Net: NetName=+12 Pin=VD6_in b4-2
Added Pin To Net: NetName=+12 Pin=VD6_in b5-2
Added Pin To Net: NetName=+12 Pin=VD6_in b6-2
Added Pin To Net: NetName=+12 Pin=XH2-1
Added Net: Name=+12
Added Pin To Net: NetName=GND Pin=C1_in b1-2
Added Pin To Net: NetName=GND Pin=C1_in b2-2
Added Pin To Net: NetName=GND Pin=C1_in b3-2
Added Pin To Net: NetName=GND Pin=C1_in b4-2
Added Pin To Net: NetName=GND Pin=C1_in b5-2
Added Pin To Net: NetName=GND Pin=C1_in b6-2
Added Pin To Net: NetName=GND Pin=C2-2
Added Pin To Net: NetName=GND Pin=C3-1
Added Pin To Net: NetName=GND Pin=C4-1
Added Pin To Net: NetName=GND Pin=C5-2
Added Pin To Net: NetName=GND Pin=C6-1
Added Pin To Net: NetName=GND Pin=C7-1
Added Pin To Net: NetName=GND Pin=C8-1
Added Pin To Net: NetName=GND Pin=C9-1
Added Pin To Net: NetName=GND Pin=C10-2
Added Pin To Net: NetName=GND Pin=C11-1
Added Pin To Net: NetName=GND Pin=DD1_in b1-8
Added Pin To Net: NetName=GND Pin=DD1_in b1-12
Added Pin To Net: NetName=GND Pin=DD1_in b1-15
Added Pin To Net: NetName=GND Pin=DD1_in b2-8
Added Pin To Net: NetName=GND Pin=DD1_in b3-8
Added Pin To Net: NetName=GND Pin=DD1_in b4-8
Added Pin To Net: NetName=GND Pin=DD1_in b5-8
Added Pin To Net: NetName=GND Pin=DD1_in b6-8
Added Pin To Net: NetName=GND Pin=DD3-1
Added Pin To Net: NetName=GND Pin=DD4-6
Added Pin To Net: NetName=GND Pin=DD4-7
Added Pin To Net: NetName=GND Pin=DD4-8
Added Pin To Net: NetName=GND Pin=DD5-6
Added Pin To Net: NetName=GND Pin=DD5-7
Added Pin To Net: NetName=GND Pin=DD5-8
Added Pin To Net: NetName=GND Pin=DD7-7
Added Pin To Net: NetName=GND Pin=R5_in b1-1
Added Pin To Net: NetName=GND Pin=R6_in b1-1
Added Pin To Net: NetName=GND Pin=R7-1
Added Pin To Net: NetName=GND Pin=R8-1
Added Pin To Net: NetName=GND Pin=R9-1
Added Pin To Net: NetName=GND Pin=VD1_in b1-1
Added Pin To Net: NetName=GND Pin=VD1_in b2-1
Added Pin To Net: NetName=GND Pin=VD1_in b3-1
Added Pin To Net: NetName=GND Pin=VD1_in b4-1
Added Pin To Net: NetName=GND Pin=VD1_in b5-1
Added Pin To Net: NetName=GND Pin=VD1_in b6-1
Added Pin To Net: NetName=GND Pin=VD2_in b1-1
Added Pin To Net: NetName=GND Pin=VD2_in b2-1
Added Pin To Net: NetName=GND Pin=VD2_in b3-1
Added Pin To Net: NetName=GND Pin=VD2_in b4-1
Added Pin To Net: NetName=GND Pin=VD2_in b5-1
Added Pin To Net: NetName=GND Pin=VD2_in b6-1
Added Pin To Net: NetName=GND Pin=VD3_in b1-1
Added Pin To Net: NetName=GND Pin=VD3_in b2-1
Added Pin To Net: NetName=GND Pin=VD3_in b3-1
Added Pin To Net: NetName=GND Pin=VD3_in b4-1
Added Pin To Net: NetName=GND Pin=VD3_in b5-1
Added Pin To Net: NetName=GND Pin=VD3_in b6-1
Added Pin To Net: NetName=GND Pin=VD4_in b1-1
Added Pin To Net: NetName=GND Pin=VD4_in b2-1
Added Pin To Net: NetName=GND Pin=VD4_in b3-1
Added Pin To Net: NetName=GND Pin=VD4_in b4-1
Added Pin To Net: NetName=GND Pin=VD4_in b5-1
Added Pin To Net: NetName=GND Pin=VD4_in b6-1
Added Pin To Net: NetName=GND Pin=VD5_in b1-1
Added Pin To Net: NetName=GND Pin=VD5_in b2-1
Added Pin To Net: NetName=GND Pin=VD5_in b3-1
Added Pin To Net: NetName=GND Pin=VD5_in b4-1
Added Pin To Net: NetName=GND Pin=VD5_in b5-1
Added Pin To Net: NetName=GND Pin=VD5_in b6-1
Added Pin To Net: NetName=GND Pin=VD6_in b1-1
Added Pin To Net: NetName=GND Pin=VD6_in b2-1
Added Pin To Net: NetName=GND Pin=VD6_in b3-1
Added Pin To Net: NetName=GND Pin=VD6_in b4-1
Added Pin To Net: NetName=GND Pin=VD6_in b5-1
Added Pin To Net: NetName=GND Pin=VD6_in b6-1
Added Pin To Net: NetName=GND Pin=XH2-2
Added Net: Name=GND
Added Pin To Net: NetName=NetDD1_in b1_2 Pin=DD1_in b1-2
Added Pin To Net: NetName=NetDD1_in b1_2 Pin=DD6-4
Added Net: Name=NetDD1_in b1_2
Added Pin To Net: NetName=NetDD1_in b1_3 Pin=DD1_in b1-3
Added Pin To Net: NetName=NetDD1_in b1_3 Pin=R1_in b1-2
Added Pin To Net: NetName=NetDD1_in b1_3 Pin=VD1_in b1-3
Added Net: Name=NetDD1_in b1_3
Added Pin To Net: NetName=NetDD1_in b1_4 Pin=DD1_in b1-4
Added Pin To Net: NetName=NetDD1_in b1_4 Pin=DD5-4
Added Net: Name=NetDD1_in b1_4
Added Pin To Net: NetName=NetDD1_in b1_5 Pin=DD1_in b1-5
Added Pin To Net: NetName=NetDD1_in b1_5 Pin=R2_in b1-2
Added Pin To Net: NetName=NetDD1_in b1_5 Pin=VD2_in b1-3
Added Net: Name=NetDD1_in b1_5
Added Pin To Net: NetName=NetDD1_in b1_6 Pin=DD1_in b1-6
Added Pin To Net: NetName=NetDD1_in b1_6 Pin=DD4-4
Added Net: Name=NetDD1_in b1_6
Added Pin To Net: NetName=NetDD1_in b1_7 Pin=DD1_in b1-7
Added Pin To Net: NetName=NetDD1_in b1_7 Pin=R3_in b1-2
Added Pin To Net: NetName=NetDD1_in b1_7 Pin=VD3_in b1-3
Added Net: Name=NetDD1_in b1_7
Added Pin To Net: NetName=NetDD1_in b1_9 Pin=DD1_in b1-9
Added Pin To Net: NetName=NetDD1_in b1_9 Pin=R4_in b1-2
Added Pin To Net: NetName=NetDD1_in b1_9 Pin=VD4_in b1-3
Added Net: Name=NetDD1_in b1_9
Added Pin To Net: NetName=NetDD1_in b1_10 Pin=DD1_in b1-10
Added Pin To Net: NetName=NetDD1_in b1_10 Pin=DD2-4
Added Net: Name=NetDD1_in b1_10
Added Pin To Net: NetName=NetDD1_in b1_11 Pin=DD1_in b1-11
Added Pin To Net: NetName=NetDD1_in b1_11 Pin=R5_in b1-2
Added Pin To Net: NetName=NetDD1_in b1_11 Pin=VD5_in b1-3
Added Net: Name=NetDD1_in b1_11
Added Pin To Net: NetName=NetDD1_in b1_14 Pin=DD1_in b1-14
Added Pin To Net: NetName=NetDD1_in b1_14 Pin=R6_in b1-2
Added Pin To Net: NetName=NetDD1_in b1_14 Pin=VD6_in b1-3
Added Net: Name=NetDD1_in b1_14
Added Pin To Net: NetName=NetDD1_in b2_2 Pin=DD1_in b2-2
Added Pin To Net: NetName=NetDD1_in b2_2 Pin=DD2-13
Added Net: Name=NetDD1_in b2_2
Added Pin To Net: NetName=NetDD1_in b2_3 Pin=DD1_in b2-3
Added Pin To Net: NetName=NetDD1_in b2_3 Pin=R1_in b2-2
Added Pin To Net: NetName=NetDD1_in b2_3 Pin=VD1_in b2-3
Added Net: Name=NetDD1_in b2_3
Added Pin To Net: NetName=NetDD1_in b2_4 Pin=DD1_in b2-4
Added Pin To Net: NetName=NetDD1_in b2_4 Pin=DD4-13
Added Net: Name=NetDD1_in b2_4
Added Pin To Net: NetName=NetDD1_in b2_5 Pin=DD1_in b2-5
Added Pin To Net: NetName=NetDD1_in b2_5 Pin=R2_in b2-2
Added Pin To Net: NetName=NetDD1_in b2_5 Pin=VD2_in b2-3
Added Net: Name=NetDD1_in b2_5
Added Pin To Net: NetName=NetDD1_in b2_6 Pin=DD1_in b2-6
Added Pin To Net: NetName=NetDD1_in b2_6 Pin=DD5-13
Added Net: Name=NetDD1_in b2_6
Added Pin To Net: NetName=NetDD1_in b2_7 Pin=DD1_in b2-7
Added Pin To Net: NetName=NetDD1_in b2_7 Pin=R3_in b2-2
Added Pin To Net: NetName=NetDD1_in b2_7 Pin=VD3_in b2-3
Added Net: Name=NetDD1_in b2_7
Added Pin To Net: NetName=NetDD1_in b2_9 Pin=DD1_in b2-9
Added Pin To Net: NetName=NetDD1_in b2_9 Pin=R4_in b2-2
Added Pin To Net: NetName=NetDD1_in b2_9 Pin=VD4_in b2-3
Added Net: Name=NetDD1_in b2_9
Added Pin To Net: NetName=NetDD1_in b2_10 Pin=DD1_in b2-10
Added Pin To Net: NetName=NetDD1_in b2_10 Pin=DD6-13
Added Net: Name=NetDD1_in b2_10
Added Pin To Net: NetName=NetDD1_in b2_11 Pin=DD1_in b2-11
Added Pin To Net: NetName=NetDD1_in b2_11 Pin=R5_in b2-2
Added Pin To Net: NetName=NetDD1_in b2_11 Pin=VD5_in b2-3
Added Net: Name=NetDD1_in b2_11
Added Pin To Net: NetName=NetDD1_in b2_12 Pin=DD1_in b2-12
Added Pin To Net: NetName=NetDD1_in b2_12 Pin=DD2-14
Added Net: Name=NetDD1_in b2_12
Added Pin To Net: NetName=NetDD1_in b2_14 Pin=DD1_in b2-14
Added Pin To Net: NetName=NetDD1_in b2_14 Pin=R6_in b2-2
Added Pin To Net: NetName=NetDD1_in b2_14 Pin=VD6_in b2-3
Added Net: Name=NetDD1_in b2_14
Added Pin To Net: NetName=NetDD1_in b2_15 Pin=DD1_in b2-15
Added Pin To Net: NetName=NetDD1_in b2_15 Pin=DD4-14
Added Net: Name=NetDD1_in b2_15
Added Pin To Net: NetName=NetDD1_in b3_2 Pin=DD1_in b3-2
Added Pin To Net: NetName=NetDD1_in b3_2 Pin=DD5-14
Added Net: Name=NetDD1_in b3_2
Added Pin To Net: NetName=NetDD1_in b3_3 Pin=DD1_in b3-3
Added Pin To Net: NetName=NetDD1_in b3_3 Pin=R1_in b3-2
Added Pin To Net: NetName=NetDD1_in b3_3 Pin=VD1_in b3-3
Added Net: Name=NetDD1_in b3_3
Added Pin To Net: NetName=NetDD1_in b3_4 Pin=DD1_in b3-4
Added Pin To Net: NetName=NetDD1_in b3_4 Pin=DD6-14
Added Net: Name=NetDD1_in b3_4
Added Pin To Net: NetName=NetDD1_in b3_5 Pin=DD1_in b3-5
Added Pin To Net: NetName=NetDD1_in b3_5 Pin=R2_in b3-2
Added Pin To Net: NetName=NetDD1_in b3_5 Pin=VD2_in b3-3
Added Net: Name=NetDD1_in b3_5
Added Pin To Net: NetName=NetDD1_in b3_6 Pin=DD1_in b3-6
Added Pin To Net: NetName=NetDD1_in b3_6 Pin=DD2-15
Added Net: Name=NetDD1_in b3_6
Added Pin To Net: NetName=NetDD1_in b3_7 Pin=DD1_in b3-7
Added Pin To Net: NetName=NetDD1_in b3_7 Pin=R3_in b3-2
Added Pin To Net: NetName=NetDD1_in b3_7 Pin=VD3_in b3-3
Added Net: Name=NetDD1_in b3_7
Added Pin To Net: NetName=NetDD1_in b3_9 Pin=DD1_in b3-9
Added Pin To Net: NetName=NetDD1_in b3_9 Pin=R4_in b3-2
Added Pin To Net: NetName=NetDD1_in b3_9 Pin=VD4_in b3-3
Added Net: Name=NetDD1_in b3_9
Added Pin To Net: NetName=NetDD1_in b3_10 Pin=DD1_in b3-10
Added Pin To Net: NetName=NetDD1_in b3_10 Pin=DD4-15
Added Net: Name=NetDD1_in b3_10
Added Pin To Net: NetName=NetDD1_in b3_11 Pin=DD1_in b3-11
Added Pin To Net: NetName=NetDD1_in b3_11 Pin=R5_in b3-2
Added Pin To Net: NetName=NetDD1_in b3_11 Pin=VD5_in b3-3
Added Net: Name=NetDD1_in b3_11
Added Pin To Net: NetName=NetDD1_in b3_12 Pin=DD1_in b3-12
Added Pin To Net: NetName=NetDD1_in b3_12 Pin=DD5-15
Added Net: Name=NetDD1_in b3_12
Added Pin To Net: NetName=NetDD1_in b3_14 Pin=DD1_in b3-14
Added Pin To Net: NetName=NetDD1_in b3_14 Pin=R6_in b3-2
Added Pin To Net: NetName=NetDD1_in b3_14 Pin=VD6_in b3-3
Added Net: Name=NetDD1_in b3_14
Added Pin To Net: NetName=NetDD1_in b3_15 Pin=DD1_in b3-15
Added Pin To Net: NetName=NetDD1_in b3_15 Pin=DD6-15
Added Net: Name=NetDD1_in b3_15
Added Pin To Net: NetName=NetDD1_in b4_2 Pin=DD1_in b4-2
Added Pin To Net: NetName=NetDD1_in b4_2 Pin=DD2-12
Added Net: Name=NetDD1_in b4_2
Added Pin To Net: NetName=NetDD1_in b4_3 Pin=DD1_in b4-3
Added Pin To Net: NetName=NetDD1_in b4_3 Pin=R1_in b4-2
Added Pin To Net: NetName=NetDD1_in b4_3 Pin=VD1_in b4-3
Added Net: Name=NetDD1_in b4_3
Added Pin To Net: NetName=NetDD1_in b4_4 Pin=DD1_in b4-4
Added Pin To Net: NetName=NetDD1_in b4_4 Pin=DD4-12
Added Net: Name=NetDD1_in b4_4
Added Pin To Net: NetName=NetDD1_in b4_5 Pin=DD1_in b4-5
Added Pin To Net: NetName=NetDD1_in b4_5 Pin=R2_in b4-2
Added Pin To Net: NetName=NetDD1_in b4_5 Pin=VD2_in b4-3
Added Net: Name=NetDD1_in b4_5
Added Pin To Net: NetName=NetDD1_in b4_6 Pin=DD1_in b4-6
Added Pin To Net: NetName=NetDD1_in b4_6 Pin=DD5-12
Added Net: Name=NetDD1_in b4_6
Added Pin To Net: NetName=NetDD1_in b4_7 Pin=DD1_in b4-7
Added Pin To Net: NetName=NetDD1_in b4_7 Pin=R3_in b4-2
Added Pin To Net: NetName=NetDD1_in b4_7 Pin=VD3_in b4-3
Added Net: Name=NetDD1_in b4_7
Added Pin To Net: NetName=NetDD1_in b4_9 Pin=DD1_in b4-9
Added Pin To Net: NetName=NetDD1_in b4_9 Pin=R4_in b4-2
Added Pin To Net: NetName=NetDD1_in b4_9 Pin=VD4_in b4-3
Added Net: Name=NetDD1_in b4_9
Added Pin To Net: NetName=NetDD1_in b4_10 Pin=DD1_in b4-10
Added Pin To Net: NetName=NetDD1_in b4_10 Pin=DD6-12
Added Net: Name=NetDD1_in b4_10
Added Pin To Net: NetName=NetDD1_in b4_11 Pin=DD1_in b4-11
Added Pin To Net: NetName=NetDD1_in b4_11 Pin=R5_in b4-2
Added Pin To Net: NetName=NetDD1_in b4_11 Pin=VD5_in b4-3
Added Net: Name=NetDD1_in b4_11
Added Pin To Net: NetName=NetDD1_in b4_12 Pin=DD1_in b4-12
Added Pin To Net: NetName=NetDD1_in b4_12 Pin=DD2-1
Added Net: Name=NetDD1_in b4_12
Added Pin To Net: NetName=NetDD1_in b4_14 Pin=DD1_in b4-14
Added Pin To Net: NetName=NetDD1_in b4_14 Pin=R6_in b4-2
Added Pin To Net: NetName=NetDD1_in b4_14 Pin=VD6_in b4-3
Added Net: Name=NetDD1_in b4_14
Added Pin To Net: NetName=NetDD1_in b4_15 Pin=DD1_in b4-15
Added Pin To Net: NetName=NetDD1_in b4_15 Pin=DD4-1
Added Net: Name=NetDD1_in b4_15
Added Pin To Net: NetName=NetDD1_in b5_2 Pin=DD1_in b5-2
Added Pin To Net: NetName=NetDD1_in b5_2 Pin=DD5-1
Added Net: Name=NetDD1_in b5_2
Added Pin To Net: NetName=NetDD1_in b5_3 Pin=DD1_in b5-3
Added Pin To Net: NetName=NetDD1_in b5_3 Pin=R1_in b5-2
Added Pin To Net: NetName=NetDD1_in b5_3 Pin=VD1_in b5-3
Added Net: Name=NetDD1_in b5_3
Added Pin To Net: NetName=NetDD1_in b5_4 Pin=DD1_in b5-4
Added Pin To Net: NetName=NetDD1_in b5_4 Pin=DD6-1
Added Net: Name=NetDD1_in b5_4
Added Pin To Net: NetName=NetDD1_in b5_5 Pin=DD1_in b5-5
Added Pin To Net: NetName=NetDD1_in b5_5 Pin=R2_in b5-2
Added Pin To Net: NetName=NetDD1_in b5_5 Pin=VD2_in b5-3
Added Net: Name=NetDD1_in b5_5
Added Pin To Net: NetName=NetDD1_in b5_6 Pin=DD1_in b5-6
Added Pin To Net: NetName=NetDD1_in b5_6 Pin=DD2-5
Added Net: Name=NetDD1_in b5_6
Added Pin To Net: NetName=NetDD1_in b5_7 Pin=DD1_in b5-7
Added Pin To Net: NetName=NetDD1_in b5_7 Pin=R3_in b5-2
Added Pin To Net: NetName=NetDD1_in b5_7 Pin=VD3_in b5-3
Added Net: Name=NetDD1_in b5_7
Added Pin To Net: NetName=NetDD1_in b5_9 Pin=DD1_in b5-9
Added Pin To Net: NetName=NetDD1_in b5_9 Pin=R4_in b5-2
Added Pin To Net: NetName=NetDD1_in b5_9 Pin=VD4_in b5-3
Added Net: Name=NetDD1_in b5_9
Added Pin To Net: NetName=NetDD1_in b5_10 Pin=DD1_in b5-10
Added Pin To Net: NetName=NetDD1_in b5_10 Pin=DD4-5
Added Net: Name=NetDD1_in b5_10
Added Pin To Net: NetName=NetDD1_in b5_11 Pin=DD1_in b5-11
Added Pin To Net: NetName=NetDD1_in b5_11 Pin=R5_in b5-2
Added Pin To Net: NetName=NetDD1_in b5_11 Pin=VD5_in b5-3
Added Net: Name=NetDD1_in b5_11
Added Pin To Net: NetName=NetDD1_in b5_12 Pin=DD1_in b5-12
Added Pin To Net: NetName=NetDD1_in b5_12 Pin=DD5-5
Added Net: Name=NetDD1_in b5_12
Added Pin To Net: NetName=NetDD1_in b5_14 Pin=DD1_in b5-14
Added Pin To Net: NetName=NetDD1_in b5_14 Pin=R6_in b5-2
Added Pin To Net: NetName=NetDD1_in b5_14 Pin=VD6_in b5-3
Added Net: Name=NetDD1_in b5_14
Added Pin To Net: NetName=NetDD1_in b5_15 Pin=DD1_in b5-15
Added Pin To Net: NetName=NetDD1_in b5_15 Pin=DD6-5
Added Net: Name=NetDD1_in b5_15
Added Pin To Net: NetName=NetDD1_in b6_2 Pin=DD1_in b6-2
Added Pin To Net: NetName=NetDD1_in b6_2 Pin=DD7-34
Added Net: Name=NetDD1_in b6_2
Added Pin To Net: NetName=NetDD1_in b6_3 Pin=DD1_in b6-3
Added Pin To Net: NetName=NetDD1_in b6_3 Pin=R1_in b6-2
Added Pin To Net: NetName=NetDD1_in b6_3 Pin=VD1_in b6-3
Added Net: Name=NetDD1_in b6_3
Added Pin To Net: NetName=NetDD1_in b6_4 Pin=DD1_in b6-4
Added Pin To Net: NetName=NetDD1_in b6_4 Pin=DD6-2
Added Net: Name=NetDD1_in b6_4
Added Pin To Net: NetName=NetDD1_in b6_5 Pin=DD1_in b6-5
Added Pin To Net: NetName=NetDD1_in b6_5 Pin=R2_in b6-2
Added Pin To Net: NetName=NetDD1_in b6_5 Pin=VD2_in b6-3
Added Net: Name=NetDD1_in b6_5
Added Pin To Net: NetName=NetDD1_in b6_6 Pin=DD1_in b6-6
Added Pin To Net: NetName=NetDD1_in b6_6 Pin=DD5-2
Added Net: Name=NetDD1_in b6_6
Added Pin To Net: NetName=NetDD1_in b6_7 Pin=DD1_in b6-7
Added Pin To Net: NetName=NetDD1_in b6_7 Pin=R3_in b6-2
Added Pin To Net: NetName=NetDD1_in b6_7 Pin=VD3_in b6-3
Added Net: Name=NetDD1_in b6_7
Added Pin To Net: NetName=NetDD1_in b6_9 Pin=DD1_in b6-9
Added Pin To Net: NetName=NetDD1_in b6_9 Pin=R4_in b6-2
Added Pin To Net: NetName=NetDD1_in b6_9 Pin=VD4_in b6-3
Added Net: Name=NetDD1_in b6_9
Added Pin To Net: NetName=NetDD1_in b6_10 Pin=DD1_in b6-10
Added Pin To Net: NetName=NetDD1_in b6_10 Pin=DD4-2
Added Net: Name=NetDD1_in b6_10
Added Pin To Net: NetName=NetDD1_in b6_11 Pin=DD1_in b6-11
Added Pin To Net: NetName=NetDD1_in b6_11 Pin=R5_in b6-2
Added Pin To Net: NetName=NetDD1_in b6_11 Pin=VD5_in b6-3
Added Net: Name=NetDD1_in b6_11
Added Pin To Net: NetName=NetDD1_in b6_12 Pin=DD1_in b6-12
Added Pin To Net: NetName=NetDD1_in b6_12 Pin=DD2-2
Added Net: Name=NetDD1_in b6_12
Added Pin To Net: NetName=NetDD1_in b6_14 Pin=DD1_in b6-14
Added Pin To Net: NetName=NetDD1_in b6_14 Pin=R6_in b6-2
Added Pin To Net: NetName=NetDD1_in b6_14 Pin=VD6_in b6-3
Added Net: Name=NetDD1_in b6_14
Added Pin To Net: NetName=NetDD1_in b6_15 Pin=DD1_in b6-15
Added Pin To Net: NetName=NetDD1_in b6_15 Pin=DD7-33
Added Net: Name=NetDD1_in b6_15
Added Pin To Net: NetName=NetDD2_3 Pin=DD2-3
Added Pin To Net: NetName=NetDD2_3 Pin=DD7-48
Added Net: Name=NetDD2_3
Added Pin To Net: NetName=NetDD2_9 Pin=DD2-9
Added Pin To Net: NetName=NetDD2_9 Pin=DD4-9
Added Pin To Net: NetName=NetDD2_9 Pin=DD5-9
Added Pin To Net: NetName=NetDD2_9 Pin=DD6-9
Added Pin To Net: NetName=NetDD2_9 Pin=DD7-20
Added Pin To Net: NetName=NetDD2_9 Pin=R9-2
Added Net: Name=NetDD2_9
Added Pin To Net: NetName=NetDD2_10 Pin=DD2-10
Added Pin To Net: NetName=NetDD2_10 Pin=DD4-10
Added Pin To Net: NetName=NetDD2_10 Pin=DD5-10
Added Pin To Net: NetName=NetDD2_10 Pin=DD6-10
Added Pin To Net: NetName=NetDD2_10 Pin=DD7-21
Added Pin To Net: NetName=NetDD2_10 Pin=R8-2
Added Net: Name=NetDD2_10
Added Pin To Net: NetName=NetDD2_11 Pin=DD2-11
Added Pin To Net: NetName=NetDD2_11 Pin=DD4-11
Added Pin To Net: NetName=NetDD2_11 Pin=DD5-11
Added Pin To Net: NetName=NetDD2_11 Pin=DD6-11
Added Pin To Net: NetName=NetDD2_11 Pin=DD7-22
Added Pin To Net: NetName=NetDD2_11 Pin=R7-2
Added Net: Name=NetDD2_11
Added Pin To Net: NetName=NetDD4_3 Pin=DD4-3
Added Pin To Net: NetName=NetDD4_3 Pin=DD7-1
Added Net: Name=NetDD4_3
Added Pin To Net: NetName=NetDD5_3 Pin=DD5-3
Added Pin To Net: NetName=NetDD5_3 Pin=DD7-2
Added Net: Name=NetDD5_3
Added Pin To Net: NetName=NetDD6_3 Pin=DD6-3
Added Pin To Net: NetName=NetDD6_3 Pin=DD7-3
Added Net: Name=NetDD6_3
Added Pin To Net: NetName=NetR1_in b1_1 Pin=R1_in b1-1
Added Net: Name=NetR1_in b1_1
Added Pin To Net: NetName=NetR1_in b2_1 Pin=R1_in b2-1
Added Net: Name=NetR1_in b2_1
Added Pin To Net: NetName=NetR1_in b3_1 Pin=R1_in b3-1
Added Net: Name=NetR1_in b3_1
Added Pin To Net: NetName=NetR1_in b4_1 Pin=R1_in b4-1
Added Net: Name=NetR1_in b4_1
Added Pin To Net: NetName=NetR1_in b5_1 Pin=R1_in b5-1
Added Net: Name=NetR1_in b5_1
Added Pin To Net: NetName=NetR1_in b6_1 Pin=R1_in b6-1
Added Net: Name=NetR1_in b6_1
Added Pin To Net: NetName=NetR2_in b1_1 Pin=R2_in b1-1
Added Net: Name=NetR2_in b1_1
Added Pin To Net: NetName=NetR2_in b2_1 Pin=R2_in b2-1
Added Net: Name=NetR2_in b2_1
Added Pin To Net: NetName=NetR2_in b3_1 Pin=R2_in b3-1
Added Net: Name=NetR2_in b3_1
Added Pin To Net: NetName=NetR2_in b4_1 Pin=R2_in b4-1
Added Net: Name=NetR2_in b4_1
Added Pin To Net: NetName=NetR2_in b5_1 Pin=R2_in b5-1
Added Net: Name=NetR2_in b5_1
Added Pin To Net: NetName=NetR2_in b6_1 Pin=R2_in b6-1
Added Net: Name=NetR2_in b6_1
Added Pin To Net: NetName=NetR3_in b1_1 Pin=R3_in b1-1
Added Net: Name=NetR3_in b1_1
Added Pin To Net: NetName=NetR3_in b2_1 Pin=R3_in b2-1
Added Net: Name=NetR3_in b2_1
Added Pin To Net: NetName=NetR3_in b3_1 Pin=R3_in b3-1
Added Net: Name=NetR3_in b3_1
Added Pin To Net: NetName=NetR3_in b4_1 Pin=R3_in b4-1
Added Net: Name=NetR3_in b4_1
Added Pin To Net: NetName=NetR3_in b5_1 Pin=R3_in b5-1
Added Net: Name=NetR3_in b5_1
Added Pin To Net: NetName=NetR3_in b6_1 Pin=R3_in b6-1
Added Net: Name=NetR3_in b6_1
Added Pin To Net: NetName=NetR4_in b1_1 Pin=R4_in b1-1
Added Net: Name=NetR4_in b1_1
Added Pin To Net: NetName=NetR4_in b2_1 Pin=R4_in b2-1
Added Net: Name=NetR4_in b2_1
Added Pin To Net: NetName=NetR4_in b3_1 Pin=R4_in b3-1
Added Net: Name=NetR4_in b3_1
Added Pin To Net: NetName=NetR4_in b4_1 Pin=R4_in b4-1
Added Net: Name=NetR4_in b4_1
Added Pin To Net: NetName=NetR4_in b5_1 Pin=R4_in b5-1
Added Net: Name=NetR4_in b5_1
Added Pin To Net: NetName=NetR4_in b6_1 Pin=R4_in b6-1
Added Net: Name=NetR4_in b6_1
Added Pin To Net: NetName=NetR5_in b2_1 Pin=R5_in b2-1
Added Net: Name=NetR5_in b2_1
Added Pin To Net: NetName=NetR5_in b3_1 Pin=R5_in b3-1
Added Net: Name=NetR5_in b3_1
Added Pin To Net: NetName=NetR5_in b4_1 Pin=R5_in b4-1
Added Net: Name=NetR5_in b4_1
Added Pin To Net: NetName=NetR5_in b5_1 Pin=R5_in b5-1
Added Net: Name=NetR5_in b5_1
Added Pin To Net: NetName=NetR5_in b6_1 Pin=R5_in b6-1
Added Net: Name=NetR5_in b6_1
Added Pin To Net: NetName=NetR6_in b2_1 Pin=R6_in b2-1
Added Net: Name=NetR6_in b2_1
Added Pin To Net: NetName=NetR6_in b3_1 Pin=R6_in b3-1
Added Net: Name=NetR6_in b3_1
Added Pin To Net: NetName=NetR6_in b4_1 Pin=R6_in b4-1
Added Net: Name=NetR6_in b4_1
Added Pin To Net: NetName=NetR6_in b5_1 Pin=R6_in b5-1
Added Net: Name=NetR6_in b5_1
Added Pin To Net: NetName=NetR6_in b6_1 Pin=R6_in b6-1
Added Net: Name=NetR6_in b6_1
Added Member To Class: ClassName=in b1 Member=Component C1_in b1 (C1) C(ceramic)
Added Member To Class: ClassName=in b2 Member=Component C1_in b2 (C1) C(ceramic)
Added Member To Class: ClassName=in b3 Member=Component C1_in b3 (C1) C(ceramic)
Added Member To Class: ClassName=in b4 Member=Component C1_in b4 (C1) C(ceramic)
Added Member To Class: ClassName=in b5 Member=Component C1_in b5 (C1) C(ceramic)
Added Member To Class: ClassName=in b6 Member=Component C1_in b6 (C1) C(ceramic)
Added Member To Class: ClassName=U_согл Member=Component C2 C(AlEL)
Added Member To Class: ClassName=U_согл Member=Component C3 C(ceramic)
Added Member To Class: ClassName=U_согл Member=Component C4 C(ceramic)
Added Member To Class: ClassName=U_согл Member=Component C5 C(AlEL)
Added Member To Class: ClassName=U_согл Member=Component C6 C(ceramic)
Added Member To Class: ClassName=U_согл Member=Component C7 C(ceramic)
Added Member To Class: ClassName=U_согл Member=Component C8 C(ceramic)
Added Member To Class: ClassName=U_согл Member=Component C9 C(ceramic)
Added Member To Class: ClassName=УПРАВЛ Member=Component C10 C(AlEL)
Added Member To Class: ClassName=УПРАВЛ Member=Component C11 C(ceramic)
Added Member To Class: ClassName=in b1 Member=Component DD1_in b1 (DD1) 74HC4050
Added Member To Class: ClassName=in b2 Member=Component DD1_in b2 (DD1) 74HC4050
Added Member To Class: ClassName=in b3 Member=Component DD1_in b3 (DD1) 74HC4050
Added Member To Class: ClassName=in b4 Member=Component DD1_in b4 (DD1) 74HC4050
Added Member To Class: ClassName=in b5 Member=Component DD1_in b5 (DD1) 74HC4050
Added Member To Class: ClassName=in b6 Member=Component DD1_in b6 (DD1) 74HC4050
Added Member To Class: ClassName=U_согл Member=Component DD2 74HC4051
Added Member To Class: ClassName=U_согл Member=Component DD3 L1117
Added Member To Class: ClassName=U_согл Member=Component DD4 74HC4051
Added Member To Class: ClassName=U_согл Member=Component DD5 74HC4051
Added Member To Class: ClassName=U_согл Member=Component DD6 74HC4051
Added Member To Class: ClassName=УПРАВЛ Member=Component DD7 MSP430FR2355TPT
Added Member To Class: ClassName=in b1 Member=Component R1_in b1 (R1) R
Added Member To Class: ClassName=in b2 Member=Component R1_in b2 (R1) R
Added Member To Class: ClassName=in b3 Member=Component R1_in b3 (R1) R
Added Member To Class: ClassName=in b4 Member=Component R1_in b4 (R1) R
Added Member To Class: ClassName=in b5 Member=Component R1_in b5 (R1) R
Added Member To Class: ClassName=in b6 Member=Component R1_in b6 (R1) R
Added Member To Class: ClassName=in b1 Member=Component R2_in b1 (R2) R
Added Member To Class: ClassName=in b2 Member=Component R2_in b2 (R2) R
Added Member To Class: ClassName=in b3 Member=Component R2_in b3 (R2) R
Added Member To Class: ClassName=in b4 Member=Component R2_in b4 (R2) R
Added Member To Class: ClassName=in b5 Member=Component R2_in b5 (R2) R
Added Member To Class: ClassName=in b6 Member=Component R2_in b6 (R2) R
Added Member To Class: ClassName=in b1 Member=Component R3_in b1 (R3) R
Added Member To Class: ClassName=in b2 Member=Component R3_in b2 (R3) R
Added Member To Class: ClassName=in b3 Member=Component R3_in b3 (R3) R
Added Member To Class: ClassName=in b4 Member=Component R3_in b4 (R3) R
Added Member To Class: ClassName=in b5 Member=Component R3_in b5 (R3) R
Added Member To Class: ClassName=in b6 Member=Component R3_in b6 (R3) R
Added Member To Class: ClassName=in b1 Member=Component R4_in b1 (R4) R
Added Member To Class: ClassName=in b2 Member=Component R4_in b2 (R4) R
Added Member To Class: ClassName=in b3 Member=Component R4_in b3 (R4) R
Added Member To Class: ClassName=in b4 Member=Component R4_in b4 (R4) R
Added Member To Class: ClassName=in b5 Member=Component R4_in b5 (R4) R
Added Member To Class: ClassName=in b6 Member=Component R4_in b6 (R4) R
Added Member To Class: ClassName=in b1 Member=Component R5_in b1 (R5) R
Added Member To Class: ClassName=in b2 Member=Component R5_in b2 (R5) R
Added Member To Class: ClassName=in b3 Member=Component R5_in b3 (R5) R
Added Member To Class: ClassName=in b4 Member=Component R5_in b4 (R5) R
Added Member To Class: ClassName=in b5 Member=Component R5_in b5 (R5) R
Added Member To Class: ClassName=in b6 Member=Component R5_in b6 (R5) R
Added Member To Class: ClassName=in b1 Member=Component R6_in b1 (R6) R
Added Member To Class: ClassName=in b2 Member=Component R6_in b2 (R6) R
Added Member To Class: ClassName=in b3 Member=Component R6_in b3 (R6) R
Added Member To Class: ClassName=in b4 Member=Component R6_in b4 (R6) R
Added Member To Class: ClassName=in b5 Member=Component R6_in b5 (R6) R
Added Member To Class: ClassName=in b6 Member=Component R6_in b6 (R6) R
Added Member To Class: ClassName=U_согл Member=Component R7 R
Added Member To Class: ClassName=U_согл Member=Component R8 R
Added Member To Class: ClassName=U_согл Member=Component R9 R
Added Member To Class: ClassName=in b1 Member=Component VD1_in b1 (VD1) BAV99
Added Member To Class: ClassName=in b2 Member=Component VD1_in b2 (VD1) BAV99
Added Member To Class: ClassName=in b3 Member=Component VD1_in b3 (VD1) BAV99
Added Member To Class: ClassName=in b4 Member=Component VD1_in b4 (VD1) BAV99
Added Member To Class: ClassName=in b5 Member=Component VD1_in b5 (VD1) BAV99
Added Member To Class: ClassName=in b6 Member=Component VD1_in b6 (VD1) BAV99
Added Member To Class: ClassName=in b1 Member=Component VD2_in b1 (VD2) BAV99
Added Member To Class: ClassName=in b2 Member=Component VD2_in b2 (VD2) BAV99
Added Member To Class: ClassName=in b3 Member=Component VD2_in b3 (VD2) BAV99
Added Member To Class: ClassName=in b4 Member=Component VD2_in b4 (VD2) BAV99
Added Member To Class: ClassName=in b5 Member=Component VD2_in b5 (VD2) BAV99
Added Member To Class: ClassName=in b6 Member=Component VD2_in b6 (VD2) BAV99
Added Member To Class: ClassName=in b1 Member=Component VD3_in b1 (VD3) BAV99
Added Member To Class: ClassName=in b2 Member=Component VD3_in b2 (VD3) BAV99
Added Member To Class: ClassName=in b3 Member=Component VD3_in b3 (VD3) BAV99
Added Member To Class: ClassName=in b4 Member=Component VD3_in b4 (VD3) BAV99
Added Member To Class: ClassName=in b5 Member=Component VD3_in b5 (VD3) BAV99
Added Member To Class: ClassName=in b6 Member=Component VD3_in b6 (VD3) BAV99
Added Member To Class: ClassName=in b1 Member=Component VD4_in b1 (VD4) BAV99
Added Member To Class: ClassName=in b2 Member=Component VD4_in b2 (VD4) BAV99
Added Member To Class: ClassName=in b3 Member=Component VD4_in b3 (VD4) BAV99
Added Member To Class: ClassName=in b4 Member=Component VD4_in b4 (VD4) BAV99
Added Member To Class: ClassName=in b5 Member=Component VD4_in b5 (VD4) BAV99
Added Member To Class: ClassName=in b6 Member=Component VD4_in b6 (VD4) BAV99
Added Member To Class: ClassName=in b1 Member=Component VD5_in b1 (VD5) BAV99
Added Member To Class: ClassName=in b2 Member=Component VD5_in b2 (VD5) BAV99
Added Member To Class: ClassName=in b3 Member=Component VD5_in b3 (VD5) BAV99
Added Member To Class: ClassName=in b4 Member=Component VD5_in b4 (VD5) BAV99
Added Member To Class: ClassName=in b5 Member=Component VD5_in b5 (VD5) BAV99
Added Member To Class: ClassName=in b6 Member=Component VD5_in b6 (VD5) BAV99
Added Member To Class: ClassName=in b1 Member=Component VD6_in b1 (VD6) BAV99
Added Member To Class: ClassName=in b2 Member=Component VD6_in b2 (VD6) BAV99
Added Member To Class: ClassName=in b3 Member=Component VD6_in b3 (VD6) BAV99
Added Member To Class: ClassName=in b4 Member=Component VD6_in b4 (VD6) BAV99
Added Member To Class: ClassName=in b5 Member=Component VD6_in b5 (VD6) BAV99
Added Member To Class: ClassName=in b6 Member=Component VD6_in b6 (VD6) BAV99
Added Member To Class: ClassName=U_согл Member=Component XH2 ХН(2)
Added Room: Name=in b1
Added Room: Name=in b2
Added Room: Name=in b3
Added Room: Name=in b4
Added Room: Name=in b5
Added Room: Name=in b6
Added Room: Name=U_согл
Added Room: Name=УПРАВЛ
