Added Component: Designator=BH2(IDC20)
Added Component: Designator=BH?(BH-14 (DS1013-14S) (IDC-14MS))
Added Component: Designator=C1(C(ceramic))
Added Component: Designator=C2(C(ceramic))
Added Component: Designator=C3(C(ceramic))
Added Component: Designator=C4(C(ceramic))
Added Component: Designator=C5(C(ceramic))
Added Component: Designator=C6(C(ceramic))
Added Component: Designator=C7(C(ceramic))
Added Component: Designator=C8(C(ceramic))
Added Component: Designator=C9(C(ceramic))
Added Component: Designator=C10(C(ceramic))
Added Component: Designator=C11(C(ceramic))
Added Component: Designator=C12(C(ceramic))
Added Component: Designator=C13(C(AlEL))
Added Component: Designator=C14(C(AlEL))
Added Component: Designator=C15(C(ceramic))
Added Component: Designator=C16(C(ceramic))
Added Component: Designator=C17(C(AlEL))
Added Component: Designator=C18(C(ceramic))
Added Component: Designator=C19(C(AlEL))
Added Component: Designator=C20(C(ceramic))
Added Component: Designator=C21_Designator1(C(ceramic))
Added Component: Designator=C21_Designator2(C(ceramic))
Added Component: Designator=C21_Designator3(C(ceramic))
Added Component: Designator=C21_Designator4(C(ceramic))
Added Component: Designator=C21_Designator5(C(ceramic))
Added Component: Designator=C21_Designator6(C(ceramic))
Added Component: Designator=DD1(лХЙПНЙНМРПНККЕП AT32F407VGT7_LQFP-100)
Added Component: Designator=DD2(LDL1117)
Added Component: Designator=DD3(LDL1117)
Added Component: Designator=DD4_Designator1(74HC4050(51))
Added Component: Designator=DD4_Designator2(74HC4050(51))
Added Component: Designator=DD4_Designator3(74HC4050(51))
Added Component: Designator=DD4_Designator4(74HC4050(51))
Added Component: Designator=DD4_Designator5(74HC4050(51))
Added Component: Designator=DD4_Designator6(74HC4050(51))
Added Component: Designator=K1_U_пеке1(IM06TS)
Added Component: Designator=K1_U_пеке2(IM06TS)
Added Component: Designator=K1_U_пеке3(IM06TS)
Added Component: Designator=K1_U_пеке4(IM06TS)
Added Component: Designator=K1_U_пеке5(IM06TS)
Added Component: Designator=K1_U_пеке6(IM06TS)
Added Component: Designator=K1_U_пеке7(IM06TS)
Added Component: Designator=K1_U_пеке8(IM06TS)
Added Component: Designator=R1(R)
Added Component: Designator=R2(R)
Added Component: Designator=R3(R)
Added Component: Designator=R4(R)
Added Component: Designator=R5(R)
Added Component: Designator=R6(R)
Added Component: Designator=R7(R)
Added Component: Designator=R8(R)
Added Component: Designator=R9(R)
Added Component: Designator=R10(R)
Added Component: Designator=R11(R)
Added Component: Designator=R12(R)
Added Component: Designator=R13_U_пеке1(R)
Added Component: Designator=R13_U_пеке2(R)
Added Component: Designator=R13_U_пеке3(R)
Added Component: Designator=R13_U_пеке4(R)
Added Component: Designator=R13_U_пеке5(R)
Added Component: Designator=R13_U_пеке6(R)
Added Component: Designator=R13_U_пеке7(R)
Added Component: Designator=R13_U_пеке8(R)
Added Component: Designator=R14_U_пеке1(R)
Added Component: Designator=R14_U_пеке2(R)
Added Component: Designator=R14_U_пеке3(R)
Added Component: Designator=R14_U_пеке4(R)
Added Component: Designator=R14_U_пеке5(R)
Added Component: Designator=R14_U_пеке6(R)
Added Component: Designator=R14_U_пеке7(R)
Added Component: Designator=R14_U_пеке8(R)
Added Component: Designator=R15_Designator1(R)
Added Component: Designator=R15_Designator2(R)
Added Component: Designator=R15_Designator3(R)
Added Component: Designator=R15_Designator4(R)
Added Component: Designator=R15_Designator5(R)
Added Component: Designator=R15_Designator6(R)
Added Component: Designator=R16_Designator1(R)
Added Component: Designator=R16_Designator2(R)
Added Component: Designator=R16_Designator3(R)
Added Component: Designator=R16_Designator4(R)
Added Component: Designator=R16_Designator5(R)
Added Component: Designator=R16_Designator6(R)
Added Component: Designator=R17_Designator1(R)
Added Component: Designator=R17_Designator2(R)
Added Component: Designator=R17_Designator3(R)
Added Component: Designator=R17_Designator4(R)
Added Component: Designator=R17_Designator5(R)
Added Component: Designator=R17_Designator6(R)
Added Component: Designator=R18_Designator1(R)
Added Component: Designator=R18_Designator2(R)
Added Component: Designator=R18_Designator3(R)
Added Component: Designator=R18_Designator4(R)
Added Component: Designator=R18_Designator5(R)
Added Component: Designator=R18_Designator6(R)
Added Component: Designator=R19_Designator1(R)
Added Component: Designator=R19_Designator2(R)
Added Component: Designator=R19_Designator3(R)
Added Component: Designator=R19_Designator4(R)
Added Component: Designator=R19_Designator5(R)
Added Component: Designator=R19_Designator6(R)
Added Component: Designator=R20_Designator1(R)
Added Component: Designator=R20_Designator2(R)
Added Component: Designator=R20_Designator3(R)
Added Component: Designator=R20_Designator4(R)
Added Component: Designator=R20_Designator5(R)
Added Component: Designator=R20_Designator6(R)
Added Component: Designator=VD1_U_пеке1(SS14)
Added Component: Designator=VD1_U_пеке2(SS14)
Added Component: Designator=VD1_U_пеке3(SS14)
Added Component: Designator=VD1_U_пеке4(SS14)
Added Component: Designator=VD1_U_пеке5(SS14)
Added Component: Designator=VD1_U_пеке6(SS14)
Added Component: Designator=VD1_U_пеке7(SS14)
Added Component: Designator=VD1_U_пеке8(SS14)
Added Component: Designator=VD2_Designator1(BAV99)
Added Component: Designator=VD2_Designator2(BAV99)
Added Component: Designator=VD2_Designator3(BAV99)
Added Component: Designator=VD2_Designator4(BAV99)
Added Component: Designator=VD2_Designator5(BAV99)
Added Component: Designator=VD2_Designator6(BAV99)
Added Component: Designator=VD3_Designator1(BAV99)
Added Component: Designator=VD3_Designator2(BAV99)
Added Component: Designator=VD3_Designator3(BAV99)
Added Component: Designator=VD3_Designator4(BAV99)
Added Component: Designator=VD3_Designator5(BAV99)
Added Component: Designator=VD3_Designator6(BAV99)
Added Component: Designator=VD4_Designator1(BAV99)
Added Component: Designator=VD4_Designator2(BAV99)
Added Component: Designator=VD4_Designator3(BAV99)
Added Component: Designator=VD4_Designator4(BAV99)
Added Component: Designator=VD4_Designator5(BAV99)
Added Component: Designator=VD4_Designator6(BAV99)
Added Component: Designator=VD5_Designator1(BAV99)
Added Component: Designator=VD5_Designator2(BAV99)
Added Component: Designator=VD5_Designator3(BAV99)
Added Component: Designator=VD5_Designator4(BAV99)
Added Component: Designator=VD5_Designator5(BAV99)
Added Component: Designator=VD5_Designator6(BAV99)
Added Component: Designator=VD6_Designator1(BAV99)
Added Component: Designator=VD6_Designator2(BAV99)
Added Component: Designator=VD6_Designator3(BAV99)
Added Component: Designator=VD6_Designator4(BAV99)
Added Component: Designator=VD6_Designator5(BAV99)
Added Component: Designator=VD6_Designator6(BAV99)
Added Component: Designator=VD7_Designator1(BAV99)
Added Component: Designator=VD7_Designator2(BAV99)
Added Component: Designator=VD7_Designator3(BAV99)
Added Component: Designator=VD7_Designator4(BAV99)
Added Component: Designator=VD7_Designator5(BAV99)
Added Component: Designator=VD7_Designator6(BAV99)
Added Component: Designator=VT1(BC847(IRLML6402))
Added Component: Designator=VT2_U_пеке1(BC847(IRLML6402))
Added Component: Designator=VT2_U_пеке2(BC847(IRLML6402))
Added Component: Designator=VT2_U_пеке3(BC847(IRLML6402))
Added Component: Designator=VT2_U_пеке4(BC847(IRLML6402))
Added Component: Designator=VT2_U_пеке5(BC847(IRLML6402))
Added Component: Designator=VT2_U_пеке6(BC847(IRLML6402))
Added Component: Designator=VT2_U_пеке7(BC847(IRLML6402))
Added Component: Designator=VT2_U_пеке8(BC847(IRLML6402))
Added Component: Designator=XH1(XH(6))
Added Component: Designator=XH2(XH(6))
Added Component: Designator=XH3(XH(6))
Added Component: Designator=XH9(ум(2))
Added Component: Designator=XH10(ум(2))
Added Component: Designator=XH11(XH(6))
Added Component: Designator=XH12(XH(6))
Added Component: Designator=XH13(XH(6))
Added Component: Designator=XH14(XH(6))
Added Component: Designator=XH15(XH(6))
Added Component: Designator=XH16(XH(6))
Added Component: Designator=ZQ1(KX-38 32.768 KHZ)
Added Pin To Net: NetName=+3.3 Pin=BH?-8
Added Pin To Net: NetName=+3.3 Pin=C4-2
Added Pin To Net: NetName=+3.3 Pin=C6-2
Added Pin To Net: NetName=+3.3 Pin=C7-2
Added Pin To Net: NetName=+3.3 Pin=C8-2
Added Pin To Net: NetName=+3.3 Pin=C9-2
Added Pin To Net: NetName=+3.3 Pin=C10-2
Added Pin To Net: NetName=+3.3 Pin=C11-2
Added Pin To Net: NetName=+3.3 Pin=C12-2
Added Pin To Net: NetName=+3.3 Pin=C14-1
Added Pin To Net: NetName=+3.3 Pin=C16-2
Added Pin To Net: NetName=+3.3 Pin=C21_Designator1-1
Added Pin To Net: NetName=+3.3 Pin=C21_Designator2-1
Added Pin To Net: NetName=+3.3 Pin=C21_Designator3-1
Added Pin To Net: NetName=+3.3 Pin=C21_Designator4-1
Added Pin To Net: NetName=+3.3 Pin=C21_Designator5-1
Added Pin To Net: NetName=+3.3 Pin=C21_Designator6-1
Added Pin To Net: NetName=+3.3 Pin=DD1-6
Added Pin To Net: NetName=+3.3 Pin=DD1-11
Added Pin To Net: NetName=+3.3 Pin=DD1-21
Added Pin To Net: NetName=+3.3 Pin=DD1-22
Added Pin To Net: NetName=+3.3 Pin=DD1-28
Added Pin To Net: NetName=+3.3 Pin=DD1-50
Added Pin To Net: NetName=+3.3 Pin=DD1-75
Added Pin To Net: NetName=+3.3 Pin=DD1-100
Added Pin To Net: NetName=+3.3 Pin=DD2-2
Added Pin To Net: NetName=+3.3 Pin=DD2-2
Added Pin To Net: NetName=+3.3 Pin=DD4_Designator1-1
Added Pin To Net: NetName=+3.3 Pin=DD4_Designator2-1
Added Pin To Net: NetName=+3.3 Pin=DD4_Designator3-1
Added Pin To Net: NetName=+3.3 Pin=DD4_Designator4-1
Added Pin To Net: NetName=+3.3 Pin=DD4_Designator5-1
Added Pin To Net: NetName=+3.3 Pin=DD4_Designator6-1
Added Pin To Net: NetName=+3.3 Pin=R1-2
Added Pin To Net: NetName=+3.3 Pin=R3-1
Added Pin To Net: NetName=+3.3 Pin=R4-2
Added Pin To Net: NetName=+3.3 Pin=R12-1
Added Pin To Net: NetName=+3.3 Pin=VT1-1
Added Net: Name=+3.3
Added Pin To Net: NetName=+5 Pin=BH?-7
Added Pin To Net: NetName=+5 Pin=C19-1
Added Pin To Net: NetName=+5 Pin=C20-2
Added Pin To Net: NetName=+5 Pin=DD3-2
Added Pin To Net: NetName=+5 Pin=DD3-2
Added Net: Name=+5
Added Pin To Net: NetName=+12 Pin=C13-1
Added Pin To Net: NetName=+12 Pin=C15-2
Added Pin To Net: NetName=+12 Pin=C17-1
Added Pin To Net: NetName=+12 Pin=C18-2
Added Pin To Net: NetName=+12 Pin=DD2-3
Added Pin To Net: NetName=+12 Pin=DD3-3
Added Pin To Net: NetName=+12 Pin=K1_U_пеке1-1
Added Pin To Net: NetName=+12 Pin=K1_U_пеке2-1
Added Pin To Net: NetName=+12 Pin=K1_U_пеке3-1
Added Pin To Net: NetName=+12 Pin=K1_U_пеке4-1
Added Pin To Net: NetName=+12 Pin=K1_U_пеке5-1
Added Pin To Net: NetName=+12 Pin=K1_U_пеке6-1
Added Pin To Net: NetName=+12 Pin=K1_U_пеке7-1
Added Pin To Net: NetName=+12 Pin=K1_U_пеке8-1
Added Pin To Net: NetName=+12 Pin=VD1_U_пеке1-1
Added Pin To Net: NetName=+12 Pin=VD1_U_пеке2-1
Added Pin To Net: NetName=+12 Pin=VD1_U_пеке3-1
Added Pin To Net: NetName=+12 Pin=VD1_U_пеке4-1
Added Pin To Net: NetName=+12 Pin=VD1_U_пеке5-1
Added Pin To Net: NetName=+12 Pin=VD1_U_пеке6-1
Added Pin To Net: NetName=+12 Pin=VD1_U_пеке7-1
Added Pin To Net: NetName=+12 Pin=VD1_U_пеке8-1
Added Pin To Net: NetName=+12 Pin=VD2_Designator1-2
Added Pin To Net: NetName=+12 Pin=VD2_Designator2-2
Added Pin To Net: NetName=+12 Pin=VD2_Designator3-2
Added Pin To Net: NetName=+12 Pin=VD2_Designator4-2
Added Pin To Net: NetName=+12 Pin=VD2_Designator5-2
Added Pin To Net: NetName=+12 Pin=VD2_Designator6-2
Added Pin To Net: NetName=+12 Pin=VD3_Designator1-2
Added Pin To Net: NetName=+12 Pin=VD3_Designator2-2
Added Pin To Net: NetName=+12 Pin=VD3_Designator3-2
Added Pin To Net: NetName=+12 Pin=VD3_Designator4-2
Added Pin To Net: NetName=+12 Pin=VD3_Designator5-2
Added Pin To Net: NetName=+12 Pin=VD3_Designator6-2
Added Pin To Net: NetName=+12 Pin=VD4_Designator1-2
Added Pin To Net: NetName=+12 Pin=VD4_Designator2-2
Added Pin To Net: NetName=+12 Pin=VD4_Designator3-2
Added Pin To Net: NetName=+12 Pin=VD4_Designator4-2
Added Pin To Net: NetName=+12 Pin=VD4_Designator5-2
Added Pin To Net: NetName=+12 Pin=VD4_Designator6-2
Added Pin To Net: NetName=+12 Pin=VD5_Designator1-2
Added Pin To Net: NetName=+12 Pin=VD5_Designator2-2
Added Pin To Net: NetName=+12 Pin=VD5_Designator3-2
Added Pin To Net: NetName=+12 Pin=VD5_Designator4-2
Added Pin To Net: NetName=+12 Pin=VD5_Designator5-2
Added Pin To Net: NetName=+12 Pin=VD5_Designator6-2
Added Pin To Net: NetName=+12 Pin=VD6_Designator1-2
Added Pin To Net: NetName=+12 Pin=VD6_Designator2-2
Added Pin To Net: NetName=+12 Pin=VD6_Designator3-2
Added Pin To Net: NetName=+12 Pin=VD6_Designator4-2
Added Pin To Net: NetName=+12 Pin=VD6_Designator5-2
Added Pin To Net: NetName=+12 Pin=VD6_Designator6-2
Added Pin To Net: NetName=+12 Pin=VD7_Designator1-2
Added Pin To Net: NetName=+12 Pin=VD7_Designator2-2
Added Pin To Net: NetName=+12 Pin=VD7_Designator3-2
Added Pin To Net: NetName=+12 Pin=VD7_Designator4-2
Added Pin To Net: NetName=+12 Pin=VD7_Designator5-2
Added Pin To Net: NetName=+12 Pin=VD7_Designator6-2
Added Pin To Net: NetName=+12 Pin=XH9-1
Added Pin To Net: NetName=+12 Pin=XH10-1
Added Net: Name=+12
Added Pin To Net: NetName=GND Pin=BH?-14
Added Pin To Net: NetName=GND Pin=C1-2
Added Pin To Net: NetName=GND Pin=C2-2
Added Pin To Net: NetName=GND Pin=C3-1
Added Pin To Net: NetName=GND Pin=C4-1
Added Pin To Net: NetName=GND Pin=C5-1
Added Pin To Net: NetName=GND Pin=C6-1
Added Pin To Net: NetName=GND Pin=C7-1
Added Pin To Net: NetName=GND Pin=C8-1
Added Pin To Net: NetName=GND Pin=C9-1
Added Pin To Net: NetName=GND Pin=C10-1
Added Pin To Net: NetName=GND Pin=C11-1
Added Pin To Net: NetName=GND Pin=C12-1
Added Pin To Net: NetName=GND Pin=C13-2
Added Pin To Net: NetName=GND Pin=C14-2
Added Pin To Net: NetName=GND Pin=C15-1
Added Pin To Net: NetName=GND Pin=C16-1
Added Pin To Net: NetName=GND Pin=C17-2
Added Pin To Net: NetName=GND Pin=C18-1
Added Pin To Net: NetName=GND Pin=C19-2
Added Pin To Net: NetName=GND Pin=C20-1
Added Pin To Net: NetName=GND Pin=C21_Designator1-2
Added Pin To Net: NetName=GND Pin=C21_Designator2-2
Added Pin To Net: NetName=GND Pin=C21_Designator3-2
Added Pin To Net: NetName=GND Pin=C21_Designator4-2
Added Pin To Net: NetName=GND Pin=C21_Designator5-2
Added Pin To Net: NetName=GND Pin=C21_Designator6-2
Added Pin To Net: NetName=GND Pin=DD1-10
Added Pin To Net: NetName=GND Pin=DD1-19
Added Pin To Net: NetName=GND Pin=DD1-27
Added Pin To Net: NetName=GND Pin=DD1-49
Added Pin To Net: NetName=GND Pin=DD1-74
Added Pin To Net: NetName=GND Pin=DD1-99
Added Pin To Net: NetName=GND Pin=DD2-1
Added Pin To Net: NetName=GND Pin=DD3-1
Added Pin To Net: NetName=GND Pin=DD4_Designator1-8
Added Pin To Net: NetName=GND Pin=DD4_Designator1-12
Added Pin To Net: NetName=GND Pin=DD4_Designator1-15
Added Pin To Net: NetName=GND Pin=DD4_Designator2-8
Added Pin To Net: NetName=GND Pin=DD4_Designator3-8
Added Pin To Net: NetName=GND Pin=DD4_Designator4-8
Added Pin To Net: NetName=GND Pin=DD4_Designator5-8
Added Pin To Net: NetName=GND Pin=DD4_Designator6-8
Added Pin To Net: NetName=GND Pin=K1_U_пеке1-2
Added Pin To Net: NetName=GND Pin=K1_U_пеке1-7
Added Pin To Net: NetName=GND Pin=K1_U_пеке2-2
Added Pin To Net: NetName=GND Pin=K1_U_пеке2-7
Added Pin To Net: NetName=GND Pin=K1_U_пеке3-2
Added Pin To Net: NetName=GND Pin=K1_U_пеке3-7
Added Pin To Net: NetName=GND Pin=K1_U_пеке4-2
Added Pin To Net: NetName=GND Pin=K1_U_пеке4-7
Added Pin To Net: NetName=GND Pin=K1_U_пеке5-2
Added Pin To Net: NetName=GND Pin=K1_U_пеке5-7
Added Pin To Net: NetName=GND Pin=K1_U_пеке6-2
Added Pin To Net: NetName=GND Pin=K1_U_пеке6-7
Added Pin To Net: NetName=GND Pin=K1_U_пеке7-2
Added Pin To Net: NetName=GND Pin=K1_U_пеке7-7
Added Pin To Net: NetName=GND Pin=K1_U_пеке8-2
Added Pin To Net: NetName=GND Pin=K1_U_пеке8-7
Added Pin To Net: NetName=GND Pin=R2-2
Added Pin To Net: NetName=GND Pin=R5-1
Added Pin To Net: NetName=GND Pin=R6-1
Added Pin To Net: NetName=GND Pin=R7-2
Added Pin To Net: NetName=GND Pin=R8-2
Added Pin To Net: NetName=GND Pin=R9-2
Added Pin To Net: NetName=GND Pin=R10-2
Added Pin To Net: NetName=GND Pin=R11-1
Added Pin To Net: NetName=GND Pin=R14_U_пеке1-1
Added Pin To Net: NetName=GND Pin=R14_U_пеке2-1
Added Pin To Net: NetName=GND Pin=R14_U_пеке3-1
Added Pin To Net: NetName=GND Pin=R14_U_пеке4-1
Added Pin To Net: NetName=GND Pin=R14_U_пеке5-1
Added Pin To Net: NetName=GND Pin=R14_U_пеке6-1
Added Pin To Net: NetName=GND Pin=R14_U_пеке7-1
Added Pin To Net: NetName=GND Pin=R14_U_пеке8-1
Added Pin To Net: NetName=GND Pin=R19_Designator1-1
Added Pin To Net: NetName=GND Pin=R20_Designator1-1
Added Pin To Net: NetName=GND Pin=VD2_Designator1-1
Added Pin To Net: NetName=GND Pin=VD2_Designator2-1
Added Pin To Net: NetName=GND Pin=VD2_Designator3-1
Added Pin To Net: NetName=GND Pin=VD2_Designator4-1
Added Pin To Net: NetName=GND Pin=VD2_Designator5-1
Added Pin To Net: NetName=GND Pin=VD2_Designator6-1
Added Pin To Net: NetName=GND Pin=VD3_Designator1-1
Added Pin To Net: NetName=GND Pin=VD3_Designator2-1
Added Pin To Net: NetName=GND Pin=VD3_Designator3-1
Added Pin To Net: NetName=GND Pin=VD3_Designator4-1
Added Pin To Net: NetName=GND Pin=VD3_Designator5-1
Added Pin To Net: NetName=GND Pin=VD3_Designator6-1
Added Pin To Net: NetName=GND Pin=VD4_Designator1-1
Added Pin To Net: NetName=GND Pin=VD4_Designator2-1
Added Pin To Net: NetName=GND Pin=VD4_Designator3-1
Added Pin To Net: NetName=GND Pin=VD4_Designator4-1
Added Pin To Net: NetName=GND Pin=VD4_Designator5-1
Added Pin To Net: NetName=GND Pin=VD4_Designator6-1
Added Pin To Net: NetName=GND Pin=VD5_Designator1-1
Added Pin To Net: NetName=GND Pin=VD5_Designator2-1
Added Pin To Net: NetName=GND Pin=VD5_Designator3-1
Added Pin To Net: NetName=GND Pin=VD5_Designator4-1
Added Pin To Net: NetName=GND Pin=VD5_Designator5-1
Added Pin To Net: NetName=GND Pin=VD5_Designator6-1
Added Pin To Net: NetName=GND Pin=VD6_Designator1-1
Added Pin To Net: NetName=GND Pin=VD6_Designator2-1
Added Pin To Net: NetName=GND Pin=VD6_Designator3-1
Added Pin To Net: NetName=GND Pin=VD6_Designator4-1
Added Pin To Net: NetName=GND Pin=VD6_Designator5-1
Added Pin To Net: NetName=GND Pin=VD6_Designator6-1
Added Pin To Net: NetName=GND Pin=VD7_Designator1-1
Added Pin To Net: NetName=GND Pin=VD7_Designator2-1
Added Pin To Net: NetName=GND Pin=VD7_Designator3-1
Added Pin To Net: NetName=GND Pin=VD7_Designator4-1
Added Pin To Net: NetName=GND Pin=VD7_Designator5-1
Added Pin To Net: NetName=GND Pin=VD7_Designator6-1
Added Pin To Net: NetName=GND Pin=VT2_U_пеке1-2
Added Pin To Net: NetName=GND Pin=VT2_U_пеке2-2
Added Pin To Net: NetName=GND Pin=VT2_U_пеке3-2
Added Pin To Net: NetName=GND Pin=VT2_U_пеке4-2
Added Pin To Net: NetName=GND Pin=VT2_U_пеке5-2
Added Pin To Net: NetName=GND Pin=VT2_U_пеке6-2
Added Pin To Net: NetName=GND Pin=VT2_U_пеке7-2
Added Pin To Net: NetName=GND Pin=VT2_U_пеке8-2
Added Pin To Net: NetName=GND Pin=XH9-2
Added Pin To Net: NetName=GND Pin=XH10-2
Added Net: Name=GND
Added Pin To Net: NetName=NetBH?_1 Pin=BH?-1
Added Pin To Net: NetName=NetBH?_1 Pin=DD1-85
Added Pin To Net: NetName=NetBH?_1 Pin=R6-2
Added Net: Name=NetBH?_1
Added Pin To Net: NetName=NetBH?_2 Pin=BH?-2
Added Pin To Net: NetName=NetBH?_2 Pin=DD1-84
Added Pin To Net: NetName=NetBH?_2 Pin=R5-2
Added Net: Name=NetBH?_2
Added Pin To Net: NetName=NetBH?_3 Pin=BH?-3
Added Pin To Net: NetName=NetBH?_3 Pin=DD1-86
Added Pin To Net: NetName=NetBH?_3 Pin=R10-1
Added Net: Name=NetBH?_3
Added Pin To Net: NetName=NetBH?_4 Pin=BH?-4
Added Pin To Net: NetName=NetBH?_4 Pin=DD1-87
Added Pin To Net: NetName=NetBH?_4 Pin=R9-1
Added Net: Name=NetBH?_4
Added Pin To Net: NetName=NetBH?_5 Pin=BH?-5
Added Pin To Net: NetName=NetBH?_5 Pin=DD1-88
Added Pin To Net: NetName=NetBH?_5 Pin=R8-1
Added Net: Name=NetBH?_5
Added Pin To Net: NetName=NetBH?_6 Pin=BH?-6
Added Pin To Net: NetName=NetBH?_6 Pin=DD1-55
Added Pin To Net: NetName=NetBH?_6 Pin=R7-1
Added Net: Name=NetBH?_6
Added Pin To Net: NetName=NetC1_1 Pin=C1-1
Added Pin To Net: NetName=NetC1_1 Pin=DD1-13
Added Pin To Net: NetName=NetC1_1 Pin=ZQ1-1
Added Net: Name=NetC1_1
Added Pin To Net: NetName=NetC2_1 Pin=C2-1
Added Pin To Net: NetName=NetC2_1 Pin=DD1-12
Added Pin To Net: NetName=NetC2_1 Pin=ZQ1-2
Added Net: Name=NetC2_1
Added Pin To Net: NetName=NetC3_2 Pin=C3-2
Added Pin To Net: NetName=NetC3_2 Pin=DD1-14
Added Pin To Net: NetName=NetC3_2 Pin=R3-2
Added Net: Name=NetC3_2
Added Pin To Net: NetName=NetC5_2 Pin=C5-2
Added Pin To Net: NetName=NetC5_2 Pin=DD1-20
Added Net: Name=NetC5_2
Added Pin To Net: NetName=NetDD1_7 Pin=DD1-7
Added Pin To Net: NetName=NetDD1_7 Pin=DD4_Designator2-12
Added Net: Name=NetDD1_7
Added Pin To Net: NetName=NetDD1_8 Pin=DD1-8
Added Pin To Net: NetName=NetDD1_8 Pin=DD4_Designator2-15
Added Net: Name=NetDD1_8
Added Pin To Net: NetName=NetDD1_9 Pin=DD1-9
Added Pin To Net: NetName=NetDD1_9 Pin=DD4_Designator1-2
Added Net: Name=NetDD1_9
Added Pin To Net: NetName=NetDD1_15 Pin=DD1-15
Added Pin To Net: NetName=NetDD1_15 Pin=DD4_Designator4-10
Added Net: Name=NetDD1_15
Added Pin To Net: NetName=NetDD1_16 Pin=DD1-16
Added Pin To Net: NetName=NetDD1_16 Pin=DD4_Designator4-12
Added Net: Name=NetDD1_16
Added Pin To Net: NetName=NetDD1_17 Pin=DD1-17
Added Pin To Net: NetName=NetDD1_17 Pin=DD4_Designator4-15
Added Net: Name=NetDD1_17
Added Pin To Net: NetName=NetDD1_18 Pin=DD1-18
Added Pin To Net: NetName=NetDD1_18 Pin=DD4_Designator3-2
Added Net: Name=NetDD1_18
Added Pin To Net: NetName=NetDD1_24 Pin=DD1-24
Added Pin To Net: NetName=NetDD1_24 Pin=R13_U_пеке8-1
Added Net: Name=NetDD1_24
Added Pin To Net: NetName=NetDD1_25 Pin=DD1-25
Added Pin To Net: NetName=NetDD1_25 Pin=R13_U_пеке7-1
Added Net: Name=NetDD1_25
Added Pin To Net: NetName=NetDD1_26 Pin=DD1-26
Added Pin To Net: NetName=NetDD1_26 Pin=R13_U_пеке6-1
Added Net: Name=NetDD1_26
Added Pin To Net: NetName=NetDD1_29 Pin=DD1-29
Added Pin To Net: NetName=NetDD1_29 Pin=R13_U_пеке5-1
Added Net: Name=NetDD1_29
Added Pin To Net: NetName=NetDD1_30 Pin=DD1-30
Added Pin To Net: NetName=NetDD1_30 Pin=R13_U_пеке4-1
Added Net: Name=NetDD1_30
Added Pin To Net: NetName=NetDD1_31 Pin=DD1-31
Added Pin To Net: NetName=NetDD1_31 Pin=R13_U_пеке3-1
Added Net: Name=NetDD1_31
Added Pin To Net: NetName=NetDD1_32 Pin=DD1-32
Added Pin To Net: NetName=NetDD1_32 Pin=R13_U_пеке2-1
Added Net: Name=NetDD1_32
Added Pin To Net: NetName=NetDD1_33 Pin=DD1-33
Added Pin To Net: NetName=NetDD1_33 Pin=DD4_Designator3-4
Added Net: Name=NetDD1_33
Added Pin To Net: NetName=NetDD1_34 Pin=DD1-34
Added Pin To Net: NetName=NetDD1_34 Pin=DD4_Designator3-6
Added Net: Name=NetDD1_34
Added Pin To Net: NetName=NetDD1_36 Pin=DD1-36
Added Pin To Net: NetName=NetDD1_36 Pin=DD4_Designator6-2
Added Net: Name=NetDD1_36
Added Pin To Net: NetName=NetDD1_37 Pin=DD1-37
Added Pin To Net: NetName=NetDD1_37 Pin=DD4_Designator6-4
Added Net: Name=NetDD1_37
Added Pin To Net: NetName=NetDD1_47 Pin=DD1-47
Added Pin To Net: NetName=NetDD1_47 Pin=DD4_Designator5-10
Added Net: Name=NetDD1_47
Added Pin To Net: NetName=NetDD1_48 Pin=DD1-48
Added Pin To Net: NetName=NetDD1_48 Pin=DD4_Designator5-12
Added Net: Name=NetDD1_48
Added Pin To Net: NetName=NetDD1_51 Pin=DD1-51
Added Pin To Net: NetName=NetDD1_51 Pin=DD4_Designator5-15
Added Net: Name=NetDD1_51
Added Pin To Net: NetName=NetDD1_52 Pin=DD1-52
Added Pin To Net: NetName=NetDD1_52 Pin=DD4_Designator4-2
Added Net: Name=NetDD1_52
Added Pin To Net: NetName=NetDD1_53 Pin=DD1-53
Added Pin To Net: NetName=NetDD1_53 Pin=DD4_Designator4-4
Added Net: Name=NetDD1_53
Added Pin To Net: NetName=NetDD1_54 Pin=DD1-54
Added Pin To Net: NetName=NetDD1_54 Pin=DD4_Designator4-6
Added Net: Name=NetDD1_54
Added Pin To Net: NetName=NetDD1_63 Pin=DD1-63
Added Pin To Net: NetName=NetDD1_63 Pin=DD4_Designator3-10
Added Net: Name=NetDD1_63
Added Pin To Net: NetName=NetDD1_64 Pin=DD1-64
Added Pin To Net: NetName=NetDD1_64 Pin=DD4_Designator3-12
Added Net: Name=NetDD1_64
Added Pin To Net: NetName=NetDD1_65 Pin=DD1-65
Added Pin To Net: NetName=NetDD1_65 Pin=DD4_Designator3-15
Added Net: Name=NetDD1_65
Added Pin To Net: NetName=NetDD1_66 Pin=DD1-66
Added Pin To Net: NetName=NetDD1_66 Pin=DD4_Designator2-2
Added Net: Name=NetDD1_66
Added Pin To Net: NetName=NetDD1_67 Pin=DD1-67
Added Pin To Net: NetName=NetDD1_67 Pin=R13_U_пеке1-1
Added Net: Name=NetDD1_67
Added Pin To Net: NetName=NetDD1_72 Pin=DD1-72
Added Pin To Net: NetName=NetDD1_72 Pin=R12-2
Added Net: Name=NetDD1_72
Added Pin To Net: NetName=NetDD1_76 Pin=DD1-76
Added Pin To Net: NetName=NetDD1_76 Pin=R11-2
Added Net: Name=NetDD1_76
Added Pin To Net: NetName=NetDD1_77 Pin=DD1-77
Added Pin To Net: NetName=NetDD1_77 Pin=R4-1
Added Net: Name=NetDD1_77
Added Pin To Net: NetName=NetDD1_78 Pin=DD1-78
Added Pin To Net: NetName=NetDD1_78 Pin=DD4_Designator2-4
Added Net: Name=NetDD1_78
Added Pin To Net: NetName=NetDD1_79 Pin=DD1-79
Added Pin To Net: NetName=NetDD1_79 Pin=DD4_Designator2-6
Added Net: Name=NetDD1_79
Added Pin To Net: NetName=NetDD1_80 Pin=DD1-80
Added Pin To Net: NetName=NetDD1_80 Pin=DD4_Designator2-10
Added Net: Name=NetDD1_80
Added Pin To Net: NetName=NetDD1_89 Pin=DD1-89
Added Pin To Net: NetName=NetDD1_89 Pin=DD4_Designator6-6
Added Net: Name=NetDD1_89
Added Pin To Net: NetName=NetDD1_90 Pin=DD1-90
Added Pin To Net: NetName=NetDD1_90 Pin=DD4_Designator6-10
Added Net: Name=NetDD1_90
Added Pin To Net: NetName=NetDD1_91 Pin=DD1-91
Added Pin To Net: NetName=NetDD1_91 Pin=DD4_Designator6-12
Added Net: Name=NetDD1_91
Added Pin To Net: NetName=NetDD1_92 Pin=DD1-92
Added Pin To Net: NetName=NetDD1_92 Pin=DD4_Designator6-15
Added Net: Name=NetDD1_92
Added Pin To Net: NetName=NetDD1_93 Pin=DD1-93
Added Pin To Net: NetName=NetDD1_93 Pin=DD4_Designator5-2
Added Net: Name=NetDD1_93
Added Pin To Net: NetName=NetDD1_94 Pin=DD1-94
Added Pin To Net: NetName=NetDD1_94 Pin=R2-1
Added Net: Name=NetDD1_94
Added Pin To Net: NetName=NetDD1_95 Pin=DD1-95
Added Pin To Net: NetName=NetDD1_95 Pin=DD4_Designator5-4
Added Net: Name=NetDD1_95
Added Pin To Net: NetName=NetDD1_96 Pin=DD1-96
Added Pin To Net: NetName=NetDD1_96 Pin=DD4_Designator5-6
Added Net: Name=NetDD1_96
Added Pin To Net: NetName=NetDD4_Designator1_3 Pin=DD4_Designator1-3
Added Pin To Net: NetName=NetDD4_Designator1_3 Pin=R15_Designator1-2
Added Pin To Net: NetName=NetDD4_Designator1_3 Pin=VD2_Designator1-3
Added Net: Name=NetDD4_Designator1_3
Added Pin To Net: NetName=NetDD4_Designator1_5 Pin=DD4_Designator1-5
Added Pin To Net: NetName=NetDD4_Designator1_5 Pin=R16_Designator1-2
Added Pin To Net: NetName=NetDD4_Designator1_5 Pin=VD3_Designator1-3
Added Net: Name=NetDD4_Designator1_5
Added Pin To Net: NetName=NetDD4_Designator1_7 Pin=DD4_Designator1-7
Added Pin To Net: NetName=NetDD4_Designator1_7 Pin=R17_Designator1-2
Added Pin To Net: NetName=NetDD4_Designator1_7 Pin=VD4_Designator1-3
Added Net: Name=NetDD4_Designator1_7
Added Pin To Net: NetName=NetDD4_Designator1_9 Pin=DD4_Designator1-9
Added Pin To Net: NetName=NetDD4_Designator1_9 Pin=R18_Designator1-2
Added Pin To Net: NetName=NetDD4_Designator1_9 Pin=VD5_Designator1-3
Added Net: Name=NetDD4_Designator1_9
Added Pin To Net: NetName=NetDD4_Designator1_11 Pin=DD4_Designator1-11
Added Pin To Net: NetName=NetDD4_Designator1_11 Pin=R19_Designator1-2
Added Pin To Net: NetName=NetDD4_Designator1_11 Pin=VD6_Designator1-3
Added Net: Name=NetDD4_Designator1_11
Added Pin To Net: NetName=NetDD4_Designator1_14 Pin=DD4_Designator1-14
Added Pin To Net: NetName=NetDD4_Designator1_14 Pin=R20_Designator1-2
Added Pin To Net: NetName=NetDD4_Designator1_14 Pin=VD7_Designator1-3
Added Net: Name=NetDD4_Designator1_14
Added Pin To Net: NetName=NetDD4_Designator2_3 Pin=DD4_Designator2-3
Added Pin To Net: NetName=NetDD4_Designator2_3 Pin=R15_Designator2-2
Added Pin To Net: NetName=NetDD4_Designator2_3 Pin=VD2_Designator2-3
Added Net: Name=NetDD4_Designator2_3
Added Pin To Net: NetName=NetDD4_Designator2_5 Pin=DD4_Designator2-5
Added Pin To Net: NetName=NetDD4_Designator2_5 Pin=R16_Designator2-2
Added Pin To Net: NetName=NetDD4_Designator2_5 Pin=VD3_Designator2-3
Added Net: Name=NetDD4_Designator2_5
Added Pin To Net: NetName=NetDD4_Designator2_7 Pin=DD4_Designator2-7
Added Pin To Net: NetName=NetDD4_Designator2_7 Pin=R17_Designator2-2
Added Pin To Net: NetName=NetDD4_Designator2_7 Pin=VD4_Designator2-3
Added Net: Name=NetDD4_Designator2_7
Added Pin To Net: NetName=NetDD4_Designator2_9 Pin=DD4_Designator2-9
Added Pin To Net: NetName=NetDD4_Designator2_9 Pin=R18_Designator2-2
Added Pin To Net: NetName=NetDD4_Designator2_9 Pin=VD5_Designator2-3
Added Net: Name=NetDD4_Designator2_9
Added Pin To Net: NetName=NetDD4_Designator2_11 Pin=DD4_Designator2-11
Added Pin To Net: NetName=NetDD4_Designator2_11 Pin=R19_Designator2-2
Added Pin To Net: NetName=NetDD4_Designator2_11 Pin=VD6_Designator2-3
Added Net: Name=NetDD4_Designator2_11
Added Pin To Net: NetName=NetDD4_Designator2_14 Pin=DD4_Designator2-14
Added Pin To Net: NetName=NetDD4_Designator2_14 Pin=R20_Designator2-2
Added Pin To Net: NetName=NetDD4_Designator2_14 Pin=VD7_Designator2-3
Added Net: Name=NetDD4_Designator2_14
Added Pin To Net: NetName=NetDD4_Designator3_3 Pin=DD4_Designator3-3
Added Pin To Net: NetName=NetDD4_Designator3_3 Pin=R15_Designator3-2
Added Pin To Net: NetName=NetDD4_Designator3_3 Pin=VD2_Designator3-3
Added Net: Name=NetDD4_Designator3_3
Added Pin To Net: NetName=NetDD4_Designator3_5 Pin=DD4_Designator3-5
Added Pin To Net: NetName=NetDD4_Designator3_5 Pin=R16_Designator3-2
Added Pin To Net: NetName=NetDD4_Designator3_5 Pin=VD3_Designator3-3
Added Net: Name=NetDD4_Designator3_5
Added Pin To Net: NetName=NetDD4_Designator3_7 Pin=DD4_Designator3-7
Added Pin To Net: NetName=NetDD4_Designator3_7 Pin=R17_Designator3-2
Added Pin To Net: NetName=NetDD4_Designator3_7 Pin=VD4_Designator3-3
Added Net: Name=NetDD4_Designator3_7
Added Pin To Net: NetName=NetDD4_Designator3_9 Pin=DD4_Designator3-9
Added Pin To Net: NetName=NetDD4_Designator3_9 Pin=R18_Designator3-2
Added Pin To Net: NetName=NetDD4_Designator3_9 Pin=VD5_Designator3-3
Added Net: Name=NetDD4_Designator3_9
Added Pin To Net: NetName=NetDD4_Designator3_11 Pin=DD4_Designator3-11
Added Pin To Net: NetName=NetDD4_Designator3_11 Pin=R19_Designator3-2
Added Pin To Net: NetName=NetDD4_Designator3_11 Pin=VD6_Designator3-3
Added Net: Name=NetDD4_Designator3_11
Added Pin To Net: NetName=NetDD4_Designator3_14 Pin=DD4_Designator3-14
Added Pin To Net: NetName=NetDD4_Designator3_14 Pin=R20_Designator3-2
Added Pin To Net: NetName=NetDD4_Designator3_14 Pin=VD7_Designator3-3
Added Net: Name=NetDD4_Designator3_14
Added Pin To Net: NetName=NetDD4_Designator4_3 Pin=DD4_Designator4-3
Added Pin To Net: NetName=NetDD4_Designator4_3 Pin=R15_Designator4-2
Added Pin To Net: NetName=NetDD4_Designator4_3 Pin=VD2_Designator4-3
Added Net: Name=NetDD4_Designator4_3
Added Pin To Net: NetName=NetDD4_Designator4_5 Pin=DD4_Designator4-5
Added Pin To Net: NetName=NetDD4_Designator4_5 Pin=R16_Designator4-2
Added Pin To Net: NetName=NetDD4_Designator4_5 Pin=VD3_Designator4-3
Added Net: Name=NetDD4_Designator4_5
Added Pin To Net: NetName=NetDD4_Designator4_7 Pin=DD4_Designator4-7
Added Pin To Net: NetName=NetDD4_Designator4_7 Pin=R17_Designator4-2
Added Pin To Net: NetName=NetDD4_Designator4_7 Pin=VD4_Designator4-3
Added Net: Name=NetDD4_Designator4_7
Added Pin To Net: NetName=NetDD4_Designator4_9 Pin=DD4_Designator4-9
Added Pin To Net: NetName=NetDD4_Designator4_9 Pin=R18_Designator4-2
Added Pin To Net: NetName=NetDD4_Designator4_9 Pin=VD5_Designator4-3
Added Net: Name=NetDD4_Designator4_9
Added Pin To Net: NetName=NetDD4_Designator4_11 Pin=DD4_Designator4-11
Added Pin To Net: NetName=NetDD4_Designator4_11 Pin=R19_Designator4-2
Added Pin To Net: NetName=NetDD4_Designator4_11 Pin=VD6_Designator4-3
Added Net: Name=NetDD4_Designator4_11
Added Pin To Net: NetName=NetDD4_Designator4_14 Pin=DD4_Designator4-14
Added Pin To Net: NetName=NetDD4_Designator4_14 Pin=R20_Designator4-2
Added Pin To Net: NetName=NetDD4_Designator4_14 Pin=VD7_Designator4-3
Added Net: Name=NetDD4_Designator4_14
Added Pin To Net: NetName=NetDD4_Designator5_3 Pin=DD4_Designator5-3
Added Pin To Net: NetName=NetDD4_Designator5_3 Pin=R15_Designator5-2
Added Pin To Net: NetName=NetDD4_Designator5_3 Pin=VD2_Designator5-3
Added Net: Name=NetDD4_Designator5_3
Added Pin To Net: NetName=NetDD4_Designator5_5 Pin=DD4_Designator5-5
Added Pin To Net: NetName=NetDD4_Designator5_5 Pin=R16_Designator5-2
Added Pin To Net: NetName=NetDD4_Designator5_5 Pin=VD3_Designator5-3
Added Net: Name=NetDD4_Designator5_5
Added Pin To Net: NetName=NetDD4_Designator5_7 Pin=DD4_Designator5-7
Added Pin To Net: NetName=NetDD4_Designator5_7 Pin=R17_Designator5-2
Added Pin To Net: NetName=NetDD4_Designator5_7 Pin=VD4_Designator5-3
Added Net: Name=NetDD4_Designator5_7
Added Pin To Net: NetName=NetDD4_Designator5_9 Pin=DD4_Designator5-9
Added Pin To Net: NetName=NetDD4_Designator5_9 Pin=R18_Designator5-2
Added Pin To Net: NetName=NetDD4_Designator5_9 Pin=VD5_Designator5-3
Added Net: Name=NetDD4_Designator5_9
Added Pin To Net: NetName=NetDD4_Designator5_11 Pin=DD4_Designator5-11
Added Pin To Net: NetName=NetDD4_Designator5_11 Pin=R19_Designator5-2
Added Pin To Net: NetName=NetDD4_Designator5_11 Pin=VD6_Designator5-3
Added Net: Name=NetDD4_Designator5_11
Added Pin To Net: NetName=NetDD4_Designator5_14 Pin=DD4_Designator5-14
Added Pin To Net: NetName=NetDD4_Designator5_14 Pin=R20_Designator5-2
Added Pin To Net: NetName=NetDD4_Designator5_14 Pin=VD7_Designator5-3
Added Net: Name=NetDD4_Designator5_14
Added Pin To Net: NetName=NetDD4_Designator6_3 Pin=DD4_Designator6-3
Added Pin To Net: NetName=NetDD4_Designator6_3 Pin=R15_Designator6-2
Added Pin To Net: NetName=NetDD4_Designator6_3 Pin=VD2_Designator6-3
Added Net: Name=NetDD4_Designator6_3
Added Pin To Net: NetName=NetDD4_Designator6_5 Pin=DD4_Designator6-5
Added Pin To Net: NetName=NetDD4_Designator6_5 Pin=R16_Designator6-2
Added Pin To Net: NetName=NetDD4_Designator6_5 Pin=VD3_Designator6-3
Added Net: Name=NetDD4_Designator6_5
Added Pin To Net: NetName=NetDD4_Designator6_7 Pin=DD4_Designator6-7
Added Pin To Net: NetName=NetDD4_Designator6_7 Pin=R17_Designator6-2
Added Pin To Net: NetName=NetDD4_Designator6_7 Pin=VD4_Designator6-3
Added Net: Name=NetDD4_Designator6_7
Added Pin To Net: NetName=NetDD4_Designator6_9 Pin=DD4_Designator6-9
Added Pin To Net: NetName=NetDD4_Designator6_9 Pin=R18_Designator6-2
Added Pin To Net: NetName=NetDD4_Designator6_9 Pin=VD5_Designator6-3
Added Net: Name=NetDD4_Designator6_9
Added Pin To Net: NetName=NetDD4_Designator6_11 Pin=DD4_Designator6-11
Added Pin To Net: NetName=NetDD4_Designator6_11 Pin=R19_Designator6-2
Added Pin To Net: NetName=NetDD4_Designator6_11 Pin=VD6_Designator6-3
Added Net: Name=NetDD4_Designator6_11
Added Pin To Net: NetName=NetDD4_Designator6_14 Pin=DD4_Designator6-14
Added Pin To Net: NetName=NetDD4_Designator6_14 Pin=R20_Designator6-2
Added Pin To Net: NetName=NetDD4_Designator6_14 Pin=VD7_Designator6-3
Added Net: Name=NetDD4_Designator6_14
Added Pin To Net: NetName=NetK1_U_пеке1_3 Pin=K1_U_пеке1-3
Added Pin To Net: NetName=NetK1_U_пеке1_3 Pin=XH3-4
Added Net: Name=NetK1_U_пеке1_3
Added Pin To Net: NetName=NetK1_U_пеке1_4 Pin=K1_U_пеке1-4
Added Pin To Net: NetName=NetK1_U_пеке1_4 Pin=K1_U_пеке2-4
Added Pin To Net: NetName=NetK1_U_пеке1_4 Pin=K1_U_пеке3-4
Added Pin To Net: NetName=NetK1_U_пеке1_4 Pin=K1_U_пеке4-4
Added Pin To Net: NetName=NetK1_U_пеке1_4 Pin=K1_U_пеке5-4
Added Pin To Net: NetName=NetK1_U_пеке1_4 Pin=K1_U_пеке6-4
Added Pin To Net: NetName=NetK1_U_пеке1_4 Pin=K1_U_пеке7-4
Added Pin To Net: NetName=NetK1_U_пеке1_4 Pin=K1_U_пеке8-4
Added Pin To Net: NetName=NetK1_U_пеке1_4 Pin=XH3-6
Added Net: Name=NetK1_U_пеке1_4
Added Pin To Net: NetName=NetK1_U_пеке1_5 Pin=K1_U_пеке1-5
Added Pin To Net: NetName=NetK1_U_пеке1_5 Pin=K1_U_пеке2-5
Added Pin To Net: NetName=NetK1_U_пеке1_5 Pin=K1_U_пеке3-5
Added Pin To Net: NetName=NetK1_U_пеке1_5 Pin=K1_U_пеке4-5
Added Pin To Net: NetName=NetK1_U_пеке1_5 Pin=K1_U_пеке5-5
Added Pin To Net: NetName=NetK1_U_пеке1_5 Pin=K1_U_пеке6-5
Added Pin To Net: NetName=NetK1_U_пеке1_5 Pin=K1_U_пеке7-5
Added Pin To Net: NetName=NetK1_U_пеке1_5 Pin=K1_U_пеке8-5
Added Pin To Net: NetName=NetK1_U_пеке1_5 Pin=XH3-5
Added Net: Name=NetK1_U_пеке1_5
Added Pin To Net: NetName=NetK1_U_пеке1_6 Pin=K1_U_пеке1-6
Added Pin To Net: NetName=NetK1_U_пеке1_6 Pin=XH3-3
Added Net: Name=NetK1_U_пеке1_6
Added Pin To Net: NetName=NetK1_U_пеке1_8 Pin=K1_U_пеке1-8
Added Pin To Net: NetName=NetK1_U_пеке1_8 Pin=VD1_U_пеке1-2
Added Pin To Net: NetName=NetK1_U_пеке1_8 Pin=VT2_U_пеке1-3
Added Net: Name=NetK1_U_пеке1_8
Added Pin To Net: NetName=NetK1_U_пеке2_3 Pin=K1_U_пеке2-3
Added Pin To Net: NetName=NetK1_U_пеке2_3 Pin=XH3-2
Added Net: Name=NetK1_U_пеке2_3
Added Pin To Net: NetName=NetK1_U_пеке2_6 Pin=K1_U_пеке2-6
Added Pin To Net: NetName=NetK1_U_пеке2_6 Pin=XH3-1
Added Net: Name=NetK1_U_пеке2_6
Added Pin To Net: NetName=NetK1_U_пеке2_8 Pin=K1_U_пеке2-8
Added Pin To Net: NetName=NetK1_U_пеке2_8 Pin=VD1_U_пеке2-2
Added Pin To Net: NetName=NetK1_U_пеке2_8 Pin=VT2_U_пеке2-3
Added Net: Name=NetK1_U_пеке2_8
Added Pin To Net: NetName=NetK1_U_пеке3_3 Pin=K1_U_пеке3-3
Added Pin To Net: NetName=NetK1_U_пеке3_3 Pin=XH2-6
Added Net: Name=NetK1_U_пеке3_3
Added Pin To Net: NetName=NetK1_U_пеке3_6 Pin=K1_U_пеке3-6
Added Pin To Net: NetName=NetK1_U_пеке3_6 Pin=XH2-5
Added Net: Name=NetK1_U_пеке3_6
Added Pin To Net: NetName=NetK1_U_пеке3_8 Pin=K1_U_пеке3-8
Added Pin To Net: NetName=NetK1_U_пеке3_8 Pin=VD1_U_пеке3-2
Added Pin To Net: NetName=NetK1_U_пеке3_8 Pin=VT2_U_пеке3-3
Added Net: Name=NetK1_U_пеке3_8
Added Pin To Net: NetName=NetK1_U_пеке4_3 Pin=K1_U_пеке4-3
Added Pin To Net: NetName=NetK1_U_пеке4_3 Pin=XH2-4
Added Net: Name=NetK1_U_пеке4_3
Added Pin To Net: NetName=NetK1_U_пеке4_6 Pin=K1_U_пеке4-6
Added Pin To Net: NetName=NetK1_U_пеке4_6 Pin=XH2-3
Added Net: Name=NetK1_U_пеке4_6
Added Pin To Net: NetName=NetK1_U_пеке4_8 Pin=K1_U_пеке4-8
Added Pin To Net: NetName=NetK1_U_пеке4_8 Pin=VD1_U_пеке4-2
Added Pin To Net: NetName=NetK1_U_пеке4_8 Pin=VT2_U_пеке4-3
Added Net: Name=NetK1_U_пеке4_8
Added Pin To Net: NetName=NetK1_U_пеке5_3 Pin=K1_U_пеке5-3
Added Pin To Net: NetName=NetK1_U_пеке5_3 Pin=XH2-2
Added Net: Name=NetK1_U_пеке5_3
Added Pin To Net: NetName=NetK1_U_пеке5_6 Pin=K1_U_пеке5-6
Added Pin To Net: NetName=NetK1_U_пеке5_6 Pin=XH2-1
Added Net: Name=NetK1_U_пеке5_6
Added Pin To Net: NetName=NetK1_U_пеке5_8 Pin=K1_U_пеке5-8
Added Pin To Net: NetName=NetK1_U_пеке5_8 Pin=VD1_U_пеке5-2
Added Pin To Net: NetName=NetK1_U_пеке5_8 Pin=VT2_U_пеке5-3
Added Net: Name=NetK1_U_пеке5_8
Added Pin To Net: NetName=NetK1_U_пеке6_3 Pin=K1_U_пеке6-3
Added Pin To Net: NetName=NetK1_U_пеке6_3 Pin=XH1-6
Added Net: Name=NetK1_U_пеке6_3
Added Pin To Net: NetName=NetK1_U_пеке6_6 Pin=K1_U_пеке6-6
Added Pin To Net: NetName=NetK1_U_пеке6_6 Pin=XH1-5
Added Net: Name=NetK1_U_пеке6_6
Added Pin To Net: NetName=NetK1_U_пеке6_8 Pin=K1_U_пеке6-8
Added Pin To Net: NetName=NetK1_U_пеке6_8 Pin=VD1_U_пеке6-2
Added Pin To Net: NetName=NetK1_U_пеке6_8 Pin=VT2_U_пеке6-3
Added Net: Name=NetK1_U_пеке6_8
Added Pin To Net: NetName=NetK1_U_пеке7_3 Pin=K1_U_пеке7-3
Added Pin To Net: NetName=NetK1_U_пеке7_3 Pin=XH1-4
Added Net: Name=NetK1_U_пеке7_3
Added Pin To Net: NetName=NetK1_U_пеке7_6 Pin=K1_U_пеке7-6
Added Pin To Net: NetName=NetK1_U_пеке7_6 Pin=XH1-3
Added Net: Name=NetK1_U_пеке7_6
Added Pin To Net: NetName=NetK1_U_пеке7_8 Pin=K1_U_пеке7-8
Added Pin To Net: NetName=NetK1_U_пеке7_8 Pin=VD1_U_пеке7-2
Added Pin To Net: NetName=NetK1_U_пеке7_8 Pin=VT2_U_пеке7-3
Added Net: Name=NetK1_U_пеке7_8
Added Pin To Net: NetName=NetK1_U_пеке8_3 Pin=K1_U_пеке8-3
Added Pin To Net: NetName=NetK1_U_пеке8_3 Pin=XH1-2
Added Net: Name=NetK1_U_пеке8_3
Added Pin To Net: NetName=NetK1_U_пеке8_6 Pin=K1_U_пеке8-6
Added Pin To Net: NetName=NetK1_U_пеке8_6 Pin=XH1-1
Added Net: Name=NetK1_U_пеке8_6
Added Pin To Net: NetName=NetK1_U_пеке8_8 Pin=K1_U_пеке8-8
Added Pin To Net: NetName=NetK1_U_пеке8_8 Pin=VD1_U_пеке8-2
Added Pin To Net: NetName=NetK1_U_пеке8_8 Pin=VT2_U_пеке8-3
Added Net: Name=NetK1_U_пеке8_8
Added Pin To Net: NetName=NetR1_1 Pin=R1-1
Added Pin To Net: NetName=NetR1_1 Pin=VT1-3
Added Net: Name=NetR1_1
Added Pin To Net: NetName=NetR13_U_пеке1_2 Pin=R13_U_пеке1-2
Added Pin To Net: NetName=NetR13_U_пеке1_2 Pin=R14_U_пеке1-2
Added Pin To Net: NetName=NetR13_U_пеке1_2 Pin=VT2_U_пеке1-1
Added Net: Name=NetR13_U_пеке1_2
Added Pin To Net: NetName=NetR13_U_пеке2_2 Pin=R13_U_пеке2-2
Added Pin To Net: NetName=NetR13_U_пеке2_2 Pin=R14_U_пеке2-2
Added Pin To Net: NetName=NetR13_U_пеке2_2 Pin=VT2_U_пеке2-1
Added Net: Name=NetR13_U_пеке2_2
Added Pin To Net: NetName=NetR13_U_пеке3_2 Pin=R13_U_пеке3-2
Added Pin To Net: NetName=NetR13_U_пеке3_2 Pin=R14_U_пеке3-2
Added Pin To Net: NetName=NetR13_U_пеке3_2 Pin=VT2_U_пеке3-1
Added Net: Name=NetR13_U_пеке3_2
Added Pin To Net: NetName=NetR13_U_пеке4_2 Pin=R13_U_пеке4-2
Added Pin To Net: NetName=NetR13_U_пеке4_2 Pin=R14_U_пеке4-2
Added Pin To Net: NetName=NetR13_U_пеке4_2 Pin=VT2_U_пеке4-1
Added Net: Name=NetR13_U_пеке4_2
Added Pin To Net: NetName=NetR13_U_пеке5_2 Pin=R13_U_пеке5-2
Added Pin To Net: NetName=NetR13_U_пеке5_2 Pin=R14_U_пеке5-2
Added Pin To Net: NetName=NetR13_U_пеке5_2 Pin=VT2_U_пеке5-1
Added Net: Name=NetR13_U_пеке5_2
Added Pin To Net: NetName=NetR13_U_пеке6_2 Pin=R13_U_пеке6-2
Added Pin To Net: NetName=NetR13_U_пеке6_2 Pin=R14_U_пеке6-2
Added Pin To Net: NetName=NetR13_U_пеке6_2 Pin=VT2_U_пеке6-1
Added Net: Name=NetR13_U_пеке6_2
Added Pin To Net: NetName=NetR13_U_пеке7_2 Pin=R13_U_пеке7-2
Added Pin To Net: NetName=NetR13_U_пеке7_2 Pin=R14_U_пеке7-2
Added Pin To Net: NetName=NetR13_U_пеке7_2 Pin=VT2_U_пеке7-1
Added Net: Name=NetR13_U_пеке7_2
Added Pin To Net: NetName=NetR13_U_пеке8_2 Pin=R13_U_пеке8-2
Added Pin To Net: NetName=NetR13_U_пеке8_2 Pin=R14_U_пеке8-2
Added Pin To Net: NetName=NetR13_U_пеке8_2 Pin=VT2_U_пеке8-1
Added Net: Name=NetR13_U_пеке8_2
Added Pin To Net: NetName=NetR15_Designator1_1 Pin=R15_Designator1-1
Added Pin To Net: NetName=NetR15_Designator1_1 Pin=XH16-1
Added Net: Name=NetR15_Designator1_1
Added Pin To Net: NetName=NetR15_Designator2_1 Pin=R15_Designator2-1
Added Pin To Net: NetName=NetR15_Designator2_1 Pin=XH15-1
Added Net: Name=NetR15_Designator2_1
Added Pin To Net: NetName=NetR15_Designator3_1 Pin=R15_Designator3-1
Added Pin To Net: NetName=NetR15_Designator3_1 Pin=XH14-1
Added Net: Name=NetR15_Designator3_1
Added Pin To Net: NetName=NetR15_Designator4_1 Pin=R15_Designator4-1
Added Pin To Net: NetName=NetR15_Designator4_1 Pin=XH13-1
Added Net: Name=NetR15_Designator4_1
Added Pin To Net: NetName=NetR15_Designator5_1 Pin=R15_Designator5-1
Added Pin To Net: NetName=NetR15_Designator5_1 Pin=XH12-1
Added Net: Name=NetR15_Designator5_1
Added Pin To Net: NetName=NetR15_Designator6_1 Pin=R15_Designator6-1
Added Pin To Net: NetName=NetR15_Designator6_1 Pin=XH11-1
Added Net: Name=NetR15_Designator6_1
Added Pin To Net: NetName=NetR16_Designator1_1 Pin=R16_Designator1-1
Added Pin To Net: NetName=NetR16_Designator1_1 Pin=XH16-2
Added Net: Name=NetR16_Designator1_1
Added Pin To Net: NetName=NetR16_Designator2_1 Pin=R16_Designator2-1
Added Pin To Net: NetName=NetR16_Designator2_1 Pin=XH15-2
Added Net: Name=NetR16_Designator2_1
Added Pin To Net: NetName=NetR16_Designator3_1 Pin=R16_Designator3-1
Added Pin To Net: NetName=NetR16_Designator3_1 Pin=XH14-2
Added Net: Name=NetR16_Designator3_1
Added Pin To Net: NetName=NetR16_Designator4_1 Pin=R16_Designator4-1
Added Pin To Net: NetName=NetR16_Designator4_1 Pin=XH13-2
Added Net: Name=NetR16_Designator4_1
Added Pin To Net: NetName=NetR16_Designator5_1 Pin=R16_Designator5-1
Added Pin To Net: NetName=NetR16_Designator5_1 Pin=XH12-2
Added Net: Name=NetR16_Designator5_1
Added Pin To Net: NetName=NetR16_Designator6_1 Pin=R16_Designator6-1
Added Pin To Net: NetName=NetR16_Designator6_1 Pin=XH11-2
Added Net: Name=NetR16_Designator6_1
Added Pin To Net: NetName=NetR17_Designator1_1 Pin=R17_Designator1-1
Added Pin To Net: NetName=NetR17_Designator1_1 Pin=XH16-3
Added Net: Name=NetR17_Designator1_1
Added Pin To Net: NetName=NetR17_Designator2_1 Pin=R17_Designator2-1
Added Pin To Net: NetName=NetR17_Designator2_1 Pin=XH15-3
Added Net: Name=NetR17_Designator2_1
Added Pin To Net: NetName=NetR17_Designator3_1 Pin=R17_Designator3-1
Added Pin To Net: NetName=NetR17_Designator3_1 Pin=XH14-3
Added Net: Name=NetR17_Designator3_1
Added Pin To Net: NetName=NetR17_Designator4_1 Pin=R17_Designator4-1
Added Pin To Net: NetName=NetR17_Designator4_1 Pin=XH13-3
Added Net: Name=NetR17_Designator4_1
Added Pin To Net: NetName=NetR17_Designator5_1 Pin=R17_Designator5-1
Added Pin To Net: NetName=NetR17_Designator5_1 Pin=XH12-3
Added Net: Name=NetR17_Designator5_1
Added Pin To Net: NetName=NetR17_Designator6_1 Pin=R17_Designator6-1
Added Pin To Net: NetName=NetR17_Designator6_1 Pin=XH11-3
Added Net: Name=NetR17_Designator6_1
Added Pin To Net: NetName=NetR18_Designator1_1 Pin=R18_Designator1-1
Added Pin To Net: NetName=NetR18_Designator1_1 Pin=XH16-4
Added Net: Name=NetR18_Designator1_1
Added Pin To Net: NetName=NetR18_Designator2_1 Pin=R18_Designator2-1
Added Pin To Net: NetName=NetR18_Designator2_1 Pin=XH15-4
Added Net: Name=NetR18_Designator2_1
Added Pin To Net: NetName=NetR18_Designator3_1 Pin=R18_Designator3-1
Added Pin To Net: NetName=NetR18_Designator3_1 Pin=XH14-4
Added Net: Name=NetR18_Designator3_1
Added Pin To Net: NetName=NetR18_Designator4_1 Pin=R18_Designator4-1
Added Pin To Net: NetName=NetR18_Designator4_1 Pin=XH13-4
Added Net: Name=NetR18_Designator4_1
Added Pin To Net: NetName=NetR18_Designator5_1 Pin=R18_Designator5-1
Added Pin To Net: NetName=NetR18_Designator5_1 Pin=XH12-4
Added Net: Name=NetR18_Designator5_1
Added Pin To Net: NetName=NetR18_Designator6_1 Pin=R18_Designator6-1
Added Pin To Net: NetName=NetR18_Designator6_1 Pin=XH11-4
Added Net: Name=NetR18_Designator6_1
Added Pin To Net: NetName=NetR19_Designator2_1 Pin=R19_Designator2-1
Added Pin To Net: NetName=NetR19_Designator2_1 Pin=XH15-5
Added Net: Name=NetR19_Designator2_1
Added Pin To Net: NetName=NetR19_Designator3_1 Pin=R19_Designator3-1
Added Pin To Net: NetName=NetR19_Designator3_1 Pin=XH14-5
Added Net: Name=NetR19_Designator3_1
Added Pin To Net: NetName=NetR19_Designator4_1 Pin=R19_Designator4-1
Added Pin To Net: NetName=NetR19_Designator4_1 Pin=XH13-5
Added Net: Name=NetR19_Designator4_1
Added Pin To Net: NetName=NetR19_Designator5_1 Pin=R19_Designator5-1
Added Pin To Net: NetName=NetR19_Designator5_1 Pin=XH12-5
Added Net: Name=NetR19_Designator5_1
Added Pin To Net: NetName=NetR19_Designator6_1 Pin=R19_Designator6-1
Added Pin To Net: NetName=NetR19_Designator6_1 Pin=XH11-5
Added Net: Name=NetR19_Designator6_1
Added Pin To Net: NetName=NetR20_Designator2_1 Pin=R20_Designator2-1
Added Pin To Net: NetName=NetR20_Designator2_1 Pin=XH15-6
Added Net: Name=NetR20_Designator2_1
Added Pin To Net: NetName=NetR20_Designator3_1 Pin=R20_Designator3-1
Added Pin To Net: NetName=NetR20_Designator3_1 Pin=XH14-6
Added Net: Name=NetR20_Designator3_1
Added Pin To Net: NetName=NetR20_Designator4_1 Pin=R20_Designator4-1
Added Pin To Net: NetName=NetR20_Designator4_1 Pin=XH13-6
Added Net: Name=NetR20_Designator4_1
Added Pin To Net: NetName=NetR20_Designator5_1 Pin=R20_Designator5-1
Added Pin To Net: NetName=NetR20_Designator5_1 Pin=XH12-6
Added Net: Name=NetR20_Designator5_1
Added Pin To Net: NetName=NetR20_Designator6_1 Pin=R20_Designator6-1
Added Pin To Net: NetName=NetR20_Designator6_1 Pin=XH11-6
Added Net: Name=NetR20_Designator6_1
Added Pin To Net: NetName=S1 Pin=BH2-1
Added Pin To Net: NetName=S1 Pin=DD1-35
Added Net: Name=S1
Added Pin To Net: NetName=SB2 Pin=BH2-2
Added Pin To Net: NetName=SB2 Pin=DD1-97
Added Net: Name=SB2
Added Pin To Net: NetName=SB11 Pin=BH2-3
Added Pin To Net: NetName=SB11 Pin=DD1-98
Added Net: Name=SB11
Added Pin To Net: NetName=SB12 Pin=BH2-4
Added Pin To Net: NetName=SB12 Pin=DD1-1
Added Net: Name=SB12
Added Pin To Net: NetName=SB13 Pin=BH2-5
Added Pin To Net: NetName=SB13 Pin=DD1-2
Added Net: Name=SB13
Added Pin To Net: NetName=SB14 Pin=BH2-6
Added Pin To Net: NetName=SB14 Pin=DD1-3
Added Net: Name=SB14
Added Pin To Net: NetName=SB15 Pin=BH2-7
Added Pin To Net: NetName=SB15 Pin=DD1-4
Added Net: Name=SB15
Added Pin To Net: NetName=SB16 Pin=BH2-8
Added Pin To Net: NetName=SB16 Pin=DD1-5
Added Net: Name=SB16
Added Pin To Net: NetName=SB17 Pin=BH2-9
Added Pin To Net: NetName=SB17 Pin=DD1-38
Added Net: Name=SB17
Added Pin To Net: NetName=ZD1 Pin=DD1-81
Added Pin To Net: NetName=ZD1 Pin=DD4_Designator1-4
Added Net: Name=ZD1
Added Pin To Net: NetName=ZD2 Pin=DD1-82
Added Pin To Net: NetName=ZD2 Pin=DD4_Designator1-6
Added Net: Name=ZD2
Added Pin To Net: NetName=ZD3 Pin=DD1-83
Added Pin To Net: NetName=ZD3 Pin=DD4_Designator1-10
Added Net: Name=ZD3
Added Pin To Net: NetName=ца1 Pin=BH2-11
Added Pin To Net: NetName=ца1 Pin=DD1-39
Added Net: Name=ца1
Added Pin To Net: NetName=ца2 Pin=BH2-12
Added Pin To Net: NetName=ца2 Pin=DD1-40
Added Net: Name=ца2
Added Pin To Net: NetName=ца3 Pin=BH2-13
Added Pin To Net: NetName=ца3 Pin=DD1-41
Added Net: Name=ца3
Added Pin To Net: NetName=ца4 Pin=BH2-14
Added Pin To Net: NetName=ца4 Pin=DD1-42
Added Net: Name=ца4
Added Pin To Net: NetName=ца5 Pin=BH2-15
Added Pin To Net: NetName=ца5 Pin=DD1-43
Added Net: Name=ца5
Added Pin To Net: NetName=ца6 Pin=BH2-16
Added Pin To Net: NetName=ца6 Pin=DD1-44
Added Net: Name=ца6
Added Pin To Net: NetName=ца7 Pin=BH2-17
Added Pin To Net: NetName=ца7 Pin=DD1-45
Added Net: Name=ца7
Added Pin To Net: NetName=ца8 Pin=BH2-18
Added Pin To Net: NetName=ца8 Pin=DD1-46
Added Net: Name=ца8
Added Pin To Net: NetName=пх Pin=BH2-10
Added Pin To Net: NetName=пх Pin=VT1-2
Added Net: Name=пх
