Change Component Designator: Old Designator=BH New Designator=BH?
Change Component Designator: Old Designator=BH New Designator=BH?
Change Component Designator: Old Designator=C1 New Designator=C?
Change Component Designator: Old Designator=C2 New Designator=C?
Change Component Designator: Old Designator=C3 New Designator=C?
Change Component Designator: Old Designator=C4 New Designator=C?
Change Component Designator: Old Designator=C5 New Designator=C?
Change Component Designator: Old Designator=C6 New Designator=C?
Change Component Designator: Old Designator=C7 New Designator=C?
Change Component Designator: Old Designator=C8 New Designator=C?
Change Component Designator: Old Designator=C10 New Designator=C?
Change Component Designator: Old Designator=C11 New Designator=C?
Change Component Designator: Old Designator=C12 New Designator=C?
Change Component Designator: Old Designator=C13 New Designator=C?
Change Component Designator: Old Designator=C*1 New Designator=C*?
Change Component Designator: Old Designator=C*2 New Designator=C*?
Change Component Designator: Old Designator=C*3 New Designator=C*?
Change Component Designator: Old Designator=C*4 New Designator=C*?
Change Component Designator: Old Designator=C*5 New Designator=C*?
Change Component Designator: Old Designator=C*6 New Designator=C*?
Change Component Designator: Old Designator=C*7 New Designator=C*?
Change Component Designator: Old Designator=C*8 New Designator=C*?
Change Component Designator: Old Designator=DD*1 New Designator=DD*?
Change Component Designator: Old Designator=DD*2 New Designator=DD*?
Change Component Designator: Old Designator=DD New Designator=DD?
Change Component Designator: Old Designator=R1 New Designator=R?
Change Component Designator: Old Designator=R5 New Designator=R?
Change Component Designator: Old Designator=R12 New Designator=R?
Change Component Designator: Old Designator=R13 New Designator=R?
Change Component Designator: Old Designator=R New Designator=R?
Change Component Designator: Old Designator=R New Designator=R?
Change Component Designator: Old Designator=R New Designator=R?
Change Component Designator: Old Designator=R New Designator=R?
Change Component Designator: Old Designator=R New Designator=R?
Change Component Designator: Old Designator=R New Designator=R?
Change Component Designator: Old Designator=XH*1 New Designator=XH*?
Change Component Designator: Old Designator=XH*2 New Designator=XH*?
Change Component Designator: Old Designator=XP1 New Designator=XP?
Change Component Designator: Old Designator=ZQ*1 New Designator=ZQ*?
