Change Component Designator: Old Designator=*1 New Designator=*?
Change Component Designator: Old Designator=*2 New Designator=*?
Change Component Designator: Old Designator=*3 New Designator=*?
Change Component Designator: Old Designator=*4 New Designator=*?
Change Component Designator: Old Designator=*5 New Designator=*?
Change Component Designator: Old Designator=*6 New Designator=*?
Change Component Designator: Old Designator=*7 New Designator=*?
Change Component Designator: Old Designator=*8 New Designator=*?
Change Component Designator: Old Designator=BH1 New Designator=BH?
Change Component Designator: Old Designator=BH2 New Designator=BH?
Change Component Designator: Old Designator=C1 New Designator=C?
Change Component Designator: Old Designator=C2 New Designator=C?
Change Component Designator: Old Designator=C3 New Designator=C?
Change Component Designator: Old Designator=C4 New Designator=C?
Change Component Designator: Old Designator=C5 New Designator=C?
Change Component Designator: Old Designator=C6 New Designator=C?
Change Component Designator: Old Designator=C7 New Designator=C?
Change Component Designator: Old Designator=C8 New Designator=C?
Change Component Designator: Old Designator=C9 New Designator=C?
Change Component Designator: Old Designator=C10 New Designator=C?
Change Component Designator: Old Designator=C11 New Designator=C?
Change Component Designator: Old Designator=DD1 New Designator=DD?
Change Component Designator: Old Designator=DD2 New Designator=DD?
Change Component Designator: Old Designator=DD3 New Designator=DD?
Change Component Designator: Old Designator=R1 New Designator=R?
Change Component Designator: Old Designator=R2 New Designator=R?
Change Component Designator: Old Designator=R3 New Designator=R?
Change Component Designator: Old Designator=R4 New Designator=R?
Change Component Designator: Old Designator=R5 New Designator=R?
Change Component Designator: Old Designator=R6 New Designator=R?
Change Component Designator: Old Designator=R7 New Designator=R?
Change Component Designator: Old Designator=R8 New Designator=R?
Change Component Designator: Old Designator=R9 New Designator=R?
Change Component Designator: Old Designator=R10 New Designator=R?
Change Component Designator: Old Designator=R11 New Designator=R?
Change Component Designator: Old Designator=VT1 New Designator=VT?
Change Component Designator: Old Designator=XH9 New Designator=XH?
Change Component Designator: Old Designator=XH10 New Designator=XH?
Change Component Designator: Old Designator=XP1 New Designator=XP?
Change Component Designator: Old Designator=Ñ1 New Designator=Ñ?
Change Component Designator: Old Designator=Ñ2 New Designator=Ñ?
Change Component Designator: Old Designator=Ñ3 New Designator=Ñ?
Change Component Designator: Old Designator=Ñ4 New Designator=Ñ?
Change Component Designator: Old Designator=Ñ5 New Designator=Ñ?
Change Component Designator: Old Designator=Ñ6 New Designator=Ñ?
Change Component Designator: Old Designator=Ñ7 New Designator=Ñ?
Change Component Designator: Old Designator=Ñ8 New Designator=Ñ?
Change Component Designator: Old Designator=Ñ9 New Designator=Ñ?
