Change Component Designator: Old Designator=*? New Designator=*1
Change Component Designator: Old Designator=BH? New Designator=BH1
Change Component Designator: Old Designator=BH? New Designator=BH2
Change Component Designator: Old Designator=C*? New Designator=C*1
Change Component Designator: Old Designator=C*? New Designator=C*2
Change Component Designator: Old Designator=C*? New Designator=C*3
Change Component Designator: Old Designator=C*? New Designator=C*4
Change Component Designator: Old Designator=C*? New Designator=C*5
Change Component Designator: Old Designator=C*? New Designator=C*6
Change Component Designator: Old Designator=C*? New Designator=C*7
Change Component Designator: Old Designator=C*? New Designator=C*8
Change Component Designator: Old Designator=C*? New Designator=C*9
Change Component Designator: Old Designator=C*? New Designator=C*10
Change Component Designator: Old Designator=C? New Designator=C1
Change Component Designator: Old Designator=C? New Designator=C2
Change Component Designator: Old Designator=C? New Designator=C3
Change Component Designator: Old Designator=DD*? New Designator=DD*1
Change Component Designator: Old Designator=DD*? New Designator=DD*2
Change Component Designator: Old Designator=DD? New Designator=DD1
Change Component Designator: Old Designator=R*? New Designator=R*1
Change Component Designator: Old Designator=R*? New Designator=R*2
Change Component Designator: Old Designator=R*? New Designator=R*3
Change Component Designator: Old Designator=R*? New Designator=R*4
Change Component Designator: Old Designator=R? New Designator=R1
Change Component Designator: Old Designator=R? New Designator=R2
Change Component Designator: Old Designator=R? New Designator=R3
Change Component Designator: Old Designator=R? New Designator=R4
Change Component Designator: Old Designator=R? New Designator=R5
Change Component Designator: Old Designator=R? New Designator=R6
Change Component Designator: Old Designator=R? New Designator=R7
Change Component Designator: Old Designator=R? New Designator=R8
Change Component Designator: Old Designator=R? New Designator=R9
Change Component Designator: Old Designator=R? New Designator=R10
Change Component Designator: Old Designator=R? New Designator=R11
Change Component Designator: Old Designator=VT? New Designator=VT1
Change Component Designator: Old Designator=XH*? New Designator=XH*1
Change Component Designator: Old Designator=XH*? New Designator=XH*2
Change Component Designator: Old Designator=XP*? New Designator=XP*1
Change Component Designator: Old Designator=ZQ*? New Designator=ZQ*1
Change Component Designator: Old Designator=Ñ? New Designator=Ñ1
Change Component Designator: Old Designator=Ñ? New Designator=Ñ2
Change Component Designator: Old Designator=Ñ? New Designator=Ñ3
Change Component Designator: Old Designator=Ñ? New Designator=Ñ4
Change Component Designator: Old Designator=Ñ? New Designator=Ñ5
Change Component Designator: Old Designator=Ñ? New Designator=Ñ6
Change Component Designator: Old Designator=Ñ? New Designator=Ñ7
Change Component Designator: Old Designator=Ñ? New Designator=Ñ8
Change Component Designator: Old Designator=Ñ? New Designator=Ñ9
