Change Component Designator: Old Designator=*1 New Designator=*5
Change Component Designator: Old Designator=*2 New Designator=*6
Change Component Designator: Old Designator=*3 New Designator=*7
Change Component Designator: Old Designator=*4 New Designator=*9
Change Component Designator: Old Designator=*5 New Designator=*10
Change Component Designator: Old Designator=*6 New Designator=*11
Change Component Designator: Old Designator=*7 New Designator=*12
Change Component Designator: Old Designator=*8 New Designator=*13
Change Component Designator: Old Designator=*9 New Designator=*14
Change Component Designator: Old Designator=*10 New Designator=*15
Change Component Designator: Old Designator=*11 New Designator=*16
Change Component Designator: Old Designator=*12 New Designator=*17
Change Component Designator: Old Designator=* New Designator=*1
Change Component Designator: Old Designator=* New Designator=*2
Change Component Designator: Old Designator=* New Designator=*3
Change Component Designator: Old Designator=* New Designator=*4
Change Component Designator: Old Designator=* New Designator=*8
Change Component Designator: Old Designator=C2 New Designator=C1
Change Component Designator: Old Designator=C3 New Designator=C2
Change Component Designator: Old Designator=C4 New Designator=C3
Change Component Designator: Old Designator=C5 New Designator=C4
Change Component Designator: Old Designator=C6 New Designator=C5
Change Component Designator: Old Designator=C7 New Designator=C6
Change Component Designator: Old Designator=C8 New Designator=C7
Change Component Designator: Old Designator=C9 New Designator=C8
Change Component Designator: Old Designator=C10 New Designator=C9
Change Component Designator: Old Designator=C11 New Designator=C10
Change Component Designator: Old Designator=C12 New Designator=C11
Change Component Designator: Old Designator=DD2 New Designator=DD1
Change Component Designator: Old Designator=DD3 New Designator=DD2
Change Component Designator: Old Designator=DD4 New Designator=DD3
Change Component Designator: Old Designator=R7 New Designator=R1
Change Component Designator: Old Designator=R8 New Designator=R2
Change Component Designator: Old Designator=R9 New Designator=R3
Change Component Designator: Old Designator=R10 New Designator=R4
Change Component Designator: Old Designator=R11 New Designator=R5
Change Component Designator: Old Designator=R12 New Designator=R6
Change Component Designator: Old Designator=R13 New Designator=R7
Change Component Designator: Old Designator=R14 New Designator=R8
Change Component Designator: Old Designator=R15 New Designator=R9
Change Component Designator: Old Designator=R16 New Designator=R10
Change Component Designator: Old Designator=R17 New Designator=R11
Change Component Designator: Old Designator=XH2 New Designator=XH9
Change Component Designator: Old Designator=XH16 New Designator=XH10
