Change Component Designator: Old Designator=C1 New Designator=C9
Change Component Designator: Old Designator=C2 New Designator=C14
Change Component Designator: Old Designator=C3 New Designator=C15
Change Component Designator: Old Designator=C*3 New Designator=C*1
Change Component Designator: Old Designator=C*4 New Designator=C*2
Change Component Designator: Old Designator=C*5 New Designator=C*3
Change Component Designator: Old Designator=C*6 New Designator=C*4
Change Component Designator: Old Designator=C*7 New Designator=C*5
Change Component Designator: Old Designator=C*8 New Designator=C*6
Change Component Designator: Old Designator=C*9 New Designator=C*7
Change Component Designator: Old Designator=C*10 New Designator=C*8
Change Component Designator: Old Designator=C New Designator=C1
Change Component Designator: Old Designator=C New Designator=C2
Change Component Designator: Old Designator=C New Designator=C3
Change Component Designator: Old Designator=C New Designator=C4
Change Component Designator: Old Designator=C New Designator=C5
Change Component Designator: Old Designator=C New Designator=C6
Change Component Designator: Old Designator=C New Designator=C7
Change Component Designator: Old Designator=C New Designator=C8
Change Component Designator: Old Designator=C New Designator=C10
Change Component Designator: Old Designator=C New Designator=C11
Change Component Designator: Old Designator=C New Designator=C12
Change Component Designator: Old Designator=C New Designator=C13
Change Component Designator: Old Designator=DD New Designator=DD1
Change Component Designator: Old Designator=R1 New Designator=R2
Change Component Designator: Old Designator=R2 New Designator=R3
Change Component Designator: Old Designator=R3 New Designator=R4
Change Component Designator: Old Designator=R4 New Designator=R6
Change Component Designator: Old Designator=R5 New Designator=R7
Change Component Designator: Old Designator=R6 New Designator=R8
Change Component Designator: Old Designator=R7 New Designator=R9
Change Component Designator: Old Designator=R8 New Designator=R10
Change Component Designator: Old Designator=R9 New Designator=R11
Change Component Designator: Old Designator=R10 New Designator=R14
Change Component Designator: Old Designator=R11 New Designator=R15
Change Component Designator: Old Designator=R New Designator=R1
Change Component Designator: Old Designator=R New Designator=R5
Change Component Designator: Old Designator=R New Designator=R12
Change Component Designator: Old Designator=R New Designator=R13
Change Component Designator: Old Designator=XP New Designator=XP1
