Added Component: Designator=R2_U_확휉컏풳?1(R)
Add component. Clean all parameters for all variants
Added Component: Designator=R2_U_확휉컏풳?2(R)
Add component. Clean all parameters for all variants
Added Component: Designator=R2_U_확휉컏풳?3(R)
Add component. Clean all parameters for all variants
Added Component: Designator=R2_U_확휉컏풳?4(R)
Add component. Clean all parameters for all variants
Added Component: Designator=R2_U_확휉컏풳?5(R)
Add component. Clean all parameters for all variants
Added Component: Designator=R2_U_확휉컏풳?6(R)
Add component. Clean all parameters for all variants
Added Component: Designator=R2_U_확휉컏풳?8(R)
Add component. Clean all parameters for all variants
Added Component: Designator=R?_U_확휉컏풳ⅰ(R)
Add component. Clean all parameters for all variants
Added Component: Designator=R?_U_확휉컏풳ⅱ(R)
Add component. Clean all parameters for all variants
Added Component: Designator=R?_U_확휉컏풳ⅲ(R)
Add component. Clean all parameters for all variants
Added Component: Designator=R?_U_확휉컏풳ⅳ(R)
Add component. Clean all parameters for all variants
Added Component: Designator=R?_U_확휉컏풳ⅴ(R)
Add component. Clean all parameters for all variants
Added Component: Designator=R?_U_확휉컏풳ⅵ(R)
Add component. Clean all parameters for all variants
Added Component: Designator=R?_U_확휉컏풳ⅷ(R)
Add component. Clean all parameters for all variants
Added Component: Designator=VD1_U_확휉컏풳?1(L-934(RED))
Add component. Clean all parameters for all variants
Added Component: Designator=VD1_U_확휉컏풳?2(L-934(RED))
Add component. Clean all parameters for all variants
Added Component: Designator=VD1_U_확휉컏풳?3(L-934(RED))
Add component. Clean all parameters for all variants
Added Component: Designator=VD1_U_확휉컏풳?4(L-934(RED))
Add component. Clean all parameters for all variants
Added Component: Designator=VD1_U_확휉컏풳?5(L-934(RED))
Add component. Clean all parameters for all variants
Added Component: Designator=VD1_U_확휉컏풳?6(L-934(RED))
Add component. Clean all parameters for all variants
Added Component: Designator=VD1_U_확휉컏풳?8(L-934(RED))
Add component. Clean all parameters for all variants
Added Component: Designator=VD2_U_확휉컏풳?1(L-934(GREEN))
Add component. Clean all parameters for all variants
Added Component: Designator=VD2_U_확휉컏풳?2(L-934(GREEN))
Add component. Clean all parameters for all variants
Added Component: Designator=VD2_U_확휉컏풳?3(L-934(GREEN))
Add component. Clean all parameters for all variants
Added Component: Designator=VD2_U_확휉컏풳?4(L-934(GREEN))
Add component. Clean all parameters for all variants
Added Component: Designator=VD2_U_확휉컏풳?5(L-934(GREEN))
Add component. Clean all parameters for all variants
Added Component: Designator=VD2_U_확휉컏풳?6(L-934(GREEN))
Add component. Clean all parameters for all variants
Added Component: Designator=VD2_U_확휉컏풳?8(L-934(GREEN))
Add component. Clean all parameters for all variants
Added Pin To Net: NetName=NetR2_U_확휉컏풳?1_1 Pin=R2_U_확휉컏풳?1-1
Added Pin To Net: NetName=NetR2_U_확휉컏풳?2_1 Pin=R2_U_확휉컏풳?2-1
Added Pin To Net: NetName=NetR2_U_확휉컏풳?3_1 Pin=R2_U_확휉컏풳?3-1
Added Pin To Net: NetName=NetR2_U_확휉컏풳?4_1 Pin=R2_U_확휉컏풳?4-1
Added Pin To Net: NetName=NetR2_U_확휉컏풳?5_1 Pin=R2_U_확휉컏풳?5-1
Added Pin To Net: NetName=NetR2_U_확휉컏풳?6_1 Pin=R2_U_확휉컏풳?6-1
Added Pin To Net: NetName=NetR2_U_확휉컏풳?8_1 Pin=R2_U_확휉컏풳?8-1
Added Pin To Net: NetName=NetR?_U_확휉컏풳ⅰ_1 Pin=R?_U_확휉컏풳ⅰ-1
Added Pin To Net: NetName=햳 Pin=R?_U_확휉컏풳ⅰ-2
Added Pin To Net: NetName=NetR?_U_확휉컏풳ⅱ_1 Pin=R?_U_확휉컏풳ⅱ-1
Added Pin To Net: NetName=햳 Pin=R?_U_확휉컏풳ⅱ-2
Added Pin To Net: NetName=NetR?_U_확휉컏풳ⅲ_1 Pin=R?_U_확휉컏풳ⅲ-1
Added Pin To Net: NetName=햳 Pin=R?_U_확휉컏풳ⅲ-2
Added Pin To Net: NetName=NetR?_U_확휉컏풳ⅳ_1 Pin=R?_U_확휉컏풳ⅳ-1
Added Pin To Net: NetName=햳 Pin=R?_U_확휉컏풳ⅳ-2
Added Pin To Net: NetName=NetR?_U_확휉컏풳ⅴ_1 Pin=R?_U_확휉컏풳ⅴ-1
Added Pin To Net: NetName=햳 Pin=R?_U_확휉컏풳ⅴ-2
Added Pin To Net: NetName=NetR?_U_확휉컏풳ⅵ_1 Pin=R?_U_확휉컏풳ⅵ-1
Added Pin To Net: NetName=햳 Pin=R?_U_확휉컏풳ⅵ-2
Added Pin To Net: NetName=NetR?_U_확휉컏풳ⅷ_1 Pin=R?_U_확휉컏풳ⅷ-1
Added Pin To Net: NetName=햳 Pin=R?_U_확휉컏풳ⅷ-2
Added Pin To Net: NetName=NetR?_U_확휉컏풳ⅰ_1 Pin=VD1_U_확휉컏풳?1-1
Added Pin To Net: NetName=8 Pin=VD1_U_확휉컏풳?1-2
Added Pin To Net: NetName=NetR?_U_확휉컏풳ⅱ_1 Pin=VD1_U_확휉컏풳?2-1
Added Pin To Net: NetName=7 Pin=VD1_U_확휉컏풳?2-2
Added Pin To Net: NetName=NetR?_U_확휉컏풳ⅲ_1 Pin=VD1_U_확휉컏풳?3-1
Added Pin To Net: NetName=6 Pin=VD1_U_확휉컏풳?3-2
Added Pin To Net: NetName=NetR?_U_확휉컏풳ⅳ_1 Pin=VD1_U_확휉컏풳?4-1
Added Pin To Net: NetName=5 Pin=VD1_U_확휉컏풳?4-2
Added Pin To Net: NetName=NetR?_U_확휉컏풳ⅴ_1 Pin=VD1_U_확휉컏풳?5-1
Added Pin To Net: NetName=4 Pin=VD1_U_확휉컏풳?5-2
Added Pin To Net: NetName=NetR?_U_확휉컏풳ⅵ_1 Pin=VD1_U_확휉컏풳?6-1
Added Pin To Net: NetName=3 Pin=VD1_U_확휉컏풳?6-2
Added Pin To Net: NetName=NetR?_U_확휉컏풳ⅷ_1 Pin=VD1_U_확휉컏풳?8-1
Added Pin To Net: NetName=1 Pin=VD1_U_확휉컏풳?8-2
Added Pin To Net: NetName=NetR2_U_확휉컏풳?1_1 Pin=VD2_U_확휉컏풳?1-1
Added Pin To Net: NetName=GND Pin=VD2_U_확휉컏풳?1-2
Added Pin To Net: NetName=NetR2_U_확휉컏풳?2_1 Pin=VD2_U_확휉컏풳?2-1
Added Pin To Net: NetName=GND Pin=VD2_U_확휉컏풳?2-2
Added Pin To Net: NetName=NetR2_U_확휉컏풳?3_1 Pin=VD2_U_확휉컏풳?3-1
Added Pin To Net: NetName=GND Pin=VD2_U_확휉컏풳?3-2
Added Pin To Net: NetName=NetR2_U_확휉컏풳?4_1 Pin=VD2_U_확휉컏풳?4-1
Added Pin To Net: NetName=GND Pin=VD2_U_확휉컏풳?4-2
Added Pin To Net: NetName=NetR2_U_확휉컏풳?5_1 Pin=VD2_U_확휉컏풳?5-1
Added Pin To Net: NetName=GND Pin=VD2_U_확휉컏풳?5-2
Added Pin To Net: NetName=NetR2_U_확휉컏풳?6_1 Pin=VD2_U_확휉컏풳?6-1
Added Pin To Net: NetName=GND Pin=VD2_U_확휉컏풳?6-2
Added Pin To Net: NetName=NetR2_U_확휉컏풳?8_1 Pin=VD2_U_확휉컏풳?8-1
Added Pin To Net: NetName=GND Pin=VD2_U_확휉컏풳?8-2
Added Member To Class: ClassName=U_확휉컏풳?1 Member=Component R2_U_확휉컏풳?1 (R2) R
Added Member To Class: ClassName=U_확휉컏풳?2 Member=Component R2_U_확휉컏풳?2 (R2) R
Added Member To Class: ClassName=U_확휉컏풳?3 Member=Component R2_U_확휉컏풳?3 (R2) R
Added Member To Class: ClassName=U_확휉컏풳?4 Member=Component R2_U_확휉컏풳?4 (R2) R
Added Member To Class: ClassName=U_확휉컏풳?5 Member=Component R2_U_확휉컏풳?5 (R2) R
Added Member To Class: ClassName=U_확휉컏풳?6 Member=Component R2_U_확휉컏풳?6 (R2) R
Added Member To Class: ClassName=U_확휉컏풳?8 Member=Component R2_U_확휉컏풳?8 (R2) R
Added Member To Class: ClassName=U_확휉컏풳?1 Member=Component R?_U_확휉컏풳ⅰ (R1) R
Added Member To Class: ClassName=U_확휉컏풳?2 Member=Component R?_U_확휉컏풳ⅱ (R1) R
Added Member To Class: ClassName=U_확휉컏풳?3 Member=Component R?_U_확휉컏풳ⅲ (R1) R
Added Member To Class: ClassName=U_확휉컏풳?4 Member=Component R?_U_확휉컏풳ⅳ (R1) R
Added Member To Class: ClassName=U_확휉컏풳?5 Member=Component R?_U_확휉컏풳ⅴ (R1) R
Added Member To Class: ClassName=U_확휉컏풳?6 Member=Component R?_U_확휉컏풳ⅵ (R1) R
Added Member To Class: ClassName=U_확휉컏풳?8 Member=Component R?_U_확휉컏풳ⅷ (R1) R
Added Member To Class: ClassName=U_확휉컏풳?1 Member=Component VD1_U_확휉컏풳?1 (VD1) L-934(RED)
Added Member To Class: ClassName=U_확휉컏풳?2 Member=Component VD1_U_확휉컏풳?2 (VD1) L-934(RED)
Added Member To Class: ClassName=U_확휉컏풳?3 Member=Component VD1_U_확휉컏풳?3 (VD1) L-934(RED)
Added Member To Class: ClassName=U_확휉컏풳?4 Member=Component VD1_U_확휉컏풳?4 (VD1) L-934(RED)
Added Member To Class: ClassName=U_확휉컏풳?5 Member=Component VD1_U_확휉컏풳?5 (VD1) L-934(RED)
Added Member To Class: ClassName=U_확휉컏풳?6 Member=Component VD1_U_확휉컏풳?6 (VD1) L-934(RED)
Added Member To Class: ClassName=U_확휉컏풳?8 Member=Component VD1_U_확휉컏풳?8 (VD1) L-934(RED)
Added Member To Class: ClassName=U_확휉컏풳?1 Member=Component VD2_U_확휉컏풳?1 (VD2) L-934(GREEN)
Added Member To Class: ClassName=U_확휉컏풳?2 Member=Component VD2_U_확휉컏풳?2 (VD2) L-934(GREEN)
Added Member To Class: ClassName=U_확휉컏풳?3 Member=Component VD2_U_확휉컏풳?3 (VD2) L-934(GREEN)
Added Member To Class: ClassName=U_확휉컏풳?4 Member=Component VD2_U_확휉컏풳?4 (VD2) L-934(GREEN)
Added Member To Class: ClassName=U_확휉컏풳?5 Member=Component VD2_U_확휉컏풳?5 (VD2) L-934(GREEN)
Added Member To Class: ClassName=U_확휉컏풳?6 Member=Component VD2_U_확휉컏풳?6 (VD2) L-934(GREEN)
Added Member To Class: ClassName=U_확휉컏풳?8 Member=Component VD2_U_확휉컏풳?8 (VD2) L-934(GREEN)
Added Room: Name=U_확휉컏풳?1
Added Room: Name=U_확휉컏풳?2
Added Room: Name=U_확휉컏풳?3
Added Room: Name=U_확휉컏풳?4
Added Room: Name=U_확휉컏풳?5
Added Room: Name=U_확휉컏풳?6
Added Room: Name=U_확휉컏풳?8
