Removed Member From Class: ClassName=СОПЮБКЕМХЕ+НРКЮДЙЮ Member=R2_U_яберндхндш?1
Removed Member From Class: ClassName=СОПЮБКЕМХЕ+НРКЮДЙЮ Member=R2_U_яберндхндш?2
Removed Member From Class: ClassName=СОПЮБКЕМХЕ+НРКЮДЙЮ Member=R2_U_яберндхндш?3
Removed Member From Class: ClassName=СОПЮБКЕМХЕ+НРКЮДЙЮ Member=R2_U_яберндхндш?5
Change Component Designator: OldDesignator=R1_U_яберндхндш?1 NewDesignator=R1_8
Change Component Designator: OldDesignator=R1_U_яберндхндш?2 NewDesignator=R1_U_яберндхндш7
Change Component Designator: OldDesignator=R1_U_яберндхндш?3 NewDesignator=R1_U_яберндхндш6
Change Component Designator: OldDesignator=R1_U_яберндхндш?4 NewDesignator=R1_U_яберндхндш5
Change Component Designator: OldDesignator=R1_U_яберндхндш?5 NewDesignator=R1_U_яберндхндш4
Change Component Designator: OldDesignator=R1_U_яберндхндш?6 NewDesignator=R1_U_яберндхндш3
Change Component Designator: OldDesignator=R1_U_яберндхндш?7 NewDesignator=R1_U_яберндхндш2
Change Component Designator: OldDesignator=R1_U_яберндхндш?8 NewDesignator=R1_U_яберндхндш1
Change Component Designator: OldDesignator=R2_U_яберндхндш?1 NewDesignator=R2_8
Change Component Designator: OldDesignator=R2_U_яберндхндш?2 NewDesignator=R2_U_яберндхндш7
Change Component Designator: OldDesignator=R2_U_яберндхндш?3 NewDesignator=R2_U_яберндхндш6
Change Component Designator: OldDesignator=R2_U_яберндхндш?4 NewDesignator=R2_U_яберндхндш5
Change Component Designator: OldDesignator=R2_U_яберндхндш?5 NewDesignator=R2_U_яберндхндш4
Change Component Designator: OldDesignator=R2_U_яберндхндш?6 NewDesignator=R2_U_яберндхндш3
Change Component Designator: OldDesignator=R2_U_яберндхндш?7 NewDesignator=R2_U_яберндхндш2
Change Component Designator: OldDesignator=R2_U_яберндхндш?8 NewDesignator=R2_U_яберндхндш1
Change Component Designator: OldDesignator=VD1_U_яберндхндш?1 NewDesignator=VD1_8
Change Component Designator: OldDesignator=VD1_U_яберндхндш?2 NewDesignator=VD1_U_яберндхндш7
Change Component Designator: OldDesignator=VD1_U_яберндхндш?3 NewDesignator=VD1_U_яберндхндш6
Change Component Designator: OldDesignator=VD1_U_яберндхндш?4 NewDesignator=VD1_U_яберндхндш5
Change Component Designator: OldDesignator=VD1_U_яберндхндш?5 NewDesignator=VD1_U_яберндхндш4
Change Component Designator: OldDesignator=VD1_U_яберндхндш?6 NewDesignator=VD1_U_яберндхндш3
Change Component Designator: OldDesignator=VD1_U_яберндхндш?7 NewDesignator=VD1_U_яберндхндш2
Change Component Designator: OldDesignator=VD1_U_яберндхндш?8 NewDesignator=VD1_U_яберндхндш1
Change Component Designator: OldDesignator=VD2_U_яберндхндш?1 NewDesignator=VD2_8
Change Component Designator: OldDesignator=VD2_U_яберндхндш?2 NewDesignator=VD2_U_яберндхндш7
Change Component Designator: OldDesignator=VD2_U_яберндхндш?3 NewDesignator=VD2_U_яберндхндш6
Change Component Designator: OldDesignator=VD2_U_яберндхндш?4 NewDesignator=VD2_U_яберндхндш5
Change Component Designator: OldDesignator=VD2_U_яберндхндш?5 NewDesignator=VD2_U_яберндхндш4
Change Component Designator: OldDesignator=VD2_U_яберндхндш?6 NewDesignator=VD2_U_яберндхндш3
Change Component Designator: OldDesignator=VD2_U_яберндхндш?7 NewDesignator=VD2_U_яберндхндш2
Change Component Designator: OldDesignator=VD2_U_яберндхндш?8 NewDesignator=VD2_U_яберндхндш1
Change Net Name : Old Net Name=NetR1_U_яберндхндш?1_1 New Net Name=NetR1_8_1
Change Net Name : Old Net Name=NetR1_U_яберндхндш?2_1 New Net Name=NetR1_U_яберндхндш7_1
Change Net Name : Old Net Name=NetR1_U_яберндхндш?3_1 New Net Name=NetR1_U_яберндхндш6_1
Change Net Name : Old Net Name=NetR1_U_яберндхндш?4_1 New Net Name=NetR1_U_яберндхндш5_1
Change Net Name : Old Net Name=NetR1_U_яберндхндш?5_1 New Net Name=NetR1_U_яберндхндш4_1
Change Net Name : Old Net Name=NetR1_U_яберндхндш?6_1 New Net Name=NetR1_U_яберндхндш3_1
Change Net Name : Old Net Name=NetR1_U_яберндхндш?7_1 New Net Name=NetR1_U_яберндхндш2_1
Change Net Name : Old Net Name=NetR1_U_яберндхндш?8_1 New Net Name=NetR1_U_яберндхндш1_1
Change Net Name : Old Net Name=NetR2_U_яберндхндш?1_1 New Net Name=NetR2_8_1
Change Net Name : Old Net Name=NetR2_U_яберндхндш?2_1 New Net Name=NetR2_U_яберндхндш7_1
Change Net Name : Old Net Name=NetR2_U_яберндхндш?3_1 New Net Name=NetR2_U_яберндхндш6_1
Change Net Name : Old Net Name=NetR2_U_яберндхндш?4_1 New Net Name=NetR2_U_яберндхндш5_1
Change Net Name : Old Net Name=NetR2_U_яберндхндш?5_1 New Net Name=NetR2_U_яберндхндш4_1
Change Net Name : Old Net Name=NetR2_U_яберндхндш?6_1 New Net Name=NetR2_U_яберндхндш3_1
Change Net Name : Old Net Name=NetR2_U_яберндхндш?7_1 New Net Name=NetR2_U_яберндхндш2_1
Change Net Name : Old Net Name=NetR2_U_яберндхндш?8_1 New Net Name=NetR2_U_яберндхндш1_1
Change Class Name : Old Net Name=U_яберндхндш?1 New Net Name=8
Change Class Name : Old Net Name=U_яберндхндш?2 New Net Name=U_яберндхндш7
Change Class Name : Old Net Name=U_яберндхндш?3 New Net Name=U_яберндхндш6
Change Class Name : Old Net Name=U_яберндхндш?4 New Net Name=U_яберндхндш5
Change Class Name : Old Net Name=U_яберндхндш?5 New Net Name=U_яберндхндш4
Change Class Name : Old Net Name=U_яберндхндш?6 New Net Name=U_яберндхндш3
Change Class Name : Old Net Name=U_яберндхндш?7 New Net Name=U_яберндхндш2
Change Class Name : Old Net Name=U_яберндхндш?8 New Net Name=U_яберндхндш1
Added Member To Class: ClassName=СОПЮБКЕМХЕ+НРКЮДЙЮ Member=Component BH3 BH14(3)
Added Member To Class: ClassName=СОПЮБКЕМХЕ+НРКЮДЙЮ Member=Component R3 Comment
Added Member To Class: ClassName=СОПЮБКЕМХЕ+НРКЮДЙЮ Member=Component R12 R
Added Member To Class: ClassName=СОПЮБКЕМХЕ+НРКЮДЙЮ Member=Component R13 R
Added Member To Class: ClassName=СОПЮБКЕМХЕ+НРКЮДЙЮ Member=Component R14 R
Change Room Name: Old Name=U_яберндхндш?7 New Name=U_яберндхндш6
Change Room Scope: Old Scope=InComponentClass('U_яберндхндш?7') New Scope=InComponentClass('U_яберндхндш6')
Added Room: Name=8
Added Room: Name=U_яберндхндш1
Added Room: Name=U_яберндхндш2
Added Room: Name=U_яберндхндш3
Added Room: Name=U_яберндхндш4
Added Room: Name=U_яберндхндш5
Added Room: Name=U_яберндхндш7
