Removed Pin From Net: NetName=+3.3 Pin=BH3-13
Removed Member From Class: ClassName=U_확휉컏풳ⅶ Member=R25
Removed Member From Class: ClassName=U_확휉컏풳ⅰ Member=R26
Removed Member From Class: ClassName=U_확휉컏풳ⅵ Member=R28
Added Pin To Net: NetName=+3.3 Pin=BH3-7
Change Net Name : Old Net Name=NetR1_U_확휉컏풳ⅰ_1 New Net Name=NetR10_1
Change Net Name : Old Net Name=NetR1_U_확휉컏풳ⅱ_1 New Net Name=NetR9_1
Change Net Name : Old Net Name=NetR1_U_확휉컏풳ⅲ_1 New Net Name=NetR11_1
Change Net Name : Old Net Name=NetR1_U_확휉컏풳ⅳ_1 New Net Name=NetR13_1
Change Net Name : Old Net Name=NetR1_U_확휉컏풳ⅴ_1 New Net Name=NetR15_1
Change Net Name : Old Net Name=NetR1_U_확휉컏풳ⅵ_1 New Net Name=NetR14_1
Change Net Name : Old Net Name=NetR1_U_확휉컏풳ⅶ_1 New Net Name=NetR12_1
Change Net Name : Old Net Name=NetR1_U_확휉컏풳ⅷ_1 New Net Name=NetR16_1
Change Net Name : Old Net Name=NetR2_U_확휉컏풳ⅰ_1 New Net Name=NetR18_1
Change Net Name : Old Net Name=NetR2_U_확휉컏풳ⅱ_1 New Net Name=NetR17_1
Change Net Name : Old Net Name=NetR2_U_확휉컏풳ⅲ_1 New Net Name=NetR19_1
Change Net Name : Old Net Name=NetR2_U_확휉컏풳ⅳ_1 New Net Name=NetR21_1
Change Net Name : Old Net Name=NetR2_U_확휉컏풳ⅴ_1 New Net Name=NetR23_1
Change Net Name : Old Net Name=NetR2_U_확휉컏풳ⅵ_1 New Net Name=NetR22_1
Change Net Name : Old Net Name=NetR2_U_확휉컏풳ⅶ_1 New Net Name=NetR20_1
Change Net Name : Old Net Name=NetR2_U_확휉컏풳ⅷ_1 New Net Name=NetR24_1
Added Member To Class: ClassName=U_확휉컏풳ⅰ Member=Component R10 (R1) R
Added Member To Class: ClassName=U_확휉컏풳ⅶ Member=Component R12 (R1) R
Added Member To Class: ClassName=U_확휉컏풳ⅵ Member=Component R14 (R1) R
