Removed Pin From Net: NetName=NetBH3_1 Pin=BH1-8
Removed Pin From Net: NetName=NetBH3_2 Pin=BH1-9
Removed Pin From Net: NetName=NetBH3_3 Pin=BH1-10
Removed Pin From Net: NetName=NetBH3_4 Pin=BH1-11
Removed Pin From Net: NetName=NetBH3_5 Pin=BH1-12
Removed Pin From Net: NetName=NetBH3_6 Pin=BH1-13
Removed Pin From Net: NetName=NetBH2_1 Pin=BH2-8
Removed Pin From Net: NetName=NetBH2_2 Pin=BH2-9
Removed Pin From Net: NetName=NetBH2_3 Pin=BH2-10
Removed Pin From Net: NetName=NetBH2_4 Pin=BH2-11
Removed Pin From Net: NetName=NetBH2_5 Pin=BH2-12
Removed Pin From Net: NetName=пх Pin=BH2-13
Removed Pin From Net: NetName=ца1 Pin=BH3-1
Removed Pin From Net: NetName=ца2 Pin=BH3-2
Removed Pin From Net: NetName=ца3 Pin=BH3-3
Removed Pin From Net: NetName=ца4 Pin=BH3-4
Removed Pin From Net: NetName=ца5 Pin=BH3-5
Removed Pin From Net: NetName=ца6 Pin=BH3-6
Removed Pin From Net: NetName=ца7 Pin=BH3-7
Removed Pin From Net: NetName=ца8 Pin=BH3-8
Removed Pin From Net: NetName=+3.3 Pin=BH3-9
Removed Pin From Net: NetName=GND Pin=BH3-12
Removed Pin From Net: NetName=+3.3 Pin=IDC1-4
Removed Pin From Net: NetName=GND Pin=IDC1-9
Removed Member From Class: ClassName=СОПЮБКЕМХЕ+НРКЮДЙЮ Member=IDC1
Removed Member From Class: ClassName=U_яберндхндш?6 Member=R2
Removed Member From Class: ClassName=U_яберндхндш?1 Member=R16
Removed Member From Class: ClassName=СОПЮБКЕМХЕ+НРКЮДЙЮ Member=R20
Change Component Designator: OldDesignator=BH1 NewDesignator=BH3
Change Component Designator: OldDesignator=C1 NewDesignator=C2
Change Component Designator: OldDesignator=C2 NewDesignator=C4
Change Component Designator: OldDesignator=C4 NewDesignator=C1
Change Component Designator: OldDesignator=R1 NewDesignator=R11
Change Component Designator: OldDesignator=R2 NewDesignator=R9
Change Component Designator: OldDesignator=R3 NewDesignator=R7
Change Component Designator: OldDesignator=R4 NewDesignator=R6
Change Component Designator: OldDesignator=R6 NewDesignator=R8
Change Component Designator: OldDesignator=R7 NewDesignator=R4
Change Component Designator: OldDesignator=R8 NewDesignator=R2_U_яберндхндш?5
Change Component Designator: OldDesignator=R9 NewDesignator=R2_U_яберндхндш?6
Change Component Designator: OldDesignator=R10 NewDesignator=R2_U_яберндхндш?7
Change Component Designator: OldDesignator=R11 NewDesignator=R2_U_яберндхндш?8
Change Component Designator: OldDesignator=R12 NewDesignator=R2_U_яберндхндш?1
Change Component Designator: OldDesignator=R13 NewDesignator=R2_U_яберндхндш?2
Change Component Designator: OldDesignator=R14 NewDesignator=R2_U_яберндхндш?3
Change Component Designator: OldDesignator=R15 NewDesignator=R2_U_яберндхндш?4
Change Component Designator: OldDesignator=R16 NewDesignator=R12
Change Component Designator: OldDesignator=R17 NewDesignator=R10
Change Component Designator: OldDesignator=R18 NewDesignator=R13
Change Component Designator: OldDesignator=R19 NewDesignator=R14
Change Component Designator: OldDesignator=R20 NewDesignator=R3
Change Component Designator: OldDesignator=R NewDesignator=R1_U_яберндхндш?1
Change Component Designator: OldDesignator=R NewDesignator=R1_U_яберндхндш?2
Change Component Designator: OldDesignator=R NewDesignator=R1_U_яберндхндш?3
Change Component Designator: OldDesignator=R NewDesignator=R1_U_яберндхндш?4
Change Component Designator: OldDesignator=R NewDesignator=R1_U_яберндхндш?5
Change Component Designator: OldDesignator=R NewDesignator=R1_U_яберндхндш?6
Change Component Designator: OldDesignator=R NewDesignator=R1_U_яберндхндш?7
Change Component Designator: OldDesignator=R NewDesignator=R1_U_яберндхндш?8
Change Component Designator: OldDesignator=SB1 NewDesignator=SB2
Change Component Designator: OldDesignator=SB2 NewDesignator=SB1
Change Component Designator: OldDesignator=VD1 NewDesignator=VD1_U_яберндхндш?5
Change Component Designator: OldDesignator=VD2 NewDesignator=VD1_U_яберндхндш?6
Change Component Designator: OldDesignator=VD3 NewDesignator=VD1_U_яберндхндш?7
Change Component Designator: OldDesignator=VD4 NewDesignator=VD1_U_яберндхндш?8
Change Component Designator: OldDesignator=VD5 NewDesignator=VD1_U_яберндхндш?1
Change Component Designator: OldDesignator=VD6 NewDesignator=VD1_U_яберндхндш?2
Change Component Designator: OldDesignator=VD7 NewDesignator=VD1_U_яберндхндш?3
Change Component Designator: OldDesignator=VD8 NewDesignator=VD1_U_яберндхндш?4
Change Component Designator: OldDesignator=VD9 NewDesignator=VD2_U_яберндхндш?5
Change Component Designator: OldDesignator=VD10 NewDesignator=VD2_U_яберндхндш?6
Change Component Designator: OldDesignator=VD11 NewDesignator=VD2_U_яберндхндш?7
Change Component Designator: OldDesignator=VD12 NewDesignator=VD2_U_яберндхндш?8
Change Component Designator: OldDesignator=VD13 NewDesignator=VD2_U_яберндхндш?1
Change Component Designator: OldDesignator=VD14 NewDesignator=VD2_U_яберндхндш?3
Change Component Designator: OldDesignator=VD15 NewDesignator=VD2_U_яберндхндш?4
Change Component Designator: OldDesignator=VD16 NewDesignator=VD2_U_яберндхндш?2
Added Pin To Net: NetName=ца1 Pin=BH2-7
Added Pin To Net: NetName=ца2 Pin=BH2-8
Added Pin To Net: NetName=ца3 Pin=BH2-9
Added Pin To Net: NetName=ца4 Pin=BH2-10
Added Pin To Net: NetName=ца5 Pin=BH2-11
Added Pin To Net: NetName=ца6 Pin=BH2-12
Added Pin To Net: NetName=ца7 Pin=BH2-13
Added Pin To Net: NetName=ца8 Pin=BH2-14
Added Pin To Net: NetName=+3.3 Pin=BH3-13
Added Pin To Net: NetName=GND Pin=BH3-14
Change Net Name : Old Net Name=NetR?_U_яберндхндш1_1 New Net Name=NetR1_U_яберндхндш?1_1
Change Net Name : Old Net Name=NetR?_U_яберндхндш2_1 New Net Name=NetR1_U_яберндхндш?2_1
Change Net Name : Old Net Name=NetR?_U_яберндхндш3_1 New Net Name=NetR1_U_яберндхндш?3_1
Change Net Name : Old Net Name=NetR?_U_яберндхндш4_1 New Net Name=NetR1_U_яберндхндш?4_1
Change Net Name : Old Net Name=NetR?_U_яберндхндш5_1 New Net Name=NetR1_U_яберндхндш?5_1
Change Net Name : Old Net Name=NetR?_U_яберндхндш6_1 New Net Name=NetR1_U_яберндхндш?6_1
Change Net Name : Old Net Name=NetR?_U_яберндхндш7_1 New Net Name=NetR1_U_яберндхндш?7_1
Change Net Name : Old Net Name=NetR?_U_яберндхндш8_1 New Net Name=NetR1_U_яберндхндш?8_1
Added Member To Class: ClassName=U_яберндхндш?1 Member=Component R1_U_яберндхндш?1 (R1) R
Added Member To Class: ClassName=U_яберндхндш?2 Member=Component R1_U_яберндхндш?2 (R1) R
Added Member To Class: ClassName=U_яберндхндш?3 Member=Component R1_U_яберндхндш?3 (R1) R
Added Member To Class: ClassName=U_яберндхндш?4 Member=Component R1_U_яберндхндш?4 (R1) R
Added Member To Class: ClassName=U_яберндхндш?5 Member=Component R1_U_яберндхндш?5 (R1) R
Added Member To Class: ClassName=U_яберндхндш?6 Member=Component R1_U_яберндхндш?6 (R1) R
Added Member To Class: ClassName=U_яберндхндш?7 Member=Component R1_U_яберндхндш?7 (R1) R
Added Member To Class: ClassName=U_яберндхндш?8 Member=Component R1_U_яберндхндш?8 (R1) R
Added Member To Class: ClassName=U_яберндхндш?1 Member=Component R2_U_яберндхндш?1 (R2) R
Added Member To Class: ClassName=U_яберндхндш?6 Member=Component R2_U_яберндхндш?6 (R2) R
Added Member To Class: ClassName=СОПЮБКЕМХЕ+НРКЮДЙЮ Member=Component R8 R
