Change Component Physical Designator: Old Designator=R1_U_확휉컏풳ⅰ New Designator=R10
Change Component Physical Designator: Old Designator=R1_U_확휉컏풳ⅱ New Designator=R9
Change Component Physical Designator: Old Designator=R1_U_확휉컏풳ⅲ New Designator=R11
Change Component Physical Designator: Old Designator=R1_U_확휉컏풳ⅳ New Designator=R13
Change Component Physical Designator: Old Designator=R1_U_확휉컏풳ⅴ New Designator=R15
Change Component Physical Designator: Old Designator=R1_U_확휉컏풳ⅵ New Designator=R14
Change Component Physical Designator: Old Designator=R1_U_확휉컏풳ⅶ New Designator=R12
Change Component Physical Designator: Old Designator=R1_U_확휉컏풳ⅷ New Designator=R16
Change Component Physical Designator: Old Designator=R2_U_확휉컏풳ⅰ New Designator=R18
Change Component Physical Designator: Old Designator=R2_U_확휉컏풳ⅱ New Designator=R17
Change Component Physical Designator: Old Designator=R2_U_확휉컏풳ⅲ New Designator=R19
Change Component Physical Designator: Old Designator=R2_U_확휉컏풳ⅳ New Designator=R21
Change Component Physical Designator: Old Designator=R2_U_확휉컏풳ⅴ New Designator=R23
Change Component Physical Designator: Old Designator=R2_U_확휉컏풳ⅵ New Designator=R22
Change Component Physical Designator: Old Designator=R2_U_확휉컏풳ⅶ New Designator=R20
Change Component Physical Designator: Old Designator=R2_U_확휉컏풳ⅷ New Designator=R24
Change Component Physical Designator: Old Designator=R3 New Designator=R1
Change Component Physical Designator: Old Designator=R4 New Designator=R8
Change Component Physical Designator: Old Designator=R5 New Designator=R3
Change Component Physical Designator: Old Designator=R6 New Designator=R4
Change Component Physical Designator: Old Designator=R7 New Designator=R5
Change Component Physical Designator: Old Designator=R8 New Designator=R7
Change Component Physical Designator: Old Designator=R9 New Designator=R6
Change Component Physical Designator: Old Designator=R10 New Designator=R26
Change Component Physical Designator: Old Designator=R11 New Designator=R2
Change Component Physical Designator: Old Designator=R12 New Designator=R25
Change Component Physical Designator: Old Designator=R13 New Designator=R27
Change Component Physical Designator: Old Designator=R14 New Designator=R28
Change Component Physical Designator: Old Designator=SB1 New Designator=SB2
Change Component Physical Designator: Old Designator=SB2 New Designator=SB1
Change Component Physical Designator: Old Designator=VD1_U_확휉컏풳ⅰ New Designator=VD2
Change Component Physical Designator: Old Designator=VD1_U_확휉컏풳ⅱ New Designator=VD1
Change Component Physical Designator: Old Designator=VD1_U_확휉컏풳ⅲ New Designator=VD3
Change Component Physical Designator: Old Designator=VD1_U_확휉컏풳ⅳ New Designator=VD5
Change Component Physical Designator: Old Designator=VD1_U_확휉컏풳ⅴ New Designator=VD6
Change Component Physical Designator: Old Designator=VD1_U_확휉컏풳ⅵ New Designator=VD7
Change Component Physical Designator: Old Designator=VD1_U_확휉컏풳ⅶ New Designator=VD4
Change Component Physical Designator: Old Designator=VD1_U_확휉컏풳ⅷ New Designator=VD8
Change Component Physical Designator: Old Designator=VD2_U_확휉컏풳ⅰ New Designator=VD10
Change Component Physical Designator: Old Designator=VD2_U_확휉컏풳ⅱ New Designator=VD9
Change Component Physical Designator: Old Designator=VD2_U_확휉컏풳ⅲ New Designator=VD11
Change Component Physical Designator: Old Designator=VD2_U_확휉컏풳ⅳ New Designator=VD13
Change Component Physical Designator: Old Designator=VD2_U_확휉컏풳ⅴ New Designator=VD14
Change Component Physical Designator: Old Designator=VD2_U_확휉컏풳ⅵ New Designator=VD15
Change Component Physical Designator: Old Designator=VD2_U_확휉컏풳ⅶ New Designator=VD12
Change Component Physical Designator: Old Designator=VD2_U_확휉컏풳ⅷ New Designator=VD16
